..\\..\\Transactions\\common_lib.h(205):     access-control-allow-origin: *\r\n
..\\..\\Transactions\\common_lib.h(205):     accept: text/xml, text/html, image/gif, image/jpeg, *; q=.2, */*; q=.2\r\n
..\\..\\Transactions\\common_lib.h(205):     soapaction: ""\r\n
..\\..\\Transactions\\common_lib.h(205):     strict-transport-security: max-age=31536000; includeSubDomains; preload\r\n
..\\..\\Transactions\\common_lib.h(205):     \r\n
..\\..\\Transactions\\common_lib.h(205): t=32667ms: 402-byte response body for "https://www.advantageonlineshopping.com/accountservice/ws/AccountLogoutRequest" (RelFrameId=1, Internal ID=37)
..\\..\\Transactions\\common_lib.h(205):     <SOAP-ENV:Envelope xmlns:SOAP-ENV="http://schemas.xmlsoap.org/soap/envelope/"><SOAP-ENV:He
..\\..\\Transactions\\common_lib.h(205):     ader/><SOAP-ENV:Body><ns2:AccountLogoutResponse xmlns:ns2="com.advantage.online.store.acco
..\\..\\Transactions\\common_lib.h(205):     untservice"><ns2:StatusMessage><ns2:success>true</ns2:success><ns2:userId>964281101</ns2:u
..\\..\\Transactions\\common_lib.h(205):     serId><ns2:reason>Logout Successful</ns2:reason></ns2:StatusMessage></ns2:AccountLogoutRes
..\\..\\Transactions\\common_lib.h(205):     ponse></SOAP-ENV:Body></SOAP-ENV:Envelope>
..\\..\\Transactions\\common_lib.h(205): t=32668ms: Request done "https://www.advantageonlineshopping.com/accountservice/ws/AccountLogoutRequest"  	[MsgId: MMSG-26000]
..\\..\\Transactions\\common_lib.h(205): Registered web_reg_find successful for "Text=Logout Successful" (count=1)  	[MsgId: MMSG-26364]
..\\..\\Transactions\\common_lib.h(205): web_custom_request("AccountLogoutRequest") was successful, 402 body bytes, 735 header bytes  	[MsgId: MMSG-26386]
..\\..\\Transactions\\common_lib.h(217): Notify: Transaction "Logout" ended with a "Pass" status (Duration: 0,3756 Wasted Time: 0,0000).	[MsgId: MMSG-16871]
Action.c(92): Notify: Transaction "US6_Add_Product_to_Cart" ended with a "Pass" status (Duration: 32,3278 Think Time: 20,0428 Wasted Time: 0,0089).	[MsgId: MMSG-16870]
Ending action Action.	[MsgId: MMSG-15918]
Ending iteration 1.	[MsgId: MMSG-15965]
Waiting 43,6700 seconds for iteration pacing.	[MsgId: MMSG-15996]
Action was aborted.	[MsgId: MMSG-10694]
Ending Vuser...	[MsgId: MMSG-15966]
Starting action vuser_end.	[MsgId: MMSG-15919]
Ending action vuser_end.	[MsgId: MMSG-15918]
Vuser Terminated.	[MsgId: MMSG-15963]
t=51421ms: Closed connection [0] to www.advantageonlineshopping.com:443 after completing 0 request(s)  	[MsgId: MMSG-26000]
t=51421ms: Closed connection [1] to www.googletagmanager.com:443 after completing 0 request(s)  	[MsgId: MMSG-26000]
HTML-Mode memory management statistics: Reusable=1, NonReusable=0, CsMemBlockSize=4096, checks disabled  	[MsgId: MMSG-26000]
Vuser 0 (thread 2132), ended OK."	[MsgId: MMSG-10695]
