Action.c(221):     2:isoName>bj</ns2:isoName><ns2:phonePrefix>229</ns2:phonePrefix></ns2:Country><ns2:Country
Action.c(221):     ><ns2:id>59</ns2:id><ns2:name>Bermuda</ns2:name><ns2:isoName>bm</ns2:isoName><ns2:phonePre
Action.c(221):     fix>1441</ns2:phonePrefix></ns2:Country><ns2:Country><ns2:id>42</ns2:id><ns2:name>Bhutan</
Action.c(221):     ns2:name><ns2:isoName>bt</ns2:isoName><ns2:phonePrefix>975</ns2:phonePrefix></ns2:Country>
Action.c(221):     <ns2:Country><ns2:id>45</ns2:id><ns2:name>Bolivia</ns2:name><ns2:isoName>bo</ns2:isoName><
Action.c(221):     ns2:phonePrefix>591</ns2:phonePrefix></ns2:Country><ns2:Country><ns2:id>46</ns2:id><ns2:na
Action.c(221):     me>Bonaire</ns2:name><ns2:isoName>an</ns2:isoName><ns2:phonePrefix>5997</ns2:phonePrefix><
Action.c(221):     /ns2:Country><ns2:Country><ns2:id>47</ns2:id><ns2:name>Bosnia and Herzegovina</ns2:name><n
Action.c(221):     s2:isoName>ba</ns2:isoName><ns2:phonePrefix>387</ns2:phonePrefix></ns2:Country><ns2:Countr
Action.c(221):     y><ns2:id>43</ns2:id><ns2:name>Botswana</ns2:name><ns2:isoName>bw</ns2:isoName><ns2:phoneP
Action.c(221):     refix>267</ns2:phonePrefix></ns2:Country><ns2:Country><ns2:id>58</ns2:id><ns2:name>Brazil<
Action.c(221):     /ns2:name><ns2:isoName>br</ns2:isoName><ns2:phonePrefix>55</ns2:phonePrefix></ns2:Country>
Action.c(221):     <ns2:Country><ns2:id>57</ns2:id><ns2:name>Brunei</ns2:name><ns2:isoName>bn</ns2:isoName><n
Action.c(221):     s2:phonePrefix>673</ns2:phonePrefix></ns2:Country><ns2:Country><ns2:id>44</ns2:id><ns2:nam
Action.c(221):     e>Bulgaria</ns2:name><ns2:isoName>bg</ns2:isoName><ns2:phonePrefix>359</ns2:phonePrefix></
Action.c(221):     ns2:Country><ns2:Country><ns2:id>49</ns2:id><ns2:name>Burkina Faso</ns2:name><ns2:isoName>
Action.c(221):     bf</ns2:isoName><ns2:phonePrefix>226</ns2:phonePrefix></ns2:Country><ns2:Country><ns2:id>4
Action.c(221):     8</ns2:id><ns2:name>Burundi </ns2:name><ns2:isoName>bi</ns2:isoName><ns2:phonePrefix>257</
Action.c(221):     ns2:phonePrefix></ns2:Country><ns2:Country><ns2:id>225</ns2:id><ns2:name>Cambodia</ns2:nam
Action.c(221):     e><ns2:isoName>kh</ns2:isoName><ns2:phonePrefix>855</ns2:phonePrefix></ns2:Country><ns2:Co
Action.c(221):     untry><ns2:id>226</ns2:id><ns2:name>Cameroon</ns2:name><ns2:isoName>cm</ns2:isoName><ns2:p
Action.c(221):     honePrefix>237</ns2:phonePrefix></ns2:Country><ns2:Country><ns2:id>227</ns2:id><ns2:name>C
Action.c(221):     anada</ns2:name><ns2:isoName>ca</ns2:isoName><ns2:phonePrefix>1</ns2:phonePrefix></ns2:Cou
Action.c(221):     ntry><ns2:Country><ns2:id>90</ns2:id><ns2:name>Canary Islands</ns2:name><ns2:isoName>es</n
Action.c(221):     s2:isoName><ns2:phonePrefix>34</ns2:phonePrefix></ns2:Country><ns2:Country><ns2:id>128</ns
Action.c(221):     2:id><ns2:name>Cape Verde aranelle</ns2:name><ns2:isoName>cv</ns2:isoName><ns2:phonePrefix
Action.c(221):     >238</ns2:phonePrefix></ns2:Country><ns2:Country><ns2:id>19</ns2:id><ns2:name>Cayman Islan
Action.c(221):     ds</ns2:name><ns2:isoName>ky</ns2:isoName><ns2:phonePrefix>1345</ns2:phonePrefix></ns2:Cou
Action.c(221):     ntry><ns2:Country><ns2:id>102</ns2:id><ns2:name>Central African Republic</ns2:name><ns2:is
Action.c(221):     oName>cf</ns2:isoName><ns2:phonePrefix>236</ns2:phonePrefix></ns2:Country><ns2:Country><ns
Action.c(221):     2:id>208</ns2:id><ns2:name>Chad</ns2:name><ns2:isoName>td</ns2:isoName><ns2:phonePrefix>23
Action.c(221):     5</ns2:phonePrefix></ns2:Country><ns2:Country><ns2:id>209</ns2:id><ns2:name>Chile</ns2:nam
Action.c(221):     e><ns2:isoName>cl</ns2:isoName><ns2:phonePrefix>56</ns2:phonePrefix></ns2:Country><ns2:Cou
Action.c(221):     ntry><ns2:id>177</ns2:id><ns2:name>China</ns2:name><ns2:isoName>cn</ns2:isoName><ns2:phone
Action.c(221):     Prefix>86</ns2:phonePrefix></ns2:Country><ns2:Country><ns2:id>214</ns2:id><ns2:name>Colomb
Action.c(221):     ia</ns2:name><ns2:isoName>co</ns2:isoName><ns2:phonePrefix>57</ns2:phonePrefix></ns2:Count
Action.c(221):     ry><ns2:Country><ns2:id>215</ns2:id><ns2:name>Comoro Islands</ns2:name><ns2:isoName>km</ns
Action.c(221):     2:isoName><ns2:phonePrefix>269</ns2:phonePrefix></ns2:Country><ns2:Country><ns2:id>103</ns
Action.c(221):     2:id><ns2:name>Congo</ns2:name><ns2:isoName>cg</ns2:isoName><ns2:phonePrefix>242</ns2:phon
Action.c(221):     ePrefix></ns2:Country><ns2:Country><ns2:id>18</ns2:id><ns2:name>Cook Islands</ns2:name><ns
Action.c(221):     2:isoName>ck</ns2:isoName><ns2:phonePrefix>682</ns2:phonePrefix></ns2:Country><ns2:Country
Action.c(221):     ><ns2:id>217</ns2:id><ns2:name>Costa Rica</ns2:name><ns2:isoName>cr</ns2:isoName><ns2:phon
Action.c(221):     ePrefix>506</ns2:phonePrefix></ns2:Country><ns2:Country><ns2:id>230</ns2:id><ns2:name>Croa
Action.c(221):     tia</ns2:name><ns2:isoName>hr</ns2:isoName><ns2:phonePrefix>385</ns2:phonePrefix></ns2:Cou
Action.c(221):     ntry><ns2:Country><ns2:id>213</ns2:id><ns2:name>Cuba</ns2:name><ns2:isoName>cu</ns2:isoNam
Action.c(221):     e><ns2:phonePrefix>53</ns2:phonePrefix></ns2:Country><ns2:Country><ns2:id>229</ns2:id><ns2
Action.c(221):     :name>Cyprus</ns2:name><ns2:isoName>cy</ns2:isoName><ns2:phonePrefix>357</ns2:phonePrefix>
Action.c(221):     </ns2:Country><ns2:Country><ns2:id>210</ns2:id><ns2:name>Czech Republic</ns2:name><ns2:iso
Action.c(221):     Name>cz</ns2:isoName><ns2:phonePrefix>420</ns2:phonePrefix></ns2:Country><ns2:Country><ns2
Action.c(221):     :id>101</ns2:id><ns2:name>Democratic Republic of Congo</ns2:name><ns2:isoName>cd</ns2:isoN
Action.c(221):     ame><ns2:phonePrefix>243</ns2:phonePrefix></ns2:Country><ns2:Country><ns2:id>82</ns2:id><n
Action.c(221):     s2:name>Denmark</ns2:name><ns2:isoName>dk</ns2:isoName><ns2:phonePrefix>45</ns2:phonePrefi
Action.c(221):     x></ns2:Country><ns2:Country><ns2:id>61</ns2:id><ns2:name>Djibouti</ns2:name><ns2:isoName>
Action.c(221):     dj</ns2:isoName><ns2:phonePrefix>253</ns2:phonePrefix></ns2:Country><ns2:Country><ns2:id>8
Action.c(221):     1</ns2:id><ns2:name>Dominica</ns2:name><ns2:isoName>dm</ns2:isoName><ns2:phonePrefix>1767<
Action.c(221):     /ns2:phonePrefix></ns2:Country><ns2:Country><ns2:id>100</ns2:id><ns2:name>Dominican Republ
Action.c(221):     ic</ns2:name><ns2:isoName>do</ns2:isoName><ns2:phonePrefix>1809</ns2:phonePrefix></ns2:Cou
Action.c(221):     ntry><ns2:Country><ns2:id>91</ns2:id><ns2:name>Dutch (Netherlands)); Antilles</ns2:name><n
Action.c(221):     s2:isoName>an</ns2:isoName><ns2:phonePrefix>599</ns2:phonePrefix></ns2:Country><ns2:Countr
Action.c(221):     y><ns2:id>148</ns2:id><ns2:name>East Timor</ns2:name><ns2:isoName>tl</ns2:isoName><ns2:pho
Action.c(221):     nePrefix>670</ns2:phonePrefix></ns2:Country><ns2:Country><ns2:id>35</ns2:id><ns2:name>Ecua
Action.c(221):     dor</ns2:name><ns2:isoName>ec</ns2:isoName><ns2:phonePrefix>593</ns2:phonePrefix></ns2:Cou
Action.c(221):     ntry><ns2:Country><ns2:id>155</ns2:id><ns2:name>Egypt</ns2:name><ns2:isoName>eg</ns2:isoNa
Action.c(221):     me><ns2:phonePrefix>20</ns2:phonePrefix></ns2:Country><ns2:Country><ns2:id>25</ns2:id><ns2
Action.c(221):     :name>El Salvador</ns2:name><ns2:isoName>sv</ns2:isoName><ns2:phonePrefix>503</ns2:phonePr
Action.c(221):     efix></ns2:Country><ns2:Country><ns2:id>30</ns2:id><ns2:name>England</ns2:name><ns2:isoNam
Action.c(221):     e>uk</ns2:isoName><ns2:phonePrefix>44</ns2:phonePrefix></ns2:Country><ns2:Country><ns2:id>
Action.c(221):     75</ns2:id><ns2:name>Equatorial Guinea</ns2:name><ns2:isoName>gq</ns2:isoName><ns2:phonePr
Action.c(221):     efix>240</ns2:phonePrefix></ns2:Country><ns2:Country><ns2:id>38</ns2:id><ns2:name>Eritrea 
Action.c(221):     </ns2:name><ns2:isoName>er</ns2:isoName><ns2:phonePrefix>291</ns2:phonePrefix></ns2:Countr
Action.c(221):     y><ns2:Country><ns2:id>33</ns2:id><ns2:name>Estonia</ns2:name><ns2:isoName>ee</ns2:isoName
Action.c(221):     ><ns2:phonePrefix>372</ns2:phonePrefix></ns2:Country><ns2:Country><ns2:id>41</ns2:id><ns2:
Action.c(221):     name>Ethiopia</ns2:name><ns2:isoName>et</ns2:isoName><ns2:phonePrefix>251</ns2:phonePrefix
Action.c(221):     ></ns2:Country><ns2:Country><ns2:id>17</ns2:id><ns2:name>Falkland Islands</ns2:name><ns2:i
Action.c(221):     soName>fk</ns2:isoName><ns2:phonePrefix>500</ns2:phonePrefix></ns2:Country><ns2:Country><n
Action.c(221):     s2:id>201</ns2:id><ns2:name>Fiji</ns2:name><ns2:isoName>fj</ns2:isoName><ns2:phonePrefix>6
Action.c(221):     79</ns2:phonePrefix></ns2:Country><ns2:Country><ns2:id>202</ns2:id><ns2:name>Finland</ns2:
Action.c(221):     name><ns2:isoName>fi</ns2:isoName><ns2:phonePrefix>358</ns2:phonePrefix></ns2:Country><ns2
Action.c(221):     :Country><ns2:id>212</ns2:id><ns2:name>France</ns2:name><ns2:isoName>fr</ns2:isoName><ns2:
Action.c(221):     phonePrefix>33</ns2:phonePrefix></ns2:Country><ns2:Country><ns2:id>71</ns2:id><ns2:name>Fr
Action.c(221):     ench Guyana</ns2:name><ns2:isoName>gf</ns2:isoName><ns2:phonePrefix>594</ns2:phonePrefix><
Action.c(221):     /ns2:Country><ns2:Country><ns2:id>199</ns2:id><ns2:name>French Polynesia</ns2:name><ns2:is
Action.c(221):     oName>pf</ns2:isoName><ns2:phonePrefix>589</ns2:phonePrefix></ns2:Country><ns2:Country><ns
Action.c(221):     2:id>66</ns2:id><ns2:name>Gabonaise</ns2:name><ns2:isoName>ga</ns2:isoName><ns2:phonePrefi
Action.c(221):     x>241</ns2:phonePrefix></ns2:Country><ns2:Country><ns2:id>76</ns2:id><ns2:name>Gambia</ns2
Action.c(221):     :name><ns2:isoName>gm</ns2:isoName><ns2:phonePrefix>220</ns2:phonePrefix></ns2:Country><ns
Action.c(221):     2:Country><ns2:id>64</ns2:id><ns2:name>Georgia</ns2:name><ns2:isoName>ge</ns2:isoName><ns2
Action.c(221):     :phonePrefix>995</ns2:phonePrefix></ns2:Country><ns2:Country><ns2:id>78</ns2:id><ns2:name>
Action.c(221):     Germany</ns2:name><ns2:isoName>de</ns2:isoName><ns2:phonePrefix>49</ns2:phonePrefix></ns2:
Action.c(221):     Country><ns2:Country><ns2:id>65</ns2:id><ns2:name>Ghana</ns2:name><ns2:isoName>gh</ns2:iso
Action.c(221):     Name><ns2:phonePrefix>233</ns2:phonePrefix></ns2:Country><ns2:Country><ns2:id>72</ns2:id><
Action.c(221):     ns2:name>Gibraltar</ns2:name><ns2:isoName>gi</ns2:isoName><ns2:phonePrefix>350</ns2:phoneP
Action.c(221):     refix></ns2:Country><ns2:Country><ns2:id>123</ns2:id><ns2:name>Greece</ns2:name><ns2:isoNa
Action.c(221):     me>gr</ns2:isoName><ns2:phonePrefix>30</ns2:phonePrefix></ns2:Country><ns2:Country><ns2:id
Action.c(221):     >77</ns2:id><ns2:name>Greenland</ns2:name><ns2:isoName>gl</ns2:isoName><ns2:phonePrefix>29
Action.c(221):     9</ns2:phonePrefix></ns2:Country><ns2:Country><ns2:id>79</ns2:id><ns2:name>Grenada</ns2:na
Action.c(221):     me><ns2:isoName>gd</ns2:isoName><ns2:phonePrefix>1473</ns2:phonePrefix></ns2:Country><ns2:
Action.c(221):     Country><ns2:id>69</ns2:id><ns2:name>Guadeloupe</ns2:name><ns2:isoName>gp</ns2:isoName><ns
Action.c(221):     2:phonePrefix>590</ns2:phonePrefix></ns2:Country><ns2:Country><ns2:id>68</ns2:id><ns2:name
Action.c(221):     >Guam</ns2:name><ns2:isoName>gu</ns2:isoName><ns2:phonePrefix>1671</ns2:phonePrefix></ns2:
Action.c(221):     Country><ns2:Country><ns2:id>67</ns2:id><ns2:nam
Action.c(221): t=3803307ms: 12288-byte DECODED response body for "https://www.advantageonlineshopping.com/accountservice/ws/GetCountriesRequest" (RelFrameId=1, Internal ID=3194)
Action.c(221):     e>Guatemala</ns2:name><ns2:isoName>gt</ns2:isoName><ns2:phonePrefix>502</ns2:phonePrefix><
Action.c(221):     /ns2:Country><ns2:Country><ns2:id>80</ns2:id><ns2:name>Guernsey</ns2:name><ns2:isoName>gg<
Action.c(221):     /ns2:isoName><ns2:phonePrefix>441481</ns2:phonePrefix></ns2:Country><ns2:Country><ns2:id>7
Action.c(221):     3</ns2:id><ns2:name>Guinea</ns2:name><ns2:isoName>gn</ns2:isoName><ns2:phonePrefix>224</ns
Action.c(221):     2:phonePrefix></ns2:Country><ns2:Country><ns2:id>74</ns2:id><ns2:name>Guinea Bissau</ns2:n
Action.c(221):     ame><ns2:isoName>gw</ns2:isoName><ns2:phonePrefix>245</ns2:phonePrefix></ns2:Country><ns2:
Action.c(221):     Country><ns2:id>70</ns2:id><ns2:name>Guyana</ns2:name><ns2:isoName>gy</ns2:isoName><ns2:ph
Action.c(221):     onePrefix>592</ns2:phonePrefix></ns2:Country><ns2:Country><ns2:id>88</ns2:id><ns2:name>Hai
Action.c(221):     ti</ns2:name><ns2:isoName>ht</ns2:isoName><ns2:phonePrefix>509</ns2:phonePrefix></ns2:Coun
Action.c(221):     try><ns2:Country><ns2:id>93</ns2:id><ns2:name>Hawai</ns2:name><ns2:isoName>us</ns2:isoName
Action.c(221):     ><ns2:phonePrefix>1808</ns2:phonePrefix></ns2:Country><ns2:Country><ns2:id>85</ns2:id><ns2
Action.c(221):     :name>Heard Island</ns2:name><ns2:isoName>hm</ns2:isoName><ns2:phonePrefix>61</ns2:phonePr
Action.c(221):     efix></ns2:Country><ns2:Country><ns2:id>97</ns2:id><ns2:name>Honduras</ns2:name><ns2:isoNa
Action.c(221):     me>hn</ns2:isoName><ns2:phonePrefix>504</ns2:phonePrefix></ns2:Country><ns2:Country><ns2:i
Action.c(221):     d>95</ns2:id><ns2:name>Hong Kong</ns2:name><ns2:isoName>hk</ns2:isoName><ns2:phonePrefix>8
Action.c(221):     52</ns2:phonePrefix></ns2:Country><ns2:Country><ns2:id>96</ns2:id><ns2:name>Hungary</ns2:n
Action.c(221):     ame><ns2:isoName>hu</ns2:isoName><ns2:phonePrefix>36</ns2:phonePrefix></ns2:Country><ns2:C
Action.c(221):     ountry><ns2:id>22</ns2:id><ns2:name>Iceland</ns2:name><ns2:isoName>is</ns2:isoName><ns2:ph
Action.c(221):     onePrefix>354</ns2:phonePrefix></ns2:Country><ns2:Country><ns2:id>92</ns2:id><ns2:name>Ind
Action.c(221):     ia</ns2:name><ns2:isoName>in</ns2:isoName><ns2:phonePrefix>91</ns2:phonePrefix></ns2:Count
Action.c(221):     ry><ns2:Country><ns2:id>21</ns2:id><ns2:name>Indonesia</ns2:name><ns2:isoName>id</ns2:isoN
Action.c(221):     ame><ns2:phonePrefix>62</ns2:phonePrefix></ns2:Country><ns2:Country><ns2:id>24</ns2:id><ns
Action.c(221):     2:name>Iran</ns2:name><ns2:isoName>ir</ns2:isoName><ns2:phonePrefix>98</ns2:phonePrefix></
Action.c(221):     ns2:Country><ns2:Country><ns2:id>194</ns2:id><ns2:name>Iraq</ns2:name><ns2:isoName>iq</ns2
Action.c(221):     :isoName><ns2:phonePrefix>964</ns2:phonePrefix></ns2:Country><ns2:Country><ns2:id>23</ns2:
Action.c(221):     id><ns2:name>Ireland</ns2:name><ns2:isoName>ie</ns2:isoName><ns2:phonePrefix>353</ns2:phon
Action.c(221):     ePrefix></ns2:Country><ns2:Country><ns2:id>86</ns2:id><ns2:name>Isle of Man</ns2:name><ns2
Action.c(221):     :isoName>im</ns2:isoName><ns2:phonePrefix>441624</ns2:phonePrefix></ns2:Country><ns2:Count
Action.c(221):     ry><ns2:id>126</ns2:id><ns2:name>Israel</ns2:name><ns2:isoName>il</ns2:isoName><ns2:phoneP
Action.c(221):     refix>972</ns2:phonePrefix></ns2:Country><ns2:Country><ns2:id>9</ns2:id><ns2:name>Italy</n
Action.c(221):     s2:name><ns2:isoName>it</ns2:isoName><ns2:phonePrefix>39</ns2:phonePrefix></ns2:Country><n
Action.c(221):     s2:Country><ns2:id>113</ns2:id><ns2:name>Ivory Cost</ns2:name><ns2:isoName>ci</ns2:isoName
Action.c(221):     ><ns2:phonePrefix>225</ns2:phonePrefix></ns2:Country><ns2:Country><ns2:id>62</ns2:id><ns2:
Action.c(221):     name>Jamaica</ns2:name><ns2:isoName>jm</ns2:isoName><ns2:phonePrefix>1876</ns2:phonePrefix
Action.c(221):     ></ns2:Country><ns2:Country><ns2:id>124</ns2:id><ns2:name>Japan</ns2:name><ns2:isoName>jp<
Action.c(221):     /ns2:isoName><ns2:phonePrefix>81</ns2:phonePrefix></ns2:Country><ns2:Country><ns2:id>63</n
Action.c(221):     s2:id><ns2:name>Jersey</ns2:name><ns2:isoName>je</ns2:isoName><ns2:phonePrefix>441534</ns2
Action.c(221):     :phonePrefix></ns2:Country><ns2:Country><ns2:id>125</ns2:id><ns2:name>Jordan</ns2:name><ns
Action.c(221):     2:isoName>jo</ns2:isoName><ns2:phonePrefix>962</ns2:phonePrefix></ns2:Country><ns2:Country
Action.c(221):     ><ns2:id>220</ns2:id><ns2:name>Kazakhstan</ns2:name><ns2:isoName>kz</ns2:isoName><ns2:phon
Action.c(221):     ePrefix>7</ns2:phonePrefix></ns2:Country><ns2:Country><ns2:id>228</ns2:id><ns2:name>Kenya<
Action.c(221):     /ns2:name><ns2:isoName>ke</ns2:isoName><ns2:phonePrefix>254</ns2:phonePrefix></ns2:Country
Action.c(221):     ><ns2:Country><ns2:id>223</ns2:id><ns2:name>Kiribati</ns2:name><ns2:isoName>ki</ns2:isoNam
Action.c(221):     e><ns2:phonePrefix>686</ns2:phonePrefix></ns2:Country><ns2:Country><ns2:id>216</ns2:id><ns
Action.c(221):     2:name>Kosovo</ns2:name><ns2:isoName>rs</ns2:isoName><ns2:phonePrefix>383</ns2:phonePrefix
Action.c(221):     ></ns2:Country><ns2:Country><ns2:id>127</ns2:id><ns2:name>Kuwait</ns2:name><ns2:isoName>kw
Action.c(221):     </ns2:isoName><ns2:phonePrefix>965</ns2:phonePrefix></ns2:Country><ns2:Country><ns2:id>222
Action.c(221):     </ns2:id><ns2:name>Kyrgyzstan</ns2:name><ns2:isoName>kg</ns2:isoName><ns2:phonePrefix>996<
Action.c(221):     /ns2:phonePrefix></ns2:Country><ns2:Country><ns2:id>129</ns2:id><ns2:name>Laos</ns2:name><
Action.c(221):     ns2:isoName>la</ns2:isoName><ns2:phonePrefix>856</ns2:phonePrefix></ns2:Country><ns2:Count
Action.c(221):     ry><ns2:id>133</ns2:id><ns2:name>Latvia</ns2:name><ns2:isoName>lv</ns2:isoName><ns2:phoneP
Action.c(221):     refix>371</ns2:phonePrefix></ns2:Country><ns2:Country><ns2:id>130</ns2:id><ns2:name>Lebano
Action.c(221):     n</ns2:name><ns2:isoName>lb</ns2:isoName><ns2:phonePrefix>961</ns2:phonePrefix></ns2:Count
Action.c(221):     ry><ns2:Country><ns2:id>137</ns2:id><ns2:name>Lesotho</ns2:name><ns2:isoName>ls</ns2:isoNa
Action.c(221):     me><ns2:phonePrefix>266</ns2:phonePrefix></ns2:Country><ns2:Country><ns2:id>134</ns2:id><n
Action.c(221):     s2:name>Liberia</ns2:name><ns2:isoName>lr</ns2:isoName><ns2:phonePrefix>231</ns2:phonePref
Action.c(221):     ix></ns2:Country><ns2:Country><ns2:id>131</ns2:id><ns2:name>Libya</ns2:name><ns2:isoName>l
Action.c(221):     y</ns2:isoName><ns2:phonePrefix>218</ns2:phonePrefix></ns2:Country><ns2:Country><ns2:id>13
Action.c(221):     6</ns2:id><ns2:name>Liechtenstein</ns2:name><ns2:isoName>li</ns2:isoName><ns2:phonePrefix>
Action.c(221):     423</ns2:phonePrefix></ns2:Country><ns2:Country><ns2:id>135</ns2:id><ns2:name>Lithuania</n
Action.c(221):     s2:name><ns2:isoName>lt</ns2:isoName><ns2:phonePrefix>370</ns2:phonePrefix></ns2:Country><
Action.c(221):     ns2:Country><ns2:id>132</ns2:id><ns2:name>Luxembourg</ns2:name><ns2:isoName>lu</ns2:isoNam
Action.c(221):     e><ns2:phonePrefix>352</ns2:phonePrefix></ns2:Country><ns2:Country><ns2:id>156</ns2:id><ns
Action.c(221):     2:name>Macau</ns2:name><ns2:isoName>mo</ns2:isoName><ns2:phonePrefix>853</ns2:phonePrefix>
Action.c(221):     </ns2:Country><ns2:Country><ns2:id>157</ns2:id><ns2:name>Macedonia</ns2:name><ns2:isoName>
Action.c(221):     mk</ns2:isoName><ns2:phonePrefix>389</ns2:phonePrefix></ns2:Country><ns2:Country><ns2:id>8
Action.c(221):     7</ns2:id><ns2:name>Macquarie Island</ns2:name><ns2:isoName>aq</ns2:isoName><ns2:phonePref
Action.c(221):     ix>6721</ns2:phonePrefix></ns2:Country><ns2:Country><ns2:id>141</ns2:id><ns2:name>Madagasc
Action.c(221):     ar</ns2:name><ns2:isoName>mg</ns2:isoName><ns2:phonePrefix>261</ns2:phonePrefix></ns2:Coun
Action.c(221):     try><ns2:Country><ns2:id>152</ns2:id><ns2:name>Malawi</ns2:name><ns2:isoName>mw</ns2:isoNa
Action.c(221):     me><ns2:phonePrefix>265</ns2:phonePrefix></ns2:Country><ns2:Country><ns2:id>153</ns2:id><n
Action.c(221):     s2:name>Malaysia</ns2:name><ns2:isoName>my</ns2:isoName><ns2:phonePrefix>60</ns2:phonePref
Action.c(221):     ix></ns2:Country><ns2:Country><ns2:id>89</ns2:id><ns2:name>maldives Islands</ns2:name><ns2
Action.c(221):     :isoName>mv</ns2:isoName><ns2:phonePrefix>960</ns2:phonePrefix></ns2:Country><ns2:Country>
Action.c(221):     <ns2:id>140</ns2:id><ns2:name>Mali</ns2:name><ns2:isoName>ml</ns2:isoName><ns2:phonePrefix
Action.c(221):     >223</ns2:phonePrefix></ns2:Country><ns2:Country><ns2:id>154</ns2:id><ns2:name>Malta</ns2:
Action.c(221):     name><ns2:isoName>mt</ns2:isoName><ns2:phonePrefix>356</ns2:phonePrefix></ns2:Country><ns2
Action.c(221):     :Country><ns2:id>159</ns2:id><ns2:name>Marocco</ns2:name><ns2:isoName>ma</ns2:isoName><ns2
Action.c(221):     :phonePrefix>212</ns2:phonePrefix></ns2:Country><ns2:Country><ns2:id>15</ns2:id><ns2:name>
Action.c(221):     Marshal Islands</ns2:name><ns2:isoName>mh</ns2:isoName><ns2:phonePrefix>692</ns2:phonePref
Action.c(221):     ix></ns2:Country><ns2:Country><ns2:id>160</ns2:id><ns2:name>Martinique </ns2:name><ns2:iso
Action.c(221):     Name>mq</ns2:isoName><ns2:phonePrefix>596</ns2:phonePrefix></ns2:Country><ns2:Country><ns2
Action.c(221):     :id>138</ns2:id><ns2:name>Mauritania</ns2:name><ns2:isoName>mr</ns2:isoName><ns2:phonePref
Action.c(221):     ix>222</ns2:phonePrefix></ns2:Country><ns2:Country><ns2:id>139</ns2:id><ns2:name>Mauritius
Action.c(221):     </ns2:name><ns2:isoName>mu</ns2:isoName><ns2:phonePrefix>230</ns2:phonePrefix></ns2:Countr
Action.c(221):     y><ns2:Country><ns2:id>150</ns2:id><ns2:name>Mayotte</ns2:name><ns2:isoName>yt</ns2:isoNam
Action.c(221):     e><ns2:phonePrefix>262</ns2:phonePrefix></ns2:Country><ns2:Country><ns2:id>158</ns2:id><ns
Action.c(221):     2:name>Mexico</ns2:name><ns2:isoName>mx</ns2:isoName><ns2:phonePrefix>52</ns2:phonePrefix>
Action.c(221):     </ns2:Country><ns2:Country><ns2:id>151</ns2:id><ns2:name>Micronesia</ns2:name><ns2:isoName
Action.c(221):     >fm</ns2:isoName><ns2:phonePrefix>691</ns2:phonePrefix></ns2:Country><ns2:Country><ns2:id>
Action.c(221):     14</ns2:id><ns2:name>Midway Atol</ns2:name><ns2:isoName>um</ns2:isoName><ns2:phonePrefix>1
Action.c(221):     808</ns2:phonePrefix></ns2:Country><ns2:Country><ns2:id>143</ns2:id><ns2:name>Moldova</ns2
Action.c(221):     :name><ns2:isoName>md</ns2:isoName><ns2:phonePrefix>373</ns2:phonePrefix></ns2:Country><ns
Action.c(221):     2:Country><ns2:id>144</ns2:id><ns2:name>Monaco</ns2:name><ns2:isoName>mc</ns2:isoName><ns2
Action.c(221):     :phonePrefix>377</ns2:phonePrefix></ns2:Country><ns2:Country><ns2:id>145</ns2:id><ns2:name
Action.c(221):     >Mongolia</ns2:name><ns2:isoName>mn</ns2:isoName><ns2:phonePrefix>976</ns2:phonePrefix></n
Action.c(221):     s2:Country><ns2:Country><ns2:id>146</ns2:id><ns2:name>Montenegro</ns2:name><ns2:isoName>me
Action.c(221):     </ns2:isoName><ns2:phonePrefix>382</ns2:phonePrefix></ns2:Country><ns2:Country><ns2:id>147
Action.c(221):     </ns2:id><ns2:name>Montserrat</ns2:name><ns2:isoName>ms</ns2:isoName><ns2:phonePrefix>1664
Action.c(221):     </ns2:phonePrefix></ns2:Country><ns2:Country><ns2:id>142</ns2:id><ns2:name>Mozambique</ns2
Action.c(221):     :name><ns2:isoName>mz</ns2:isoName><ns2:phonePrefix>258</ns2:phonePrefix></ns2:Country><ns
Action.c(221):     2:Country><ns2:id>149</ns2:id><ns2:name>Myanmar (Burma));</ns2:name><ns2:isoName>mm</ns2:i
Action.c(221):     soName><ns2:phonePrefix>95</ns2:phonePrefix></ns2:Country><ns2:Country><ns2:id>167</ns2:id
Action.c(221):     ><ns2:name>Namibia</ns2:name><ns2:isoName>na</ns2:isoName><ns2:phonePrefix>264</ns2:phoneP
Action.c(221):     refix></ns2:Country><ns2:Country><ns2:id>161</ns2:id><ns2:name>Nauru</ns2:name><ns2:isoNam
Action.c(221):     e>nr</ns2:isoName><ns2:phonePrefix>674</ns2:phonePrefix></ns2:Country><ns2:Country><ns2:id
Action.c(221):     >168</ns2:id><ns2:name>Nepal</ns2:name><ns2:isoName>np</ns2:isoName><ns2:phonePrefix>977</
Action.c(221):     ns2:phonePrefix></ns2:Country><ns2:Country><ns2:id>94</ns2:id><ns2:name>Netherland</ns2:na
Action.c(221):     me><ns2:isoName>nl</ns2:isoName><ns2:phonePrefix>31</ns2:phonePrefix></ns2:Country><ns2:Co
Action.c(221):     untry><ns2:id>224</ns2:id><ns2:name>New Caledonia</ns2:name><ns2:isoName>nc</ns2:isoName><
Action.c(221):     ns2:phonePrefix>687</ns2:phonePrefix></ns2:Country><ns2:Country><ns2:id>164</ns2:id><ns2:n
Action.c(221):     ame>New Zealand</ns2:name><ns2:isoName>nz</ns2:isoName><ns2:phonePrefix>64</ns2:phonePrefi
Action.c(221):     x></ns2:Country><ns2:Country><ns2:id>166</ns2:id><ns2:name>Nicaragua</ns2:name><ns2:isoNam
Action.c(221):     e>ni</ns2:isoName><ns2:phonePrefix>505</ns2:phonePrefix></ns2:Country><ns2:Country><ns2:id
Action.c(221):     >165</ns2:id><ns2:name>Niger</ns2:name><ns2:isoName>ne</ns2:isoName><ns2:phonePrefix>227</
Action.c(221):     ns2:phonePrefix></ns2:Country><ns2:Country><ns2:id>163</ns2:id><ns2:name>Nigeria</ns2:name
Action.c(221):     ><ns2:isoName>ng</ns2:isoName><ns2:phonePrefix>234</ns2:phonePrefix></ns2:Country><ns2:Cou
Action.c(221):     ntry><ns2:id>16</ns2:id><ns2:name>Norfolk Islands</ns2:name><ns2:isoName>nf</ns2:isoName><
Action.c(221):     ns2:phonePrefix>6723</ns2:phonePrefix></ns2:Country><ns2:Country><ns2:id>219</ns2:id><ns2:
Action.c(221):     name>North Korea</ns2:name><ns2:isoName>kp</ns2:isoName><ns2:phonePrefix>850</ns2:phonePre
Action.c(221):     fix></ns2:Country><ns2:Country><ns2:id>211</ns2:id><ns2:name>Northen Ireland</ns2:name><ns
Action.c(221):     2:isoName>uk</ns2:isoName><ns2:phonePrefix>44</ns2:phonePrefix></ns2:Country><ns2:Country>
Action.c(221):     <ns2:id>162</ns2:id><ns2:name>Norway</ns2:name><ns2:isoName>no</ns2:isoName><ns2:phonePref
Action.c(221):     ix>47</ns2:phonePrefix></ns2:Country><ns2:Country><ns2:id>193</ns2:id><ns2:name>Oman</ns2:
Action.c(221):     name><ns2:isoName>om</ns2:isoName><ns2:phonePrefix>968</ns2:phonePrefix></ns2:Country><ns2
Action.c(221):     :Country><ns2:id>205</ns2:id><ns2:name>Pakistan</ns2:name><ns2:isoName>pk</ns2:isoName><ns
Action.c(221):     2:phonePrefix>92</ns2:phonePrefix></ns2:Country><ns2:Country><ns2:id>203</ns2:id><ns2:name
Action.c(221):     >Palau</ns2:name><ns2:isoName>pw</ns2:isoName><ns2:phonePrefix>680</ns2:phonePrefix></ns2:
Action.c(221):     Country><ns2:Country><ns2:id>104</ns2:id><ns2:name>Palestinian Authority</ns2:name><ns2:is
Action.c(221):     oName>ps</ns2:isoName><ns2:phonePrefix>970</ns2:phonePrefix></ns2:Country><ns2:Country><ns
Action.c(221):     2:id>204</ns2:id><ns2:name>Panama</ns2:name><ns2:isoName>pa</ns2:isoName><ns2:phonePrefix>
Action.c(221):     507</ns2:phonePrefix></ns2:Country><ns2:Country><ns2:id>206</ns2:id><ns2:name>Paraguay</ns
Action.c(221):     2:name><ns2:isoName>py</ns2:isoName><ns2:phonePrefix>595</ns2:phonePrefix></ns2:Country><n
Action.c(221):     s2:Country><ns2:id>207</ns2:id><ns2:name>Peru</ns2:name><ns2:isoName>pe</ns2:isoName><ns2:
Action.c(221):     phonePrefix>51</ns2:phonePrefix></ns2:Country><ns2:Country><ns2:id>99</ns2:id><ns2:name>Ph
Action.c(221):     ilippines</ns2:name><ns2:isoName>ph</ns2:isoName><ns2:phonePrefix>63</ns2:phonePrefix></ns
Action.c(221):     2:Country><ns2:Country><ns2:id>198</ns2:id><ns2:
Action.c(221): t=3803318ms: 3796-byte DECODED response body for "https://www.advantageonlineshopping.com/accountservice/ws/GetCountriesRequest" (RelFrameId=1, Internal ID=3194)
Action.c(221):     name>Poland</ns2:name><ns2:isoName>pl</ns2:isoName><ns2:phonePrefix>48</ns2:phonePrefix></
Action.c(221):     ns2:Country><ns2:Country><ns2:id>200</ns2:id><ns2:name>Portugal</ns2:name><ns2:isoName>pt<
Action.c(221):     /ns2:isoName><ns2:phonePrefix>351</ns2:phonePrefix></ns2:Country><ns2:Country><ns2:id>196<
Action.c(221):     /ns2:id><ns2:name>Puerto Rico</ns2:name><ns2:isoName>pr</ns2:isoName><ns2:phonePrefix>1939
Action.c(221):     </ns2:phonePrefix></ns2:Country><ns2:Country><ns2:id>197</ns2:id><ns2:name>Puerto Rico</ns
Action.c(221):     2:name><ns2:isoName>pr</ns2:isoName><ns2:phonePrefix>1787</ns2:phonePrefix></ns2:Country><
Action.c(221):     ns2:Country><ns2:id>221</ns2:id><ns2:name>Qatar</ns2:name><ns2:isoName>qa</ns2:isoName><ns
Action.c(221):     2:phonePrefix>974</ns2:phonePrefix></ns2:Country><ns2:Country><ns2:id>233</ns2:id><ns2:nam
Action.c(221):     e>Reunion</ns2:name><ns2:isoName>re</ns2:isoName><ns2:phonePrefix>262</ns2:phonePrefix></n
Action.c(221):     s2:Country><ns2:Country><ns2:id>235</ns2:id><ns2:name>Romania</ns2:name><ns2:isoName>ro</n
Action.c(221):     s2:isoName><ns2:phonePrefix>40</ns2:phonePrefix></ns2:Country><ns2:Country><ns2:id>236</ns
Action.c(221):     2:id><ns2:name>Russia</ns2:name><ns2:isoName>ru</ns2:isoName><ns2:phonePrefix>7</ns2:phone
Action.c(221):     Prefix></ns2:Country><ns2:Country><ns2:id>234</ns2:id><ns2:name>Rwanda</ns2:name><ns2:isoN
Action.c(221):     ame>rw</ns2:isoName><ns2:phonePrefix>250</ns2:phonePrefix></ns2:Country><ns2:Country><ns2:
Action.c(221):     id>185</ns2:id><ns2:name>Saint Helena Island</ns2:name><ns2:isoName>sh</ns2:isoName><ns2:p
Action.c(221):     honePrefix>290</ns2:phonePrefix></ns2:Country><ns2:Country><ns2:id>188</ns2:id><ns2:name>S
Action.c(221):     aint Kitts and Nevis</ns2:name><ns2:isoName>kn</ns2:isoName><ns2:phonePrefix>1869</ns2:pho
Action.c(221):     nePrefix></ns2:Country><ns2:Country><ns2:id>186</ns2:id><ns2:name>Saint Vincent and the Gr
Action.c(221):     enadines</ns2:name><ns2:isoName>vc</ns2:isoName><ns2:phonePrefix>1784</ns2:phonePrefix></n
Action.c(221):     s2:Country><ns2:Country><ns2:id>181</ns2:id><ns2:name>Samoa</ns2:name><ns2:isoName>ws</ns2
Action.c(221):     :isoName><ns2:phonePrefix>685</ns2:phonePrefix></ns2:Country><ns2:Country><ns2:id>183</ns2
Action.c(221):     :id><ns2:name>San Marino</ns2:name><ns2:isoName>sm</ns2:isoName><ns2:phonePrefix>378</ns2:
Action.c(221):     phonePrefix></ns2:Country><ns2:Country><ns2:id>169</ns2:id><ns2:name>Sao Tome</ns2:name><n
Action.c(221):     s2:isoName>st</ns2:isoName><ns2:phonePrefix>239</ns2:phonePrefix></ns2:Country><ns2:Countr
Action.c(221):     y><ns2:id>195</ns2:id><ns2:name>Saudi Arabia</ns2:name><ns2:isoName>sa</ns2:isoName><ns2:p
Action.c(221):     honePrefix>966</ns2:phonePrefix></ns2:Country><ns2:Country><ns2:id>190</ns2:id><ns2:name>S
Action.c(221):     cotland </ns2:name><ns2:isoName>uk</ns2:isoName><ns2:phonePrefix>44</ns2:phonePrefix></ns2
Action.c(221):     :Country><ns2:Country><ns2:id>184</ns2:id><ns2:name>Senegal</ns2:name><ns2:isoName>sn</ns2
Action.c(221):     :isoName><ns2:phonePrefix>221</ns2:phonePrefix></ns2:Country><ns2:Country><ns2:id>191</ns2
Action.c(221):     :id><ns2:name>Serbia</ns2:name><ns2:isoName>rs</ns2:isoName><ns2:phonePrefix>381</ns2:phon
Action.c(221):     ePrefix></ns2:Country><ns2:Country><ns2:id>176</ns2:id><ns2:name>Seychelles Islands</ns2:n
Action.c(221):     ame><ns2:isoName>sc</ns2:isoName><ns2:phonePrefix>248</ns2:phonePrefix></ns2:Country><ns2:
Action.c(221):     Country><ns2:id>175</ns2:id><ns2:name>Sierra Leone</ns2:name><ns2:isoName>sl</ns2:isoName>
Action.c(221):     <ns2:phonePrefix>232</ns2:phonePrefix></ns2:Country><ns2:Country><ns2:id>178</ns2:id><ns2:
Action.c(221):     name>Singapore</ns2:name><ns2:isoName>sg</ns2:isoName><ns2:phonePrefix>65</ns2:phonePrefix
Action.c(221):     ></ns2:Country><ns2:Country><ns2:id>180</ns2:id><ns2:name>Slovakia</ns2:name><ns2:isoName>
Action.c(221):     sk</ns2:isoName><ns2:phonePrefix>421</ns2:phonePrefix></ns2:Country><ns2:Country><ns2:id>1
Action.c(221):     79</ns2:id><ns2:name>Slovenia</ns2:name><ns2:isoName>si</ns2:isoName><ns2:phonePrefix>386<
Action.c(221):     /ns2:phonePrefix></ns2:Country><ns2:Country><ns2:id>20</ns2:id><ns2:name>Solomon Islands</
Action.c(221):     ns2:name><ns2:isoName>sb</ns2:isoName><ns2:phonePrefix>677</ns2:phonePrefix></ns2:Country>
Action.c(221):     <ns2:Country><ns2:id>172</ns2:id><ns2:name>Somalia</ns2:name><ns2:isoName>so</ns2:isoName>
Action.c(221):     <ns2:phonePrefix>252</ns2:phonePrefix></ns2:Country><ns2:Country><ns2:id>83</ns2:id><ns2:n
Action.c(221):     ame>South Africa
Action.c(221): t=3803321ms: 752-byte ENCODED response body received for "https://www.advantageonlineshopping.com/accountservice/ws/GetCountriesRequest" (RelFrameId=1, Internal ID=3194)
Action.c(221): t=3803321ms: 6520-byte DECODED response body for "https://www.advantageonlineshopping.com/accountservice/ws/GetCountriesRequest" (RelFrameId=1, Internal ID=3194)
Action.c(221):     </ns2:name><ns2:isoName>za</ns2:isoName><ns2:phonePrefix>27</ns2:phonePrefix></ns2:Country
Action.c(221):     ><ns2:Country><ns2:id>60</ns2:id><ns2:name>South Georgia</ns2:name><ns2:isoName>gs</ns2:is
Action.c(221):     oName><ns2:phonePrefix>44</ns2:phonePrefix></ns2:Country><ns2:Country><ns2:id>218</ns2:id>
Action.c(221):     <ns2:name>South Korea</ns2:name><ns2:isoName>kr</ns2:isoName><ns2:phonePrefix>82</ns2:phon
Action.c(221):     ePrefix></ns2:Country><ns2:Country><ns2:id>84</ns2:id><ns2:name>South Sudan</ns2:name><ns2
Action.c(221):     :isoName>ss</ns2:isoName><ns2:phonePrefix>211</ns2:phonePrefix></ns2:Country><ns2:Country>
Action.c(221):     <ns2:id>189</ns2:id><ns2:name>Spain</ns2:name><ns2:isoName>es</ns2:isoName><ns2:phonePrefi
Action.c(221):     x>34</ns2:phonePrefix></ns2:Country><ns2:Country><ns2:id>192</ns2:id><ns2:name>Sri Lanka</
Action.c(221):     ns2:name><ns2:isoName>lk</ns2:isoName><ns2:phonePrefix>94</ns2:phonePrefix></ns2:Country><
Action.c(221):     ns2:Country><ns2:id>187</ns2:id><ns2:name>St. Lucia</ns2:name><ns2:isoName>lc</ns2:isoName
Action.c(221):     ><ns2:phonePrefix>1758</ns2:phonePrefix></ns2:Country><ns2:Country><ns2:id>170</ns2:id><ns
Action.c(221):     2:name>Sudan</ns2:name><ns2:isoName>sd</ns2:isoName><ns2:phonePrefix>249</ns2:phonePrefix>
Action.c(221):     </ns2:Country><ns2:Country><ns2:id>174</ns2:id><ns2:name>Surinam</ns2:name><ns2:isoName>sr
Action.c(221):     </ns2:isoName><ns2:phonePrefix>597</ns2:phonePrefix></ns2:Country><ns2:Country><ns2:id>171
Action.c(221):     </ns2:id><ns2:name>Swaziland</ns2:name><ns2:isoName>sz</ns2:isoName><ns2:phonePrefix>268</
Action.c(221):     ns2:phonePrefix></ns2:Country><ns2:Country><ns2:id>237</ns2:id><ns2:name>Sweden</ns2:name>
Action.c(221):     <ns2:isoName>se</ns2:isoName><ns2:phonePrefix>46</ns2:phonePrefix></ns2:Country><ns2:Count
Action.c(221):     ry><ns2:id>238</ns2:id><ns2:name>Switzerland</ns2:name><ns2:isoName>ch</ns2:isoName><ns2:p
Action.c(221):     honePrefix>41</ns2:phonePrefix></ns2:Country><ns2:Country><ns2:id>173</ns2:id><ns2:name>Sy
Action.c(221):     ria</ns2:name><ns2:isoName>sy</ns2:isoName><ns2:phonePrefix>963</ns2:phonePrefix></ns2:Cou
Action.c(221):     ntry><ns2:Country><ns2:id>115</ns2:id><ns2:name>Tadzhikistan</ns2:name><ns2:isoName>tj</ns
Action.c(221):     2:isoName><ns2:phonePrefix>992</ns2:phonePrefix></ns2:Country><ns2:Country><ns2:id>114</ns
Action.c(221):     2:id><ns2:name>Taiwan</ns2:name><ns2:isoName>tw</ns2:isoName><ns2:phonePrefix>886</ns2:pho
Action.c(221):     nePrefix></ns2:Country><ns2:Country><ns2:id>121</ns2:id><ns2:name>Tanzania</ns2:name><ns2:
Action.c(221):     isoName>tz</ns2:isoName><ns2:phonePrefix>255</ns2:phonePrefix></ns2:Country><ns2:Country><
Action.c(221):     ns2:id>239</ns2:id><ns2:name>Thailand</ns2:name><ns2:isoName>th</ns2:isoName><ns2:phonePre
Action.c(221):     fix>66</ns2:phonePrefix></ns2:Country><ns2:Country><ns2:id>116</ns2:id><ns2:name>Togo (Tog
Action.c(221):     olese));</ns2:name><ns2:isoName>tg</ns2:isoName><ns2:phonePrefix>228</ns2:phonePrefix></ns
Action.c(221):     2:Country><ns2:Country><ns2:id>118</ns2:id><ns2:name>Tokelau</ns2:name><ns2:isoName>tk</ns
Action.c(221):     2:isoName><ns2:phonePrefix>690</ns2:phonePrefix></ns2:Country><ns2:Country><ns2:id>117</ns
Action.c(221):     2:id><ns2:name>Tonga</ns2:name><ns2:isoName>to</ns2:isoName><ns2:phonePrefix>676</ns2:phon
Action.c(221):     ePrefix></ns2:Country><ns2:Country><ns2:id>122</ns2:id><ns2:name>Trinidad and Tobago</ns2:
Action.c(221):     name><ns2:isoName>tt</ns2:isoName><ns2:phonePrefix>1868</ns2:phonePrefix></ns2:Country><ns
Action.c(221):     2:Country><ns2:id>240</ns2:id><ns2:name>Tunisia</ns2:name><ns2:isoName>tn</ns2:isoName><ns
Action.c(221):     2:phonePrefix>216</ns2:phonePrefix></ns2:Country><ns2:Country><ns2:id>119</ns2:id><ns2:nam
Action.c(221):     e>Turkey</ns2:name><ns2:isoName>tr</ns2:isoName><ns2:phonePrefix>90</ns2:phonePrefix></ns2
Action.c(221):     :Country><ns2:Country><ns2:id>120</ns2:id><ns2:name>Turkmenistan </ns2:name><ns2:isoName>t
Action.c(221):     m</ns2:isoName><ns2:phonePrefix>993</ns2:phonePrefix></ns2:Country><ns2:Country><ns2:id>13
Action.c(221):     </ns2:id><ns2:name>Turks and Caicos Islands</ns2:name><ns2:isoName>tc</ns2:isoName><ns2:ph
Action.c(221):     onePrefix>1649</ns2:phonePrefix></ns2:Country><ns2:Country><ns2:id>1</ns2:id><ns2:name>Uga
Action.c(221):     nda</ns2:name><ns2:isoName>ug</ns2:isoName><ns2:phonePrefix>256</ns2:phonePrefix></ns2:Cou
Action.c(221):     ntry><ns2:Country><ns2:id>5</ns2:id><ns2:name>Ukraine</ns2:name><ns2:isoName>ua</ns2:isoNa
Action.c(221):     me><ns2:phonePrefix>380</ns2:phonePrefix></ns2:Country><ns2:Country><ns2:id>8</ns2:id><ns2
Action.c(221):     :name>United Arab Emirates</ns2:name><ns2:isoName>ae</ns2:isoName><ns2:phonePrefix>971</ns
Action.c(221):     2:phonePrefix></ns2:Country><ns2:Country><ns2:id>98</ns2:id><ns2:name>United Kingdom</ns2:
Action.c(221):     name><ns2:isoName>uk</ns2:isoName><ns2:phonePrefix>44</ns2:phonePrefix></ns2:Country><ns2:
Action.c(221):     Country><ns2:id>40</ns2:id><ns2:name>United States</ns2:name><ns2:isoName>us</ns2:isoName>
Action.c(221):     <ns2:phonePrefix>1</ns2:phonePrefix></ns2:Country><ns2:Country><ns2:id>6</ns2:id><ns2:name
Action.c(221):     >Uruguay</ns2:name><ns2:isoName>uy</ns2:isoName><ns2:phonePrefix>598</ns2:phonePrefix></ns
Action.c(221):     2:Country><ns2:Country><ns2:id>2</ns2:id><ns2:name>Uzbekistan</ns2:name><ns2:isoName>uz</n
Action.c(221):     s2:isoName><ns2:phonePrefix>998</ns2:phonePrefix></ns2:Country><ns2:Country><ns2:id>108</n
Action.c(221):     s2:id><ns2:name>Vanuatu</ns2:name><ns2:isoName>vu</ns2:isoName><ns2:phonePrefix>678</ns2:p
Action.c(221):     honePrefix></ns2:Country><ns2:Country><ns2:id>231</ns2:id><ns2:name>Vatican</ns2:name><ns2
Action.c(221):     :isoName>va</ns2:isoName><ns2:phonePrefix>379</ns2:phonePrefix></ns2:Country><ns2:Country>
Action.c(221):     <ns2:id>232</ns2:id><ns2:name>Vatican</ns2:name><ns2:isoName>va</ns2:isoName><ns2:phonePre
Action.c(221):     fix>3906</ns2:phonePrefix></ns2:Country><ns2:Country><ns2:id>109</ns2:id><ns2:name>Venezue
Action.c(221):     la</ns2:name><ns2:isoName>ve</ns2:isoName><ns2:phonePrefix>58</ns2:phonePrefix></ns2:Count
Action.c(221):     ry><ns2:Country><ns2:id>106</ns2:id><ns2:name>Vietnam</ns2:name><ns2:isoName>vn</ns2:isoNa
Action.c(221):     me><ns2:phonePrefix>84</ns2:phonePrefix></ns2:Country><ns2:Country><ns2:id>12</ns2:id><ns2
Action.c(221):     :name>Virgin Islands (UK));</ns2:name><ns2:isoName>vg</ns2:isoName><ns2:phonePrefix>1284</
Action.c(221):     ns2:phonePrefix></ns2:Country><ns2:Country><ns2:id>11</ns2:id><ns2:name>Virgin Islands (US
Action.c(221):     A));</ns2:name><ns2:isoName>vi</ns2:isoName><ns2:phonePrefix>1340</ns2:phonePrefix></ns2:C
Action.c(221):     ountry><ns2:Country><ns2:id>107</ns2:id><ns2:name>Wales</ns2:name><ns2:isoName>uk</ns2:iso
Action.c(221):     Name><ns2:phonePrefix>44</ns2:phonePrefix></ns2:Country><ns2:Country><ns2:id>105</ns2:id><
Action.c(221):     ns2:name>Wallis and Futuna Islands</ns2:name><ns2:isoName>wf</ns2:isoName><ns2:phonePrefix
Action.c(221):     >861</ns2:phonePrefix></ns2:Country><ns2:Country><ns2:id>241</ns2:id><ns2:name>Yemen</ns2:
Action.c(221):     name><ns2:isoName>ye</ns2:isoName><ns2:phonePrefix>967</ns2:phonePrefix></ns2:Country><ns2
Action.c(221):     :Country><ns2:id>111</ns2:id><ns2:name>Zambia</ns2:name><ns2:isoName>zm</ns2:isoName><ns2:
Action.c(221):     phonePrefix>260</ns2:phonePrefix></ns2:Country><ns2:Country><ns2:id>112</ns2:id><ns2:name>
Action.c(221):     Zanzibar </ns2:name><ns2:isoName>tz</ns2:isoName><ns2:phonePrefix>25524</ns2:phonePrefix><
Action.c(221):     /ns2:Country><ns2:Country><ns2:id>110</ns2:id><ns2:name>Zimbabwe </ns2:name><ns2:isoName>z
Action.c(221):     w</ns2:isoName><ns2:phonePrefix>263</ns2:phonePrefix></ns2:Country></ns2:GetCountriesRespo
Action.c(221):     nse></SOAP-ENV:Body></SOAP-ENV:Envelope>
Action.c(221): t=3803327ms: Request done "https://www.advantageonlineshopping.com/accountservice/ws/GetCountriesRequest"  	[MsgId: MMSG-26000]
Action.c(221): web_custom_request("GetCountriesRequest") was successful, 4184 body bytes, 761 header bytes  	[MsgId: MMSG-26386]
Action.c(233): Notify: Transaction "Checkout" ended with a "Pass" status (Duration: 2,3146 Wasted Time: 0,0000).	[MsgId: MMSG-16871]
Action.c(235): lr_think_time: 2,00 seconds.	[MsgId: MMSG-15948]
Action.c(237): Notify: Transaction "PayNow" started.	[MsgId: MMSG-16999]
Action.c(238): web_reg_find started  	[MsgId: MMSG-26355]
Action.c(238): Registering web_reg_find was successful  	[MsgId: MMSG-26390]
Action.c(240): web_add_header("Priority") started  	[MsgId: MMSG-26355]
Action.c(240): An unrecognized header ("Priority") is being added  	[MsgId: MMSG-26595]
Action.c(240): "Priority: u=0" header registered for adding to requests from the immediately following Action function  	[MsgId: MMSG-26506]
Action.c(240): web_add_header("Priority") was successful  	[MsgId: MMSG-26392]
Action.c(243): web_add_header("SOAPAction") started  	[MsgId: MMSG-26355]
Action.c(243): "SOAPAction: com.advantage.online.store.accountserviceUpdateMasterCreditMethodRequest" header registered for adding to requests from the immediately following Action function  	[MsgId: MMSG-26506]
Action.c(243): web_add_header("SOAPAction") was successful  	[MsgId: MMSG-26392]
Action.c(246): web_custom_request("UpdateMasterCreditMethodRequest") started  	[MsgId: MMSG-26355]
Action.c(246): Notify: Parameter Substitution: parameter "userId_1" =  "298217362"	[MsgId: MMSG-13992]
Action.c(246): Notify: Next row for parameter cardNumber = 6 [table  = cardNumber].	[MsgId: MMSG-13876]
Action.c(246): Notify: Parameter Substitution: parameter "cardNumber" =  "333344445555"	[MsgId: MMSG-13992]
Action.c(246): Notify: Next row for parameter expirationDate = 6 [table  = expirationDate].	[MsgId: MMSG-13876]
Action.c(246): Notify: Parameter Substitution: parameter "expirationDate" =  "122027"	[MsgId: MMSG-13992]
Action.c(246): Notify: Next row for parameter cvvNumber = 6 [table  = cvvNumber].	[MsgId: MMSG-13876]
Action.c(246): Notify: Parameter Substitution: parameter "cvvNumber" =  "222"	[MsgId: MMSG-13992]
Action.c(246): Notify: Next row for parameter customerName = 6 [table  = customerName].	[MsgId: MMSG-13876]
Action.c(246): Notify: Parameter Substitution: parameter "customerName" =  "sasuke"	[MsgId: MMSG-13992]
Action.c(246): Notify: Parameter Substitution: parameter "authorization_1" =  "U2FzdWtlMjM6U2hhcjFuZ2Fu"	[MsgId: MMSG-13992]
Action.c(246): The request to server https://www.advantageonlineshopping.com/accountservice/ws/UpdateMasterCreditMethodRequest" is done with headers:
Action.c(246):     :method = POST
Action.c(246):     :scheme = https
Action.c(246):     :path = /accountservice/ws/UpdateMasterCreditMethodRequest
Action.c(246):     :authority = www.advantageonlineshopping.com
Action.c(246):     Authorization = Basic U2FzdWtlMjM6U2hhcjFuZ2Fu
Action.c(246):     Content-Type = text/xml; charset=UTF-8
Action.c(246):     Referer = https://www.advantageonlineshopping.com/
Action.c(246):     Priority = u=0
Action.c(246):     SOAPAction = com.advantage.online.store.accountserviceUpdateMasterCreditMethodRequest
Action.c(246):     Sec-Fetch-Dest = empty
Action.c(246):     Sec-Fetch-Mode = cors
Action.c(246):     Sec-Fetch-Site = same-origin
Action.c(246):     Origin = https://www.advantageonlineshopping.com
Action.c(246):     X-Requested-With = XMLHttpRequest
Action.c(246):     User-Agent = Mozilla/5.0 (Windows NT 10.0; Win64; x64; rv:130.0) Gecko/20100101 Firefox/13
Action.c(246):     0.0
Action.c(246):     Accept-Encoding = gzip, deflate
Action.c(246):     Accept-Language = ru-RU,ru;q=0.8,en-US;q=0.5,en;q=0.3
Action.c(246):     Accept = */*
Action.c(246):     content-length = 624
Action.c(246): The request to server "https://www.advantageonlineshopping.com/accountservice/ws/UpdateMasterCreditMethodRequest" is done with body:
Action.c(246):     <?xml version="1.0" encoding="UTF-8"?><soap:Envelope xmlns:soap="http://schemas.xmlsoap.or
Action.c(246):     g/soap/envelope/" xmlns:xsi="http://www.w3.org/2001/XMLSchema-instance" xmlns:xsd="http://
Action.c(246):     www.w3.org/2001/XMLSchema"><soap:Body><UpdateMasterCreditMethodRequest xmlns="com.advantag
Action.c(246):     e.online.store.accountservice"><userId>298217362</userId><cardNumber>4886333344445555</car
Action.c(246):     dNumber><expirationDate>122027</expirationDate><cvvNumber>222</cvvNumber><customerName>sas
Action.c(246):     uke</customerName><referenceId>1234567890</referenceId><base64Token>Basic U2FzdWtlMjM6U2hh
Action.c(246):     cjFuZ2Fu</base64Token></UpdateMasterCreditMethodRequest></soap:Body></soap:Envelope>
Action.c(246): t=3805650ms: 735-byte response headers for "https://www.advantageonlineshopping.com/accountservice/ws/UpdateMasterCreditMethodRequest" (RelFrameId=1, Internal ID=3195)
Action.c(246):     HTTP/2.0 200\r\n
Action.c(246):     Status: 200\r\n
Action.c(246):     server: nginx/1.18.0 (Ubuntu)\r\n
Action.c(246):     date: Mon, 18 Nov 2024 18:34:20 GMT\r\n
Action.c(246):     content-type: text/xml;charset=utf-8\r\n
Action.c(246):     content-length: 401\r\n
Action.c(246):     x-content-type-options: nosniff\r\n
Action.c(246):     x-xss-protection: 1; mode=block\r\n
Action.c(246):     cache-control: no-store\r\n
Action.c(246):     pragma: no-cache\r\n
Action.c(246):     expires: 0\r\n
Action.c(246):     x-frame-options: DENY\r\n
Action.c(246):     access-control-request-method: POST, GET, OPTIONS, DELETE\r\n
Action.c(246):     access-control-allow-methods: POST, GET, OPTIONS, DELETE\r\n
Action.c(246):     access-control-max-age: 3600\r\n
Action.c(246):     access-control-allow-headers: Origin, X-Requested-With, Content-Type, Accept, Key, soapact
Action.c(246):     ion\r\n
Action.c(246):     access-control-allow-origin: *\r\n
Action.c(246):     accept: text/xml, text/html, image/gif, image/jpeg, *; q=.2, */*; q=.2\r\n
Action.c(246):     soapaction: ""\r\n
Action.c(246):     strict-transport-security: max-age=31536000; includeSubDomains; preload\r\n
Action.c(246):     \r\n
Action.c(246): t=3805652ms: 401-byte response body for "https://www.advantageonlineshopping.com/accountservice/ws/UpdateMasterCreditMethodRequest" (RelFrameId=1, Internal ID=3195)
Action.c(246):     <SOAP-ENV:Envelope xmlns:SOAP-ENV="http://schemas.xmlsoap.org/soap/envelope/"><SOAP-ENV:He
Action.c(246):     ader/><SOAP-ENV:Body><ns2:UpdateMasterCreditMethodResponse xmlns:ns2="com.advantage.online
Action.c(246):     .store.accountservice"><ns2:StatusMessage><ns2:success>true</ns2:success><ns2:id>0</ns2:id
Action.c(246):     ><ns2:reason>Successful</ns2:reason></ns2:StatusMessage></ns2:UpdateMasterCreditMethodResp
Action.c(246):     onse></SOAP-ENV:Body></SOAP-ENV:Envelope>
Action.c(246): t=3805653ms: Request done "https://www.advantageonlineshopping.com/accountservice/ws/UpdateMasterCreditMethodRequest"  	[MsgId: MMSG-26000]
Action.c(246): Registered web_reg_find successful for "Text=Successful" (count=1)  	[MsgId: MMSG-26364]
Action.c(246): web_custom_request("UpdateMasterCreditMethodRequest") was successful, 401 body bytes, 735 header bytes  	[MsgId: MMSG-26386]
Action.c(259): web_remove_auto_header("X-Requested-With") started  	[MsgId: MMSG-26355]
Action.c(259): Previous automatically added web header for "X-Requested-With" removed  	[MsgId: MMSG-26587]
Action.c(259): web_remove/revert_auto_header("X-Requested-With") was successful  	[MsgId: MMSG-26392]
Action.c(260): web_custom_request("964281101_4") started  	[MsgId: MMSG-26355]
Action.c(260): Notify: Parameter Substitution: parameter "userId_1" =  "298217362"	[MsgId: MMSG-13992]
Action.c(260): Notify: Next row for parameter phone = 6 [table  = phone].	[MsgId: MMSG-13876]
Action.c(260): Notify: Parameter Substitution: parameter "phone" =  "+81880001123"	[MsgId: MMSG-13992]
Action.c(260): Notify: Next row for parameter cvvNumber = 6 [table  = cvvNumber].	[MsgId: MMSG-13876]
Action.c(260): Notify: Parameter Substitution: parameter "cvvNumber" =  "222"	[MsgId: MMSG-13992]
Action.c(260): Notify: Next row for parameter cardNumber = 6 [table  = cardNumber].	[MsgId: MMSG-13876]
Action.c(260): Notify: Parameter Substitution: parameter "cardNumber" =  "333344445555"	[MsgId: MMSG-13992]
Action.c(260): Notify: Next row for parameter customerName = 6 [table  = customerName].	[MsgId: MMSG-13876]
Action.c(260): Notify: Parameter Substitution: parameter "customerName" =  "sasuke"	[MsgId: MMSG-13992]
Action.c(260): Notify: Next row for parameter expirationDate = 6 [table  = expirationDate].	[MsgId: MMSG-13876]
Action.c(260): Notify: Parameter Substitution: parameter "expirationDate" =  "122027"	[MsgId: MMSG-13992]
Action.c(260): Notify: Parameter Substitution: parameter "Date" =  "18112024"	[MsgId: MMSG-13992]
Action.c(260): Notify: Next row for parameter address = 6 [table  = address].	[MsgId: MMSG-13876]
Action.c(260): Notify: Parameter Substitution: parameter "address" =  "Uchiha Street 1"	[MsgId: MMSG-13992]
Action.c(260): Notify: Next row for parameter city = 6 [table  = city].	[MsgId: MMSG-13876]
Action.c(260): Notify: Parameter Substitution: parameter "city" =  "Konoha"	[MsgId: MMSG-13992]
Action.c(260): Notify: Next row for parameter fname = 6 [table  = fname].	[MsgId: MMSG-13876]
Action.c(260): Notify: Parameter Substitution: parameter "fname" =  "Sasuke"	[MsgId: MMSG-13992]
Action.c(260): Notify: Next row for parameter sname = 6 [table  = sname].	[MsgId: MMSG-13876]
Action.c(260): Notify: Parameter Substitution: parameter "sname" =  "Uchiha"	[MsgId: MMSG-13992]
Action.c(260): Notify: Next row for parameter phone = 6 [table  = phone].	[MsgId: MMSG-13876]
Action.c(260): Notify: Parameter Substitution: parameter "phone" =  "+81880001123"	[MsgId: MMSG-13992]
Action.c(260): Notify: Next row for parameter postalCode = 6 [table  = postalCode].	[MsgId: MMSG-13876]
Action.c(260): Notify: Parameter Substitution: parameter "postalCode" =  "110112"	[MsgId: MMSG-13992]
Action.c(260): Notify: Next row for parameter state = 6 [table  = state].	[MsgId: MMSG-13876]
Action.c(260): Notify: Parameter Substitution: parameter "state" =  "Uchiha Cl"	[MsgId: MMSG-13992]
Action.c(260): Notify: Parameter Substitution: parameter "randomColor" =  "C3C3C3"	[MsgId: MMSG-13992]
Action.c(260): Notify: Parameter Substitution: parameter "randomProduct" =  "8"	[MsgId: MMSG-13992]
Action.c(260): The request to server https://www.advantageonlineshopping.com/order/api/v1/orders/users/298217362" is done with headers:
Action.c(260):     :method = POST
Action.c(260):     :scheme = https
Action.c(260):     :path = /order/api/v1/orders/users/298217362
Action.c(260):     :authority = www.advantageonlineshopping.com
Action.c(260):     Authorization = Basic U2FzdWtlMjM6U2hhcjFuZ2Fu
Action.c(260):     Content-Type = application/json
Action.c(260):     Referer = https://www.advantageonlineshopping.com/
Action.c(260):     Sec-Fetch-Dest = empty
Action.c(260):     Sec-Fetch-Mode = cors
Action.c(260):     Sec-Fetch-Site = same-origin
Action.c(260):     Origin = https://www.advantageonlineshopping.com
Action.c(260):     User-Agent = Mozilla/5.0 (Windows NT 10.0; Win64; x64; rv:130.0) Gecko/20100101 Firefox/13
Action.c(260):     0.0
Action.c(260):     Accept-Encoding = gzip, deflate
Action.c(260):     Accept-Language = ru-RU,ru;q=0.8,en-US;q=0.5,en;q=0.3
Action.c(260):     Accept = */*
Action.c(260):     content-length = 1037
Action.c(260):     cookie = JSESSIONID=9C88C0BE918B305AD566413079F159B9
Action.c(260): The request to server "https://www.advantageonlineshopping.com/order/api/v1/orders/users/298217362" is done with body:
Action.c(260):     {"orderPaymentInformation":{"Transaction_AccountNumber":"112987298763","Transaction_Curren
Action.c(260):     cy":"USD","Transaction_CustomerPhone":"+81880001123","Transaction_MasterCredit_CVVNumber":
Action.c(260):     222,"Transaction_MasterCredit_CardNumber":"4886333344445555","Transaction_MasterCredit_Cus
Action.c(260):     tomerName":"sasuke","Transaction_MasterCredit_ExpirationDate":"122027","Transaction_Paymen
Action.c(260):     tMethod":"MasterCredit","Transaction_ReferenceNumber":0,"Transaction_SafePay_Password":"",
Action.c(260):     "Transaction_SafePay_UserName":"","Transaction_TransactionDate":"18112024","Transaction_Ty
Action.c(260):     pe":"PAYMENT"},"orderShippingInformation":{"Shipping_Address_Address":"Uchiha Street 1","S
Action.c(260):     hipping_Address_City":"Konoha","Shipping_Address_CountryCode":236,"Shipping_Address_Custom
Action.c(260):     erName":"Sasuke Uchiha","Shipping_Address_CustomerPhone":"+81880001123","Shipping_Address_
Action.c(260):     PostalCode":110112,"Shipping_Address_State":"Uchiha Cl","Shipping_Cost":1279,"Shipping_Num
Action.c(260):     berOfProducts":1,"Shipping_TrackingNumber":0},"purchasedProducts":[{"hexColor":"C3C3C3","p
Action.c(260):     roductId":8,"quantity":1,"hasWarranty":false}]}
Action.c(260): t=3806644ms: 492-byte response headers for "https://www.advantageonlineshopping.com/order/api/v1/orders/users/298217362" (RelFrameId=1, Internal ID=3196)
Action.c(260):     HTTP/2.0 200\r\n
Action.c(260):     Status: 200\r\n
Action.c(260):     server: nginx/1.18.0 (Ubuntu)\r\n
Action.c(260):     date: Mon, 18 Nov 2024 18:34:21 GMT\r\n
Action.c(260):     content-type: application/json\r\n
Action.c(260):     access-control-allow-credentials: true\r\n
Action.c(260):     access-control-allow-origin: https://www.advantageonlineshopping.com\r\n
Action.c(260):     vary: origin,accept-encoding\r\n
Action.c(260):     expires: 0\r\n
Action.c(260):     cache-control: no-store\r\n
Action.c(260):     x-content-type-options: nosniff\r\n
Action.c(260):     x-xss-protection: 1; mode=block\r\n
Action.c(260):     x-frame-options: DENY\r\n
Action.c(260):     content-encoding: gzip\r\n
Action.c(260):     strict-transport-security: max-age=31536000; includeSubDomains; preload\r\n
Action.c(260):     \r\n
Action.c(260): t=3806646ms: 152-byte ENCODED response body received for "https://www.advantageonlineshopping.com/order/api/v1/orders/users/298217362" (RelFrameId=1, Internal ID=3196)
Action.c(260): t=3806646ms: 180-byte DECODED response body for "https://www.advantageonlineshopping.com/order/api/v1/orders/users/298217362" (RelFrameId=1, Internal ID=3196)
Action.c(260):     {"success":true,"code":"Ok","reason":"order completed successfully","orderNumber":88225637
Action.c(260):     43,"paymentConfirmationNumber":8822356190,"trackingNumber":1730893688,"hasWarranty":false}
Action.c(260): t=3806646ms: 10-byte ENCODED response body received for "https://www.advantageonlineshopping.com/order/api/v1/orders/users/298217362" (RelFrameId=1, Internal ID=3196)
Action.c(260): t=3806647ms: Request done "https://www.advantageonlineshopping.com/order/api/v1/orders/users/298217362"  	[MsgId: MMSG-26000]
Action.c(260): web_custom_request("964281101_4") was successful, 162 body bytes, 492 header bytes  	[MsgId: MMSG-26386]
Action.c(275): web_custom_request("964281101_5") started  	[MsgId: MMSG-26355]
Action.c(275): Notify: Parameter Substitution: parameter "userId_1" =  "298217362"	[MsgId: MMSG-13992]
Action.c(275): The request to server https://www.advantageonlineshopping.com/order/api/v1/carts/298217362" is done with headers:
Action.c(275):     :method = DELETE
Action.c(275):     :scheme = https
Action.c(275):     :path = /order/api/v1/carts/298217362
Action.c(275):     :authority = www.advantageonlineshopping.com
Action.c(275):     Authorization = Basic U2FzdWtlMjM6U2hhcjFuZ2Fu
Action.c(275):     Referer = https://www.advantageonlineshopping.com/
Action.c(275):     Sec-Fetch-Dest = empty
Action.c(275):     Sec-Fetch-Mode = cors
Action.c(275):     Sec-Fetch-Site = same-origin
Action.c(275):     Origin = https://www.advantageonlineshopping.com
Action.c(275):     User-Agent = Mozilla/5.0 (Windows NT 10.0; Win64; x64; rv:130.0) Gecko/20100101 Firefox/13
Action.c(275):     0.0
Action.c(275):     Accept-Encoding = gzip, deflate
Action.c(275):     Accept-Language = ru-RU,ru;q=0.8,en-US;q=0.5,en;q=0.3
Action.c(275):     Accept = */*
Action.c(275):     content-length = 0
Action.c(275):     cookie = JSESSIONID=9C88C0BE918B305AD566413079F159B9
Action.c(275): t=3807034ms: 492-byte response headers for "https://www.advantageonlineshopping.com/order/api/v1/carts/298217362" (RelFrameId=1, Internal ID=3197)
Action.c(275):     HTTP/2.0 200\r\n
Action.c(275):     Status: 200\r\n
Action.c(275):     server: nginx/1.18.0 (Ubuntu)\r\n
Action.c(275):     date: Mon, 18 Nov 2024 18:34:21 GMT\r\n
Action.c(275):     content-type: application/json\r\n
Action.c(275):     access-control-allow-credentials: true\r\n
Action.c(275):     access-control-allow-origin: https://www.advantageonlineshopping.com\r\n
Action.c(275):     vary: origin,accept-encoding\r\n
Action.c(275):     expires: 0\r\n
Action.c(275):     cache-control: no-store\r\n
Action.c(275):     x-content-type-options: nosniff\r\n
Action.c(275):     x-xss-protection: 1; mode=block\r\n
Action.c(275):     x-frame-options: DENY\r\n
Action.c(275):     content-encoding: gzip\r\n
Action.c(275):     strict-transport-security: max-age=31536000; includeSubDomains; preload\r\n
Action.c(275):     \r\n
Action.c(275): t=3807035ms: 56-byte ENCODED response body received for "https://www.advantageonlineshopping.com/order/api/v1/carts/298217362" (RelFrameId=1, Internal ID=3197)
Action.c(275): t=3807035ms: 40-byte DECODED response body for "https://www.advantageonlineshopping.com/order/api/v1/carts/298217362" (RelFrameId=1, Internal ID=3197)
Action.c(275):     {"userId":298217362,"productsInCart":[]}
Action.c(275): t=3807035ms: 10-byte ENCODED response body received for "https://www.advantageonlineshopping.com/order/api/v1/carts/298217362" (RelFrameId=1, Internal ID=3197)
Action.c(275): t=3807036ms: Request done "https://www.advantageonlineshopping.com/order/api/v1/carts/298217362"  	[MsgId: MMSG-26000]
Action.c(275): web_custom_request("964281101_5") was successful, 66 body bytes, 492 header bytes  	[MsgId: MMSG-26386]
Action.c(285): Notify: Transaction "PayNow" ended with a "Pass" status (Duration: 1,6949 Wasted Time: 0,0000).	[MsgId: MMSG-16871]
Action.c(286): lr_think_time: 2,00 seconds.	[MsgId: MMSG-15948]
..\\..\\Transactions\\common_lib.h(190): Notify: Transaction "Logout" started.	[MsgId: MMSG-16999]
..\\..\\Transactions\\common_lib.h(191): web_reg_find started  	[MsgId: MMSG-26355]
..\\..\\Transactions\\common_lib.h(191): Registering web_reg_find was successful  	[MsgId: MMSG-26390]
..\\..\\Transactions\\common_lib.h(193): web_add_header("Origin") started  	[MsgId: MMSG-26355]
..\\..\\Transactions\\common_lib.h(193): An unrecognized header ("Origin") is being added  	[MsgId: MMSG-26595]
..\\..\\Transactions\\common_lib.h(193): "Origin: https://www.advantageonlineshopping.com" header registered for adding to requests from the immediately following Action function  	[MsgId: MMSG-26506]
..\\..\\Transactions\\common_lib.h(193): web_add_header("Origin") was successful  	[MsgId: MMSG-26392]
..\\..\\Transactions\\common_lib.h(196): web_add_header("Priority") started  	[MsgId: MMSG-26355]
..\\..\\Transactions\\common_lib.h(196): An unrecognized header ("Priority") is being added  	[MsgId: MMSG-26595]
..\\..\\Transactions\\common_lib.h(196): "Priority: u=0" header registered for adding to requests from the immediately following Action function  	[MsgId: MMSG-26506]
..\\..\\Transactions\\common_lib.h(196): web_add_header("Priority") was successful  	[MsgId: MMSG-26392]
..\\..\\Transactions\\common_lib.h(199): web_add_header("SOAPAction") started  	[MsgId: MMSG-26355]
..\\..\\Transactions\\common_lib.h(199): "SOAPAction: com.advantage.online.store.accountserviceAccountLogoutRequest" header registered for adding to requests from the immediately following Action function  	[MsgId: MMSG-26506]
..\\..\\Transactions\\common_lib.h(199): web_add_header("SOAPAction") was successful  	[MsgId: MMSG-26392]
..\\..\\Transactions\\common_lib.h(202): web_add_header("X-Requested-With") started  	[MsgId: MMSG-26355]
..\\..\\Transactions\\common_lib.h(202): An unrecognized header ("X-Requested-With") is being added  	[MsgId: MMSG-26595]
..\\..\\Transactions\\common_lib.h(202): "X-Requested-With: XMLHttpRequest" header registered for adding to requests from the immediately following Action function  	[MsgId: MMSG-26506]
..\\..\\Transactions\\common_lib.h(202): web_add_header("X-Requested-With") was successful  	[MsgId: MMSG-26392]
..\\..\\Transactions\\common_lib.h(205): web_custom_request("AccountLogoutRequest") started  	[MsgId: MMSG-26355]
..\\..\\Transactions\\common_lib.h(205): Notify: Parameter Substitution: parameter "userId_1" =  "298217362"	[MsgId: MMSG-13992]
..\\..\\Transactions\\common_lib.h(205): Notify: Parameter Substitution: parameter "authorization_1" =  "U2FzdWtlMjM6U2hhcjFuZ2Fu"	[MsgId: MMSG-13992]
..\\..\\Transactions\\common_lib.h(205): The request to server https://www.advantageonlineshopping.com/accountservice/ws/AccountLogoutRequest" is done with headers:
..\\..\\Transactions\\common_lib.h(205):     :method = POST
..\\..\\Transactions\\common_lib.h(205):     :scheme = https
..\\..\\Transactions\\common_lib.h(205):     :path = /accountservice/ws/AccountLogoutRequest
..\\..\\Transactions\\common_lib.h(205):     :authority = www.advantageonlineshopping.com
..\\..\\Transactions\\common_lib.h(205):     Authorization = Basic U2FzdWtlMjM6U2hhcjFuZ2Fu
..\\..\\Transactions\\common_lib.h(205):     Content-Type = text/xml; charset=UTF-8
..\\..\\Transactions\\common_lib.h(205):     Referer = https://www.advantageonlineshopping.com/
..\\..\\Transactions\\common_lib.h(205):     Origin = https://www.advantageonlineshopping.com
..\\..\\Transactions\\common_lib.h(205):     Priority = u=0
..\\..\\Transactions\\common_lib.h(205):     SOAPAction = com.advantage.online.store.accountserviceAccountLogoutRequest
..\\..\\Transactions\\common_lib.h(205):     X-Requested-With = XMLHttpRequest
..\\..\\Transactions\\common_lib.h(205):     Sec-Fetch-Dest = empty
..\\..\\Transactions\\common_lib.h(205):     Sec-Fetch-Mode = cors
..\\..\\Transactions\\common_lib.h(205):     Sec-Fetch-Site = same-origin
..\\..\\Transactions\\common_lib.h(205):     User-Agent = Mozilla/5.0 (Windows NT 10.0; Win64; x64; rv:130.0) Gecko/20100101 Firefox/13
..\\..\\Transactions\\common_lib.h(205):     0.0
..\\..\\Transactions\\common_lib.h(205):     Accept-Encoding = gzip, deflate
..\\..\\Transactions\\common_lib.h(205):     Accept-Language = ru-RU,ru;q=0.8,en-US;q=0.5,en;q=0.3
..\\..\\Transactions\\common_lib.h(205):     Accept = */*
..\\..\\Transactions\\common_lib.h(205):     content-length = 430
..\\..\\Transactions\\common_lib.h(205): The request to server "https://www.advantageonlineshopping.com/accountservice/ws/AccountLogoutRequest" is done with body:
..\\..\\Transactions\\common_lib.h(205):     <?xml version="1.0" encoding="UTF-8"?><soap:Envelope xmlns:soap="http://schemas.xmlsoap.or
..\\..\\Transactions\\common_lib.h(205):     g/soap/envelope/" xmlns:xsi="http://www.w3.org/2001/XMLSchema-instance" xmlns:xsd="http://
..\\..\\Transactions\\common_lib.h(205):     www.w3.org/2001/XMLSchema"><soap:Body><AccountLogoutRequest xmlns="com.advantage.online.st
..\\..\\Transactions\\common_lib.h(205):     ore.accountservice"><loginUser>298217362</loginUser><base64Token>Basic U2FzdWtlMjM6U2hhcjF
..\\..\\Transactions\\common_lib.h(205):     uZ2Fu</base64Token></AccountLogoutRequest></soap:Body></soap:Envelope>
..\\..\\Transactions\\common_lib.h(205): t=3809495ms: 735-byte response headers for "https://www.advantageonlineshopping.com/accountservice/ws/AccountLogoutRequest" (RelFrameId=1, Internal ID=3198)
..\\..\\Transactions\\common_lib.h(205):     HTTP/2.0 200\r\n
..\\..\\Transactions\\common_lib.h(205):     Status: 200\r\n
..\\..\\Transactions\\common_lib.h(205):     server: nginx/1.18.0 (Ubuntu)\r\n
..\\..\\Transactions\\common_lib.h(205):     date: Mon, 18 Nov 2024 18:34:24 GMT\r\n
..\\..\\Transactions\\common_lib.h(205):     content-type: text/xml;charset=utf-8\r\n
..\\..\\Transactions\\common_lib.h(205):     content-length: 402\r\n
..\\..\\Transactions\\common_lib.h(205):     x-content-type-options: nosniff\r\n
..\\..\\Transactions\\common_lib.h(205):     x-xss-protection: 1; mode=block\r\n
..\\..\\Transactions\\common_lib.h(205):     cache-control: no-store\r\n
..\\..\\Transactions\\common_lib.h(205):     pragma: no-cache\r\n
..\\..\\Transactions\\common_lib.h(205):     expires: 0\r\n
..\\..\\Transactions\\common_lib.h(205):     x-frame-options: DENY\r\n
..\\..\\Transactions\\common_lib.h(205):     access-control-request-method: POST, GET, OPTIONS, DELETE\r\n
..\\..\\Transactions\\common_lib.h(205):     access-control-allow-methods: POST, GET, OPTIONS, DELETE\r\n
..\\..\\Transactions\\common_lib.h(205):     access-control-max-age: 3600\r\n
..\\..\\Transactions\\common_lib.h(205):     access-control-allow-headers: Origin, X-Requested-With, Content-Type, Accept, Key, soapact
..\\..\\Transactions\\common_lib.h(205):     ion\r\n
..\\..\\Transactions\\common_lib.h(205):     access-control-allow-origin: *\r\n
..\\..\\Transactions\\common_lib.h(205):     accept: text/xml, text/html, image/gif, image/jpeg, *; q=.2, */*; q=.2\r\n
..\\..\\Transactions\\common_lib.h(205):     soapaction: ""\r\n
..\\..\\Transactions\\common_lib.h(205):     strict-transport-security: max-age=31536000; includeSubDomains; preload\r\n
..\\..\\Transactions\\common_lib.h(205):     \r\n
..\\..\\Transactions\\common_lib.h(205): t=3809497ms: 402-byte response body for "https://www.advantageonlineshopping.com/accountservice/ws/AccountLogoutRequest" (RelFrameId=1, Internal ID=3198)
..\\..\\Transactions\\common_lib.h(205):     <SOAP-ENV:Envelope xmlns:SOAP-ENV="http://schemas.xmlsoap.org/soap/envelope/"><SOAP-ENV:He
..\\..\\Transactions\\common_lib.h(205):     ader/><SOAP-ENV:Body><ns2:AccountLogoutResponse xmlns:ns2="com.advantage.online.store.acco
..\\..\\Transactions\\common_lib.h(205):     untservice"><ns2:StatusMessage><ns2:success>true</ns2:success><ns2:userId>298217362</ns2:u
..\\..\\Transactions\\common_lib.h(205):     serId><ns2:reason>Logout Successful</ns2:reason></ns2:StatusMessage></ns2:AccountLogoutRes
..\\..\\Transactions\\common_lib.h(205):     ponse></SOAP-ENV:Body></SOAP-ENV:Envelope>
..\\..\\Transactions\\common_lib.h(205): t=3809498ms: Request done "https://www.advantageonlineshopping.com/accountservice/ws/AccountLogoutRequest"  	[MsgId: MMSG-26000]
..\\..\\Transactions\\common_lib.h(205): Registered web_reg_find successful for "Text=Logout Successful" (count=1)  	[MsgId: MMSG-26364]
..\\..\\Transactions\\common_lib.h(205): web_custom_request("AccountLogoutRequest") was successful, 402 body bytes, 735 header bytes  	[MsgId: MMSG-26386]
..\\..\\Transactions\\common_lib.h(217): Notify: Transaction "Logout" ended with a "Pass" status (Duration: 0,4549 Wasted Time: 0,0000).	[MsgId: MMSG-16871]
Action.c(290): Notify: Transaction "US3_Buying _Products" ended with a "Pass" status (Duration: 31,2063 Think Time: 14,0496 Wasted Time: 0,0053).	[MsgId: MMSG-16870]
Ending action Action.	[MsgId: MMSG-15918]
Action was aborted.	[MsgId: MMSG-10694]
Ending Vuser...	[MsgId: MMSG-15966]
Starting action vuser_end.	[MsgId: MMSG-15919]
Ending action vuser_end.	[MsgId: MMSG-15918]
Vuser Terminated.	[MsgId: MMSG-15963]
Action.c(74): t=3809500ms: Closed connection [0] to www.advantageonlineshopping.com:443 after completing 0 request(s)  	[MsgId: MMSG-26000]
Action.c(74): t=3809501ms: Closed connection [1] to www.googletagmanager.com:443 after completing 0 request(s)  	[MsgId: MMSG-26000]
HTML-Mode memory management statistics: Reusable=1, NonReusable=0, CsMemBlockSize=4096, checks disabled  	[MsgId: MMSG-26000]
Vuser 7 (thread 15784), ended OK."	[MsgId: MMSG-10695]
