Action.c(198):     Priority = u=0
Action.c(198):     SOAPAction = com.advantage.online.store.accountserviceAccountLogoutRequest
Action.c(198):     X-Requested-With = XMLHttpRequest
Action.c(198):     Sec-Fetch-Dest = empty
Action.c(198):     Sec-Fetch-Mode = cors
Action.c(198):     Sec-Fetch-Site = same-origin
Action.c(198):     User-Agent = Mozilla/5.0 (Windows NT 10.0; Win64; x64; rv:130.0) Gecko/20100101 Firefox/13
Action.c(198):     0.0
Action.c(198):     Accept-Encoding = gzip, deflate
Action.c(198):     Accept-Language = ru-RU,ru;q=0.8,en-US;q=0.5,en;q=0.3
Action.c(198):     Accept = */*
Action.c(198):     content-length = 430
Action.c(198): The request to server "https://www.advantageonlineshopping.com/accountservice/ws/AccountLogoutRequest" is done with body:
Action.c(198):     <?xml version="1.0" encoding="UTF-8"?><soap:Envelope xmlns:soap="http://schemas.xmlsoap.or
Action.c(198):     g/soap/envelope/" xmlns:xsi="http://www.w3.org/2001/XMLSchema-instance" xmlns:xsd="http://
Action.c(198):     www.w3.org/2001/XMLSchema"><soap:Body><AccountLogoutRequest xmlns="com.advantage.online.st
Action.c(198):     ore.accountservice"><loginUser>554669852</loginUser><base64Token>Basic RGVhbjEzOlcxbmNoZXN
Action.c(198):     0ZXI=</base64Token></AccountLogoutRequest></soap:Body></soap:Envelope>
Action.c(198): t=2814110ms: 735-byte response headers for "https://www.advantageonlineshopping.com/accountservice/ws/AccountLogoutRequest" (RelFrameId=1, Internal ID=442)
Action.c(198):     HTTP/2.0 200\r\n
Action.c(198):     Status: 200\r\n
Action.c(198):     server: nginx/1.18.0 (Ubuntu)\r\n
Action.c(198):     date: Sun, 17 Nov 2024 21:51:47 GMT\r\n
Action.c(198):     content-type: text/xml;charset=utf-8\r\n
Action.c(198):     content-length: 402\r\n
Action.c(198):     x-content-type-options: nosniff\r\n
Action.c(198):     x-xss-protection: 1; mode=block\r\n
Action.c(198):     cache-control: no-store\r\n
Action.c(198):     pragma: no-cache\r\n
Action.c(198):     expires: 0\r\n
Action.c(198):     x-frame-options: DENY\r\n
Action.c(198):     access-control-request-method: POST, GET, OPTIONS, DELETE\r\n
Action.c(198):     access-control-allow-methods: POST, GET, OPTIONS, DELETE\r\n
Action.c(198):     access-control-max-age: 3600\r\n
Action.c(198):     access-control-allow-headers: Origin, X-Requested-With, Content-Type, Accept, Key, soapact
Action.c(198):     ion\r\n
Action.c(198):     access-control-allow-origin: *\r\n
Action.c(198):     accept: text/xml, text/html, image/gif, image/jpeg, *; q=.2, */*; q=.2\r\n
Action.c(198):     soapaction: ""\r\n
Action.c(198):     strict-transport-security: max-age=31536000; includeSubDomains; preload\r\n
Action.c(198):     \r\n
Action.c(198): t=2814111ms: 402-byte response body for "https://www.advantageonlineshopping.com/accountservice/ws/AccountLogoutRequest" (RelFrameId=1, Internal ID=442)
Action.c(198):     <SOAP-ENV:Envelope xmlns:SOAP-ENV="http://schemas.xmlsoap.org/soap/envelope/"><SOAP-ENV:He
Action.c(198):     ader/><SOAP-ENV:Body><ns2:AccountLogoutResponse xmlns:ns2="com.advantage.online.store.acco
Action.c(198):     untservice"><ns2:StatusMessage><ns2:success>true</ns2:success><ns2:userId>554669852</ns2:u
Action.c(198):     serId><ns2:reason>Logout Successful</ns2:reason></ns2:StatusMessage></ns2:AccountLogoutRes
Action.c(198):     ponse></SOAP-ENV:Body></SOAP-ENV:Envelope>
Action.c(198): t=2814111ms: Request done "https://www.advantageonlineshopping.com/accountservice/ws/AccountLogoutRequest"  	[MsgId: MMSG-26000]
Action.c(198): Registered web_reg_find successful for "Text=Logout Successful" (count=1)  	[MsgId: MMSG-26364]
Action.c(198): web_custom_request("AccountLogoutRequest") was successful, 402 body bytes, 735 header bytes  	[MsgId: MMSG-26386]
Action.c(210): Notify: Transaction "Logout" ended with a "Pass" status (Duration: 0,6092 Wasted Time: 0,0000).	[MsgId: MMSG-16871]
Action.c(212): Notify: Transaction "US1_Authorization" ended with a "Pass" status (Duration: 16,3472 Think Time: 10,0170 Wasted Time: 0,0032).	[MsgId: MMSG-16870]
Ending action Action.	[MsgId: MMSG-15918]
Action was aborted.	[MsgId: MMSG-10694]
Ending Vuser...	[MsgId: MMSG-15966]
Starting action vuser_end.	[MsgId: MMSG-15919]
Ending action vuser_end.	[MsgId: MMSG-15918]
Vuser Terminated.	[MsgId: MMSG-15963]
t=2814112ms: Closed connection [0] to www.advantageonlineshopping.com:443 after completing 0 request(s)  	[MsgId: MMSG-26000]
t=2814112ms: Closed connection [1] to www.googletagmanager.com:443 after completing 0 request(s)  	[MsgId: MMSG-26000]
HTML-Mode memory management statistics: Reusable=1, NonReusable=0, CsMemBlockSize=4096, checks disabled  	[MsgId: MMSG-26000]
Vuser 4 (thread 5884), ended OK."	[MsgId: MMSG-10695]
