Action.c(113):     ^i\xED\x9C^\xAA#\xA0\xD9\r$\xC0\xFC^.t\xC1+,\xC6\x92\xE4\xFF\n
Action.c(113):     '\x10q\xD9\xB3\xA1'\xEE]\xB6*3\\m\x0E\xBEt\xCF3/\xD1\xB7\x85kb\x0F\xEC\xDF\xFD\xF4\x0C\xE1
Action.c(113):     \xDB\xC3\xAFn\x19u\xE3\x0F\x8CVU ;\x9F\x81\xB1X\xD1\x07fe>\x0Fj\xF8\xC0l~\x84\xE3\xA0\x84\xAD
Action.c(113):     \xED}`\xBE\xE2\xAA\xEEtPP\xA9\xA3\x03\xBB\xEB\xC3i\x9D\xD4\xFD\xC8\x8Ay\xF3\xC4\xF3\x0Fo\xA7
Action.c(113):     x\xCDs\t\x91U\xB8\xA6\x97\x0E0\xD0sj\x1A\xFA\xC1(\xFA\xC1\x14\x93=\xD9\x0F\xE6j\xF5\x83Y[\xFD
Action.c(113):     `\xB7\x1D8\xF7h?X\xCF#\xDF?\xC0A\x80R\x93\xA2J\x9B5\xB7\xFD\xA0\xAC\xA6m^\xB7\xE5\xB7\xEF_
Action.c(113):     c_G\xFF\x98k\xB3f\xB1q\xFF\xD8\x96\xBF\x1Cx\xA5\x8D#l]/\xE9{\x95\x9D\x91\x9CM\xB2\xA4\xC0\x99
Action.c(113):     -\xBF~\xFF:;\x13\xF7\x91\x81\xC0kr\xBAR\xF1\xCB\xF2\xF7Q\xF6Q\x9A\xB3\xC9\x93\xE6>\xCAY\x06
Action.c(113):     \x17Hz\x07\xDF0<hI'\xE1B\x08A\xFAZ\x05Q\x92\xCD\x16\xA7\xCB\xEDi\xF5\x97\xD1\xBE\xA9xZ1\x99
Action.c(113):     -\xA9\xF8I\x9A\xF7\xE8\x9A\x14\n
Action.c(113):     \xA4\xE1q4$\xBF'\x9F\x86\xE1\xB7\xAF\x0F\xF5$\x1Cj\xE7\xF6\xFE\xB0A9\xED\xD7\xF0/\xFD\x95\xEE
Action.c(113):     \xFB\xFB\xE8\xAF\x84\xF4\xDFk\x95:\xFD \xC0\xB3#-\x1F\xD1\x8FEz\xA4\xE5c\xFA\x91H\x0F\xBF*
Action.c(113):     V\xAFYsd\x0F\x97IaX\xF7G`\x8D\xDA\xFA\xD3\xE8\x89\xF9\xD3\xC2t\x8E~\xE7)t\x18\xBD\xE8\x14\xFD
Action.c(113):     N:\xE7d}\xAE>O\xA8\x12R\xF5\x02\xFAI\xEC\xE7\xD8\xBB\xF4\x88.\xE1j\x03\xBEG>H\x07+6\xCEV\xC8
Action.c(113):     Un\x94y>?\xEA\x15\xE0.w{\xEEb\xDCk\x80\xF3>\xB4\xAA\x07\x1DY\xA1(\xF4\xD6\x9Ez~\xD7[\xA6xj
Action.c(113):     l\x16[W\xFB\xC5\xA3*N\x82\t\xDE{\x9DS\xDC}\xD8=\xE6~\x93\x14\x14\x95\xEBF\xABlnCanO\xC0}\xDB
Action.c(113):     \xF9\xD8P\xF01w\xCA\t\xF8\xD8\x86\n
Action.c(113):     \xDBc\x17\n
Action.c(113):     ?\xC7\x1AE\xA1\xAB\xF8^\xB8\xF6HW\xC3\xC7v\x86~\x9A\xF0\xA0\xD2\x8B\xE4\x91a\x04\xE4F\xD4\xC7
Action.c(113):     \xB2\x911\x8B\x9C*\xE4/pd\xF1G\xCDF\x86r\xBE_\xCDf0:\r\xB6\xB1=\x10\xC9NCY\x92\rR\x18\xF3\x86
Action.c(113):     `\xEA\x18\x8C\xF1d7\xB2\xF0\xA4\xB3Q\xB5\xB85\xD9\xC1\xD5\x11\xAB\x19a\xC2\x05\x0BI\xE2A\x0C
Action.c(113):     \x13\x8Fa\x9C1e\xE2\xBC\xE7R\xEF\x9Fq\xF5\xB5\xD7^=kN\xDAs\xF3&\n
Action.c(113):     \xF9\xFD\xE6\xDC\xF9\xC7\x8A\x1F\xC3\xD55\xFB\x16\xFD1\xFE\xC9\xCC\xAC\xA7\xC7\xFD\xFE\xC8
Action.c(113):     ;\xDDj\xC2\xDF/\xFF\xFD\xCEy\xCC7\xF8\x0B\xF9\x8E\xF9\xF1rH'\xA1_\x14$\xABB\xFA/\xCA\xC6\x83
Action.c(113):     \xDC\xEFJ`\xBE\x03\xE2\xF3\xCD\x8Bg_\xC3\xEAE\xD3\xF9|S\xFC\xD1\xD4\xD6\xF9\x8A{U+\x0F\xBD
Action.c(113):     \xBBa\xBE"\x9Boz|\xBE>\xC6M8\xDFt\x84\xBEj\x8A[\xB32[\x18\xAC\x186]>=\\z\x9Cn\xD0\x8B6%\xCC
Action.c(113):     \xFE\xFEY\xA3\xAE\xBBn\xD4\x8C\xD9)+\xE7O\x9C\x82s\xD7o\xE9\xF6\xCE#\xBF\x8F{:+\xF3\xC9\xF1
Action.c(113):     \x7F,\xDAWS\x1D\xFEq\xC5\x1Fw\xCE\xE97\x7F\xDA\xEF+\xBE\x0B\xB3q?J\xD7K\x9F\x8B\n
Action.c(113):     \xC9\xC4J=\xB09,R3\x88\x1CD\xE7T\xCDb\x13\xCFLe\xE9]L\xF48\x9B\xB5lt6d"te\x19\\\xB8W5L\xD2
Action.c(113):     \x86\xB1j\x8A\x07^E\x00\x0B\x0E#\xF9\x11\xD51Wn>nJ2\x03\xD8\xFB\xE8\xFC\xB1\x17\xCC\xBD\xF8
Action.c(113):     \xE4\x9B\xFB\\pK\xAF\x87n\x1Az\xFF\xF0S\xC6\xF5\xBAh\x0C\xFD`\xCA\xCA\xB3\xCF\xE9\xDD0\xEB
Action.c(113):     f\xC7\x04u\xC0\xB9=zL\x9F\xC81\xD9|\xFD^\xF2\x0B\xF0\xA9\x91\xEB\x87\xB2?J\xCC$S:\xA1\x8AE
Action.c(113):     \xA6\x8A\x12\x95\x8A\xE2\x83O>y\xE8\xB7x\xAD"%w\xB7\xD8\xC4\xD7\xE52\xD8y\x13\xB9\xFFH\xCD
Action.c(113):     \x0Bbr[\xA4\x90\xE9\xB6\xC2\x02\x0B\x87MX\x80\x91\x8A9\xB9\xCC\n
Action.c(113):     \x95dT\x87m|K\x05<\xDF \xDF\x81\x96 \xA2\x01\xC3\xD9\x94\x05\xD8\xC0\xCA\x9DM\xF9\x05@+t\xFB
Action.c(113):     \xB5\xBA\x9B\xB2\x13\xEE\xA66EcI\xEE\xA6tV7V&\xDC\xBD\x7Fkx\xF1\xBB\xA2\x98\xE4n\x92\xF6?\x14
Action.c(113):     \xDE\xB6\x0F@\xED\xB7\xB4\xDC\xFA\xFE\xFB\xD6\xAD\xCB\xDB8\x9C\x16\xAE\xB3|\xFA\xA9\x8D\x96
Action.c(113):     \xB1yb=\xA4K~\x85\x14\x91\xE9\xBC\xDEI\xCB\x05\x1C\x98\x19\x88(\x02\xF7\xDAD\t\xCDQ\x1CU\xAA
Action.c(113):     \x9B'~\xA7\x05\x9Al9\x8A\x19fY\xECW\x8B\x12\x8E\x0FW R\xC4\xBC\x1DE\x043V\x8Ar,Uj\x91S-\xC4
Action.c(113):     \xF8\\\xBA\xA59\x92^\xC8`@\x1A~\x98\x9E\xDDZ\xF3h\xB55k%\x08+\xD3\xD1=\x98b\xE0\xF7\xA0\xC8
Action.c(113):     X$Q)\x87I\xD5\xC0(\xA6B_a}0\xE4\xAE/?\xE9g\xDBk\xCB^xB\x14\xFC\xF3\xEF\x9D\xBF\xDCF?\xD2K\xCC
Action.c(113):     \xA7\xF7\x13+\xE8\x91\x1B\xAD\x17]h\x16\x16\x85h\x9F\xD7\x9B_\x8F\xC8\xEAc;\xD6\xE8/\x87v\xDE
Action.c(113):     \xF6a\xBFP\xC8I\xC5\x19;\x81o\xC6\xB4|)\x8F\x94~f\x99\xC0\xB7\x90H>\xCB\x04.\x0E\x06\xB5r`
Action.c(113):     \xF2j\x10\xDD\x12\xF7\x19K{\xB5\x12X\xB6\x12V\x17\x88\xD3`i\xBE%\x12\x0C\xD5R\x0C\x1C]\xE9
Action.c(113):     ZC\xADNOfN\x91\t}T\xE9n\xCD\x95\x8D\x8BX\x9E\x0F\xDF\xC8\xC2\xC4\xDFj\xF8\x86\xC9\xEA\xC9t
Action.c(113):     \x16\xE5\xE07\x1Cn\xCD\xCC6\xACQ\xDD\x15.\x0F\x1B\xF6]\xD8\xC7\x93\xC4L\x80R\xB9\xFC6y\xD2
Action.c(113):     \xD0\x8A\x01[\x06\x8C\x981M\xA7\x9E5\xF8\xCC\x97*6\x0C~\xEB\xE61o\r\xD9\xD4\xE5\xE5\xD3\x07
Action.c(113):     \x9Fy\xF2\xEA.\xD1!\xEF\x8E\x1B\xFF\xEE\x105@{\x7F\xFC!\xED\xA3\xBF\xFC\xE1\xC7\xFA\x16\xC7
Action.c(113):     \xEA\xF3\xF6\xDC:\xF1\xFD\xF3_.\xDF<\xF0\xFC\x0B\x06m\xAD\xD8v\xFE?\xC7\xDF\xF2\xF6\xB9\xEB
Action.c(113):     *\xD6\x9Cw\xF1\xF0s\xA3\xC2\xC4\x03\xFA\x0B\xF4\x9C\x03?\xD0\xC1\xBA\x8A<\xD0\x1Dx`\x02\xC8
Action.c(113):     \xB6Lr+\x8F\x90\xC7\xE3xQO\x9A\x8B8\x98m\xEB\x91\xD1\xFB\x10\xF5e\xB0\x13\xE6\xA0\xE6\x93\x91
Action.c(113):     \x7F\x990p\xED\x05\xB3\x97\xC1o[\x00T6\xAE\xB43\xC5\x82ID\x11\x97\x93\xD5=`\x95\xAB/\xC0d\x84
Action.c(113):     \x13\xB3\x84%\x11\xE9D2\xDA\xAB.Xg/w\x82\x81\x1E\xC1\x7F\xDDO\xA2\xDB2\xE4\x0C\xBA\xB5\x9F
Action.c(113):     \xEE\xA3\xCF\xEA=\xE96\xBDgH\xEFM\xB7\xC0\xCFS\xB2\x1A\x0B\x04\x83\xC2\x9BG~\x0B\xFF\x14\xD6
Action.c(113):     \xD7\xD1\xFE\xF0\x82ra%\xC8\xEA\xCF\x8CZ\xE6"\x92\\\xC2\x9C\xE4\x93I\x12\x03\xE8\x93\x81\x9F
Action.c(113):     \x95\xA1\x10Hn\xE1\xA7\x98S\xDC!\xFC+f%\xDC\xC7\xE6\x92\xFA\xC3\xFE\x08\x92\x93\xC9T\x12\xF1
Action.c(113):     \xE1\xAE\xC8\x87}\xD0\xCD\xC8\xB2=\x05\x91\xBFJ\x02Z\x1D\xB3>\x9A\xD2\xEA\x10\xFF\x17YX=\xA0
Action.c(113):     9Q2\xA9f\xE3N\xC8\x81=\x9F\xE3\xD7\xB2\xDD\xCDM=j\xB0B\xA4\x02\x06q*\x9A\xB1E.w_\x1B\x18\x02
Action.c(113):     \xBE\xFC\xB2\xAAn\r\xBDOb\xF6@\xBE\x8C\x85\x81BZVvM\xC3IL \x00riWR\x1A\xCF"?\xBA\xAA4^\x15
Action.c(113):     \xE2IK\x97},c\xB6\xB4\x86\x02sM\x10jtm\xED\xEE%\x9F\xFF\xFE\xF3\xC2{&\x8E\xFF\xD7\x9B{\x0F
Action.c(113):     HB\xCD\xBB\xEB_\xD9\xF9\xF8\x0FG>{r\xE6\xB4\xA9\xBF\xBD\xF9\x86\xDE\xDC\x03\x94\xEA\xA9K\xD6
Action.c(113):     m\xD2cy\xA1\x8C\x85\x8BN\x95\x85\xED\xD1%S\xC7\xCF\xE8\xD9}\xD9\xE2\xEBf{k\xE7\x8E}l\xE3\xC7
Action.c(113):     \xAF)O\xBC\xB7t\xF2\xED\xD3O\xEE\xFB\xF0\xA3\xD7\xCCN\x0B\xCC\x19\xB7d\xED\x1B\xE2YwL\x1B\xE8
Action.c(113):     \xA1w^1\xE9\xFE\xD3\x95T\x8B\xE9n\xA4\xE3"\xB9\xBBp\xD0X\x93~$\x91}\x04\xEFN\x95P@\xF2\xAC
Action.c(113):     O\xFE6Iz\xE7\xC1\x87"K\xA3\x89\x9A\xD8\xBB$\xD1\r\xB2\xC0\xBBh\x06\x1D8]\xEE~+\xFCGX4jR\xCB
Action.c(113):     w\x8AI\xDE\x06\xB8\xCCG\xEA\xC94\x1E\x87\xD4Re#\xBB\xDD+7G\x83U\x16\xCCn\x0F\xC2aN\t;\xCC\xC1
Action.c(113):     \r\x1FbR\xDB\x0Ev\xAF\x9D\x9B\xEC\x15\xB0r\x15N\xAD\x86\xE7\xBC\xD7b\xE6A@\xADu\xA2\x81\xC9
Action.c(113):     \xB2~\xC3\xB8\xBA\x15.\xF7jK\xAAW,\xC9\t\xF2\xE2\x8A*X3\xC5\xEE\xCE'\x055\xB5\\\x88\xF34\x91
Action.c(113):     x\xB2M\xE2\xB8\xDD\xC2\xE5\x1A+\x8B\x92\x1D\xF6\xFF$\xBA\x98V\xD0r\xFA\xB8~\x99\xFE>\xFC\xBB
Action.c(113):     \xAC\x81N\x06-\xE0\xA0S\xF5)\xFA/\xFA\xCF\xFATz\x9Av\xFF}\x8BE\xB1\xEB\x94q\x93f\xCF\xFA\xDB
Action.c(113):     \xF8\xDB\xBB\x8A\xE2c\xF7\xCDQ\x85\xF7i\x0F\xAA\xEA\x83\xF5W\xF4m\xFA \x1A\xA1=\xF5\x8F\xF4
Action.c(113):     k\xE9\x03\xB4\x88\x16\xD2\xF9\xFA\xF5\xFA\xD2q+\xDF{|\x812u\xDA\xC6\xFB\xC7\xCF]?\xF9N\xE5
Action.c(113):     \xC1\xC5{\x19\xAF/\x10\xA2\xC2g,w\xB0\x8A\xDCAxq\x8D\x19x=\xCF\xAF\x95\xC0n\xEFb\xA4@sGr!\xB0
Action.c(113):     x\xA1S\xB5!_;\xEC\xCC\xCDl\xB3\xE3)\xE6\xDB\x92\xB2\xC1\xCE\xC5\x9C\x9A\x0C\x96\xA1\x91\xCA
Action.c(113):     \x9D\xCC\xE5\x18\xF5r\xE6\x95\xB0\xA8\x17+C\xC9\xF05b)u$\x8D\x80\xE4l\x84\xBB\xC1\x17l\x0E
Action.c(113):     \x8F\x11\x01\x0B\xF5\xA0\x89\x08XYr\xF8\xAB\xBCM\xF4\x0B\xBE\xB0`\xC1\xAC\xFDW]6fR\x8D ?>m
Action.c(113):     \xEC}\xF6\x94\xEEV\x1B\xAD\xB8\xEB\xC2qw\x84F\x8C\x1C\xBA0m\xDFM\x93\xC4\x85W\xDEx\xEA57_2
Action.c(113):     \\V.\xBF\xE3\xFE\xBB\xF4Wk/\xEA\x9A\xD3+\xBF\xFB\x80\x89\x7F=\xEF/\x97v\xD7.d4\x98K\xE6\x89
Action.c(113):     \xB9\xE2\x0C\xA2\x10\x07)%\x98{\x8C\x9Chg\x01R\xD4\xD7\x98\x9Edg9d&[\xA3\xA1\xAE\x18\xAA\x17
Action.c(113):     \xF9\xCB\\Z\xDE_\xFF\x80\x96\xF57\xC7\x0F\x04\xC9C\xC7\xE8w\xEAw\xD11\xC6\x01\xCA\xDC\x89t
Action.c(113):     \xA68_\xF8\x99\xC8\xA4\x96g\xEE\x03\x860*8\x99I\xCD\xAA\xF3PVE$\x86\x02%\x92\xC8\x8D\xC3*\xCD
Action.c(113):     b\xD7D13$l\xA8\xD7\x17\xD1\xDA\xFFY-\xA5\x84u\xCFr\x8B\xB1g\x02\xA4\x07y\xBE\xA3]\x03\x06\x0C
Action.c(113):     n\x95nJs\xA4[\x10G\xD4-\x03\x84zE \x9A\xD9\x83}\x90\xD9Z;\x0Evv|\x0F\x05\xE00\x18P\x03N\xDC
Action.c(113):     -j\x97\x80\x96\x0B'\xCA\x03j\xAES-A\xCE\xE8\x9A\xC2\xD2zJ\xE0%\xB7uga]y\xD7\x80\xCB\x1D\xC5
Action.c(113):     \x9DU\xC0\xF6U7L\xB0.nT\x83\xAE(\xEC.\x82'\xD5\x1En5\xB7\xB3\r\xE6\n
Action.c(113):     v\x98\xC2TE3i\xBC\xA0nl\x9Bm\xF6O\xFD\xF20\x9D\xD2f\x9BM\xA1\xCF\xFCx\xFF\xBC\xC1g\xF4\xEF
Action.c(113):     m\xB6\xF4\xB0J\xE7\x8D|\xE7\x8D\xE1\x13\xAF\x99\xFA\xE2\xF1vY\xAC\x9F8d\xE2\xADg\\\x9D\x9B
Action.c(113):     ~\xED\x80\x86\xB2\x93\xD3\x9D\xDEs*C\x97\x0C\xD6g\xD2\x95#\x86\x8E\xB8\x90a\xAF\x8B\xE5I\xC2
Action.c(113):     [L&v!FJ\x90\xD4\x9C8H^:S\x9B\xA5\xBBX\x18+O\xAA\xAFg\xFC\xFA\xA8\xF8\x8Dp#\xECY\\\xBB~$\xB1
Action.c(113):     \\`Fi\xA9\n
Action.c(113):     \x0FO\xB5\xAEH\x9C\xBE\x99X\xC6dG\x18\xC3\xF4\xB0\x17\xD3#\x15\xD2\x8A\xCD\xBDI\xB5\xF7|\x03
Action.c(113):     >z\xEF\xE5\x97\xCE\x98q\xE9\xE5\xF7\x86G\r\x1A0r\xE4\x80A\xA3\xA4w/\x9F=\xFB\xF2\x913f\x8C
Action.c(113):     <\xFB\xAA\xAB\xCE\x1E|\x8DQSq:\xB9P\n
Action.c(113):     J\xBF\xC2xR\xC9E\x84\x19\xC2\xCC/\xCA\n
Action.c(113):     \x95\xC5\xCE\n
Action.c(113):     \x95\x9D\x89BeK'\x85\xCA\xAE\xA3\n
Action.c(113):     \x95\xB1\xB4\xE5t\xBA>D\x97\xEA\x7F\t\xE9?\x88'\x0B?\x86\xE8\x9Bz \xA4\x07\xE8\x9B\xB1kB<\xF7
Action.c(113):     `\x8C\xB0HxX\xDEN\xB2\xC8\x08\xB6?2\x80Ff\xBF\xE6\x94yM\xAA}/\x93^6'\x92Y\xF3\xA44G<,\x01\xCB
Action.c(113):     \x93\x05\xB7\x97Yy\xAAL\x8C\x9AT\x99I1_\x06\x93b\x19Fe#F\xEE\xE3r+\xB9\n
Action.c(113):     \xB5\xB5JS\xF6\x15z\xC7\xD0\xD3\xCE\xED3b\xC4\xD57\xD6\x8A\xF2\x82\xBF\x8D\xBD\xEB\x8A\xE1
Action.c(113):     \xFA\x1F\x02\xDD',\n
Action.c(113):     \xD3\xAE\x83\xAF\n
Action.c(113):     \x0E\x1A~\xD5`\xE5\xD2\xE9c\xFF\xDA\xFF\xAE\x0B\xBFS\xC28\xEE\xA9\xC2\xFD\xC2\n
Action.c(113):     \xF9URI\xEE#F)*\xEC\xCA4\x16\xFFM\x83\x1D\x18q0/\xA8\x02\xAA\n
Action.c(113):     \x10\x89\x9C\xEC\xAAL\xAAR\x05\xF0\x85\xF9\xC5\x19\x80?\x80!x\xA616\xBA(MA\xA5\xC6JR\xD9D\xB2
Action.c(113):     \x1AY\xDEq\x93=\xB94U#\xA5I\x85\xA9j\xFE\xBFU\x94Z6U\xA8\xBD\xED\xCA\xD17\xDF\xF0\xD71c\xAE
Action.c(113):     \xBD\xF2\x9A\xAB/\x9EX#(\x8F\x8C\x998\xFB\xF4\x93\xCE\x1C\xB8h\xD2\xD8\xA7\xC51\xCA\xA0\x91
Action.c(113):     \xC3\x07_0\xB8\xE1\x9C\x01g\x0C\x1B~\xA6r\xC9\xF8\xB1\xA3{\x8D\xC8\xF0^v\xD6\xB5\x13nakw\xBD
Action.c(113):     \xB4\x81>\x0C4`9\xC4\x1C'\x1C#oD\x13\xD1D\x16x\x1C \x9B\x06}b\xF1\xF5\xFB\x07\t_\x9F,\xBDL
Action.c(113):     eY?\xCCm\xBB\x15\xFA\x08q=\xD8\x8DY\x18\xDBu#\xDEMo\xE7?d\x8E\xFC\xECD\n
Action.c(113):     \xA5\xC0R(\xD1\x8B\xE8f8\x97\xB1\x81\x05\xF3'\xD3\x1BU\xA7K\xF5\x18\xBE\xC4&\xBB\xC3c\x94,
Action.c(113):     %;\x14\xB1qC\xDC\xABX\xEEZQ\xB7|\xFA\x8B\xCF\xBAC\x02\xA5]l\xB5\xD1{F=\xE5G\x0F~\xEC\xF6\x8F
Action.c(113):     _\\\xB7\\X\x15\xDB\xE4\xCCM\xD7\xCF|\xE3\xFA[\x86]\x15[\xC5\xC6{\x05\x00\x1B\x81\xE5U\x85\x8D
Action.c(113):     \xFCA\xDE\\\xC0\xC6f/q\xDD$9\xB1P\x82\xE9\rg\x94\xF0s\x84{ q[\x93\x1E\x98[\x05\xA6\xC4\x15
Action.c(113):     \xB0\x0B\x9BB\xB7}\xAB\xEB\xE2\xFE\xB7\xA8|h\xB0`\xA6\xA2A\x17\xE1FZ(\x9AA\x1EUp\x1Dbn\xC6
Action.c(113):     \x9F\xA4b\xFAbnL\x17'\x89\xA3\xA0w\xC5\xAD\xC2\x8D\x0B\x17\xC2\xDF\x9F\xA3\x0F\xA43\xE0J\xA9
Action.c(113):     \xA4\x9A\xA8\xA9~.\xC4`[\x9B\xF6\xB2\x12a\xB3S\x13Q{:\x8C\xA4l\x13\xD0\xCF\xC24(\x07\xB4\xE1
Action.c(113):     \xA0\xC14\xE7\\\xFD\xF0\xF0[3\xEBm\xC3G/\x9E\xAF\xDF~\xFA\xA9}\x03\xD6\t\x03L\x03\xCF\x1F:
Action.c(113):     \x8A\x8F\xF3l\xE1aZ\x052O&\x83\xE3r\x13\xB4\x92\x10\xCF)O\xAEj\x8FkO\xD8\x0E\x08\xD2\x8D\x1A
Action.c(113):     w\xF9\xB2\xCD\xDDy\xFD/q\xAA\xF2fA\x95\xE3\x81MO}\x18\xC8t\xF6\xFE\x90|k\x83\xEF\xC8;\xC2w
Action.c(113):     \x1C\x175\t\xBF\x1By\xD7\r$\x91n\x8D\xAE8\xD7\xBF\x13\x95:f_\x93\x05O\xCE\x9C\xF9\xD4\x93\xF7
Action.c(113):     \xCDz*t\xFB\xED\xE3\xEF\xB8c\xE2\x84\xA9\x12\xBDe\xC1\xFA\xF5\x0Bny`\xED\xDA\x07n[\xF4\xD8
Action.c(113):     \xA4[&>\xFE\xF8D\x1C\xCB\x14\xB2BL\x11W\xB6\xC5'0Q\x03\xA2\xB4\xE2\x13*\x998>\t[\xC0\xB0\xF2
Action.c(113):     2\xE7#\xBCL\xA1\xA5\xFA\xBE\xFE\xB4L\xFF`\x7F\xE2h\x05\x9DD\xEF\xD6\xEF\xF4\xE8\xB3\x13\x07
Action.c(113):     \x04q\xC1,B\xE4\x87Y\xBE\x96\x85\xA4\x81u\xF8\x0F\x1E\r\xE0\xDD\x04\xAC\x1E\xEC&\xA0:\x83L
Action.c(113):     \xDD\xA4\x04"^&\xAF\xBDX\xE2\xCE;\r\xE0\xAA0\xFB\xF0\xD8\x0B\x82\xD8\xDE\x03k\x92\x1E\xC0\xB2
Action.c(113):     Z\xD5\x11\x88\xB8\x99\xACu;\xB1\x15\x80\x9BI`\xD0\x13h8v\xB2n\x9A\x88&\xB9ba\x15\x84M&\xB3
Action.c(113):     \xDD\xCBd\x97\xD5\x13?\xEBua~3qGE\xC9d\xCE0\\+\xB8\xD0\xBC\xE1\x0C/F\xF7\x16\xD7\xB3b\xF4Y
Action.c(113):     \xFBC\x16\xDEU\xE6~\xDA\xD4[U\xC3\xFA\xC3t\x94R"\xDF\xC2\x19\xE2p9\xEB!\xE3/\x11N\x8E\xED\n
Action.c(113):     \xAF[\x17\xA6\x9F\n
Action.c(113):     =\xB9\xED\x81\xF4z\xDA\xA0W\t\xD9iT\xD6\x16\xC9\x9C7\xA3Yn\xAB\x00@)KnnC\xA0\xD2\xE3\x11\x88
Action.c(113):     u\x8C\x02\x19\xEE\xE5\xC9\xF1\xB9\xA0\x9Cr\x99\xB7)\xB7\x04\xA8\x94\x9A\x8B\x87\xA9H\xA5\xB2
Action.c(113):     \xE3S\t\xE3\xCD\xE9.\xCD\x02\xCAKK\xF5\x02\xC22\x99\xB3\n
Action.c(113):     \x8B\x18\xB9\xDC`\x83\xAE\x91\x14\xD1f\xF1\xFA0\xDB\x89\xC7-Lmh%\x1F[\xB5\x01\xD9\xBC\x8Cl
Action.c(113):     \x82\xB5c%\xD7\x8E\x80\xF7\x1DC\xE5\x01\xDFa\xAC}"\xE8\xEAJRC\x1AIo\xF21\x894\xA0\x07\xCE\xEF
Action.c(113):     W\xEB\x83Zw\x19!e\xA4\xBB\x1F\xE7\xDD\xBD\x1B\x82\xD0\xF6\x9A\x8F\xC1\x0EP\x89i~-\xA7\x8D\xB6
Action.c(113):     \x8C\xD7o\x1EW%b\xD8\xBE\x01N\xF4\x08ha`\xCC@ \x12n\xC0\x8B\x84\xEB\x81\xE4\ra<l\xF0\x03\xC9
Action.c(113):     \xFBb":l\xB7U\xF6\xAC\xA2\x8A\xAA\x1AD\xA5\r\xAE\xA6\xAE\xD5\xDD\xBA3\x9Av\xF7\x03\tk\x1B\x99
Action.c(113):     \x1Am"\xA5={1/P\xBC\xC5C~\xD7\xEA\x7F\xB3\xC5C\x99\xA5\x03\x86]r\x1C\rK\xA7qv\x9E\x95\xCC\xCE
Action.c(113):     \xE2\xD8\xCE\xD4n\xEC\xA9\x8E\x99\\ W\xEB\xB7\x8A\xE5R\x0FV\xFF{\x03 \x12\xF4\xB9f\xB3\xFA
Action.c(113):     _ \xA3\xE64\xAA\x7F\tk\xA8\x83}\x90\x14\x9E\xD1\xA5\xE6\x06T\x933\x9A\xCD\x0B\x80A\xB3\x9A
Action.c(113):     x!%\xF05\xAB\x01\xCEv\x80\xC8\x92\xAC"\x1A\x81\x1E\x05#\xE2\x19\x88\xAE\xB2\x9D\xAC\x0E\xD8
Action.c(113):     \xE3\xE5\xDE\x8F\xBA\x10\x96\xFE\x06Y\x03$/W\xAF\x86\xB9\x8C\t(W\xFFm\xEA)\xF9!\xA1\xFC\xBC
Action.c(113):     \x89\xD7,\x9A3\xEBQ\xA9F\xA4\xAF<\xF2\xD4\x06z\xFA\x90\xEC\x99\xAF\xDF\\w\xD9\x95\xB7^6\xF0
Action.c(113):     \x96\xA53\xB1\x06XY\xBE\xF65i.\xAF\x03\x16y\x1D\xAA\xA9\x84\xD5\xA1z:\xADD\x05\x86\xF2vR\x89
Action.c(113):     *\xB2\x9C\xD5\x0E\xEAQ?\xE3i\xACm\xAAR\x05\x81'\xB5\xC6\xEF\x9F\xF7?\xBF\x7F\xB9\x07\x11O\x07
Action.c(113):     \xF7\xCFb \xA8\xED\xFD\x8F\x18\x88(~\xFF\x02v\xFF\xF4N\xEF\x1F\x0F:\x1Dk\xFE\xF5\xB0\x1E\xC0
Action.c(113):     \xB6\x1D\x95\xE4\xEE\xDB=xo\xFF\xB5k\xDA\x8E\x81\x96\xB8\xDE\xDC\xEDX\xB7.y\x1D<0\x8ElRH\xAE
Action.c(113):     i?\x8E\x9C\xF88T\xAF_K\x91q\xDFb\x17\x0CV\xC1c\xDE\x0B,\xC4Z\x14\xB8x\x8B\x06V\xC1\x93\x8D
Action.c(113):     \xC3\xCCiT]\xAEU\x82\x8Dz\xF3\xB9)Is\\\x88bA+h\xE6\xEC\xC6\xE4I0\r\xDD\x1A\x95\xC0=(\xB6/1
Action.c(113):     \xD6F\x0E8\xFD\x89\xFA\xC0i\xE1\xAB\xCE\x1C\xF0h\xB8\xEE\xD4@\xBB\x92c\xE5\xEC\xC1W\xFC\xED
Action.c(113):     \xEC\xDE\xD6!W\xDFvf\xAF\xC3O\xF2\xFAc\x89\xCFMia4v\x11/\xB9\xEC\x98TF\x95\xEE\x0EFS\xB9g\xCC
Action.c(113):     \x13`\xA1\xDE\x94\xBDQ\x17\xF7\x86\xB9\x98\x19\x17\xF5ro\x18\xE6\xF1\xB9]\xB0I\xA8`\xB7\xF1
Action.c(113):     \xD9u\xBC4\xD4p\x98u\xB02\xFA\x9F\xCC\x89\xD6va\xAEc.5c\xDC\xA63\xD8\xB83\x01q\\y\xECq\x03
Action.c(113):     s\xE4\x82\xD0-\x06T\x84z\xAD\x8C\xE5Dd\x818\xCD\xE2\xCD\xE3\xD2Rx\xDES\x01\x00\xE7U\x02\xB5
Action.c(113):     \xB9|\xF6\xE4\x11k\xC5\xB9\xB0\xEF\xD3R\x1A\x8Ff\xABc\x18\xA5\x1D\xCC\xE5\xDA\xC1\r\xA1\xB3
Action.c(113):     \x07\x85\x1B\x067\xD6\x14\x16t\xEDZPX\xD3n^K\x1A\xCE\x1D\xD2\xD88hPcQu\xD7\xE2b\xBF\x1FeZ\x00
Action.c(113):     \xF4\xCD7\xAC\xAE0\r\xA3=v\x9C\x1F\t\xB6)\x0E\x86u\x88\xA68\xED8\xD5\x14\t\xCBv\xED\x89Ra/
Action.c(113):     \xAB\xE0\xC4\xAE\x0F\x12\x8F\x86\x81\xFD\x1A\xB1\xD8\xE3\xC6\xABQ8lw\xAA\x0EL\xE4s\x05\xA3
Action.c(113):     f7\xB9\x14\x16\x124~:\xEE%\tt\x83\xEAf\x93\x06\x83\xD6c\xFC\xC0\xE4\x01\x8B\x97\x9B\x02\xE2
Action.c(113):     M\xA29vz\x960 \xB6:Gx)\xE6t\xC7f\xB6\xD0|aH\xB9\xDC\x98(3\xA6\xCB\xF4\xA1\xF4#\xF1Qz\r\x93
Action.c(113):     \xD1s\xF4SX}x.\xE0\xF0\xF1F\x8F\x86R\x894JU\x89B`\x0Cs\xE4I\xBC\xCE\xAA\xB5\xF2\x17\x13|*a
Action.c(113):     \x1BU&\x8A\x803\xEC\x98\xEC\xC12V\n
Action.c(113):     A\x16\xF7\xB5\xD8%Ov^IYy5\xCF\x13\xCD\x03\xB1]R^\x89b\xDB^\xCA\xE0\x84'=#\xA9\x9C\\2\xDC\x9B
Action.c(113):     I\xB5\xE4\xE9X\x03L\xDBA~,,\xFF\x82\xFA\xA4\xB6\x95\xE5\x92\xDE\xFC\xC5\x8F\xFA'\xF4\xE1$\x83
Action.c(113):     \xC0\xA83?\xF0a\xBB"\xF3O~\xA0\x97\xC5\xBA\xB43\x16x\x1Dbo\x90\xED6\xD8u\xC7\xAD\xFAv\x1F\xAF
Action.c(113):     \xEA\xDBsT\xD57e"?\xA9\xF6;\xD6\xD5\x90\xF5\xC6\xDA\x98\xF2\x13\xB5\x0B|,y\xFFwca\xE2?y,\xBF
Action.c(113):     \x19r\xDF\x18\x8B\x92i\xC8\xFC\xF8X\n
Action.c(113):     `,i\xC7\x1F\x8B\xF7xcI?z,qU\x90<\x9C`\\\x07\xC4\xC7s\x92!\xFEy\x7F\x86\xDE \x1Fm,\x03vl\xE7
Action.c(113):     #\xC2\x1A[g0\xEA\xE0"\xD2\x15\x88\xA7\xFB\x1C{\x84\xAA\x85\xED\xCDh*\x17\xA2\xA9NL%\x8Dz\xB8
Action.c(113):     \x10\xF5v0z.-\x93\x07\xAFp)\x19\x1F\xFA\x8Cx\xCCA  0\xE8\xC9\xC0c\x88\xFBK\r\x0B\xDD\x14/\xAF
Action.c(113):     Q\xD8\xB0X\xB0\xD3\xA2\xB0j\xD6Dq\x0B\x06\x9D\xEC\x8C[\x14\x83M\x0E~\xC5\xAB\xC6\x05\xB2\x07
Action.c(113):     \x8Bl\x80WN\xE8\x9AR\xAB\xBB\x03\x1D\x0F{\xD8\xAAg\xC7\x97\xFB\xE0\xF7\xEC\xA2\x02\xD0\x95
Action.c(113):     \x086Xs3\x8C\xB8\xD4\xA8\xD0\xB2\xB2k:Xy\x16\xD6\x05\xA6\xB0\xFA@\x06\xFC\xB99\xCCW\x11/\xEB
Action.c(113):     \xE1\xAB\xB7(\xB1l\x077\xC5k\xDC\xC5\x96\xAF\xE0\xDA\xA7\xC0\xFAa|\xC7F\xCE0\xFA\xCEa\xE8\r
Action.c(113):     \x9D\x7F\xE6`\x94\xF2\xC5\xB2\x04\x8C\n
Action.c(113):     \xE9\xB6\xD1\x1D\x86\x11M\x0C\x84Gm|Uxu>&K\xB3\x9B\xC3k\xD6\x8C\xA9\xA1\x07\xA7#\xE5\x0F\x8E
Action.c(113):     \xC3;\xE3\x11\xD2j\x18\xF0\xCEn\x90\xDFh\x9F\xFF\x85\xCBoVo\xC0\x9C\xA1>\xE0\x1CJ\xEC\xA2\x03
Action.c(113):     \xEB\x84\x98\x0B2#\xC0Lv;s6\xA6\xB0\xCE\xAE\x91\x14&\xAFS\xD0\xDBgOa-\x12\x080M\n
Action.c(113):     w\x99\x1A\xE6\xBC\x91\xBC\x16oAQ\xE8\xF2$\x9AP \xDB\x0C\x9B\x99\xE8Dq}\xA8\xB5\x15\x05\x9D
Action.c(113):     \xA1\x8F\x13v\x86\x04-\xD1\x91B\xD8\x19\xBB\xDEhJ\x11\xBB+d\xEC\xC5O\x01\xF7\xD8H>\xC6]\xDA
Action.c(113):     U\x94\xAB\x99~\xCD-\xB3\xC0!\xCB\xC4-H\xAE/G}\x83\xA9\x05\xF9\x89\x8E\xA3jzk\xD59+\x00\xB1
Action.c(113):     \xA1G\x0C\xAC`\xCD\x8Ba\xE9\xD4L8\x920\xDA.\x9A\x1B\x93\xAB\xD0\xD5L\x97f\xCFo_\x8D\xDE\x11
Action.c(113):     $j\xADP\x9F\xDA\x0E\x0B\xB5\xADXo\x83\x84\x10\xDF\xB1\xFAu\xE0+\x07\xC3w\xBD:\xAC`/\xEA\xA8
Action.c(113):     \x82\xBD8\xDEgV\xB2\xB1>\xB3\xC7)b\xE7\xBB\xAB\xF3R\xF6\xAF\xD9\xBE;\xA1\x82v\xF1\x07&\xC1
Action.c(113):     \xE3\xE3\x0F\xFE\x9F\x8F\x9F\xCB\xF1\xCE\xC7O_`\x9B\xFC\x84& |\x1Dw~\xC6\xE7P\xCF\xE6Pr\x8C
Action.c(113):     9\x94v4\x87\xB2\xA49\x14\x9C\xC0\x1A\xC4%G\xE7\xD38\xC0e\xCA\x89\xADCj\xC2X\x88\xCF\xA3\x82
Action.c(113):     \xCD\xC3O\xAE\xEF`\x1E\x18\xAF,\x92Yx)\xBF\xB5\xA5\x9B1+t\xE0\xFA\xE1\xD0\xEFd\x198e\x0E\xD6
Action.c(113):     \xCA7>WL\xF3(\x05\xD3}\x95\xCD\x95\x91/uaP\xA7\x0B\xFA\x98r\xFCm*\xFF;\x9Aw\x07\x1B\xA6s\x12
Action.c(113):     \xCCk\xB7\x89N\x8C\x16\xB9m\xF6\x96d\xD0#\xCD\xE8\xF9\\\x8C\xD6\xD3\xD1\x14\x01\xA9W\x10\x8C
Action.c(113):     \xE6rI\\\x18\x88g*\xB5\xD2$\x9A\xCF\x85r>C\xEC\xD1b\xFE\xAE\xB8\x952H\xAC\x82|V\x98\x95a;\x11
Action.c(113):     .\xE0z\xB4s\n
Action.c(113):     \xBC\x8C\x9A\xF5\xC4\xA6=\x94k]J.'GDU\xEA\xC5\xF0KDl\x97w\t\x83\xB2\xD0\xB0\x85bM\x88\x85^
Action.c(113):     N\xA7\xE8\x8B\xCA\xE9Hze\xB9\xBE\x88N-\xD7\xA7\xE8Sh!\x9DA\xAF+\xD7\x17\xB0_\xFA\xB8Rz\x8F
Action.c(113):     >\x81\xF3\xD5*\xE9s\xF9=f\xEBt#\xC3\x8D\x8E\x11]\xE2T,BN\n
Action.c(113):     \xF0\xC0\x80\x83Y6\x18;\x01%\xA2\x05\xB1d\x8D\xF0\x90@W\xD7j\x93\xE4\xB2\xFA\xF2\xCB\xD0\xDF
Action.c(113):     \x93\xC2\xDB,\x14u\x01\x86\xB2\xA6\xF9Ly\xDD\x12\x00\xB9\x90\xE5\xCC\xB3\x00%\xBC\xC1\xAC\x9F
Action.c(113):     \xE2p\x196\xC6\xCB\xA7\x94u\xCFq\xB1zH\xA0g]\x99\x9F2*Nx\xF5\xF4\x9B\xFA\xCD\xEE\xD1\x07)y
Action.c(113):     \xC5S\xFD\xAE\xE87i\xE8\xF0\xF0\x803\x15a\xFDI\xAB\xC7\x021\xB7\xF4xh8P\xB6\x9B_1(z\xEE\xC0
Action.c(113):     \xC8\xC7\xE7~8\x8D\x11\xB5.\xF8\xD8\xCB\xE7\x91\x96'\xE6}u\x1A\x95\x06\x9Cq6\xD24\xD6\xE0\xF7
Action.c(113):     3"\x8F\xDDr*\xE5\xF5M\xD8O\x00\xF0\x8C\x8B\xF8H\x8F\x8E:\n
Action.c(113):     dt\xD4Q \xD3\xC8\xAC\x8E\xA4\xBA\xBDFd\xFC\xA8\xAE\x02\x1C-\xB7\xE9-@Z\x98$>\xAA\xC5\x80\x12
Action.c(113):     N\xE0f>\x9E\xBC\xFF\x8B\xF10I\xDB\xB6\xD7\xC1v&X\x8F\x1A\x8F\xDC-\x81\x9D\xF9x\x80\xE5IV\xC7
Action.c(113):     \xE3\xC9\xEEh<9\xAD\xE3I?\xE6x\xE2R\xB3\xED\x90\x14.%\x8F\x1E\xD3E\t\xFC\xCC\xC6\x04\xF8\x0B
Action.c(113):     }\x0B\x99h\xA5\xB7\x1F\x15\x1A\x14\xE9\xC1\xA8\x87o~_ \x9E\xC6i\x8C\xB2\xD5\xA7\x80~f\xC0\xF3
Action.c(113):     \xD1L\xFE.\xB3u\x06\x98\xBE\x95\x8EE\x1F\xA9\xCA1\xC6\x1F\xDF\xEFm\x86\xFF>n\xEF\xA3\xC7\xBE
Action.c(113):     \xC4\x00\xD0\x02\xEF\x1B\x00\xF8\xC7J\x9C`\x8B\xB7\xEB\x1C\xE0Jt\x0Ep\x1B\x9D\x034\x91\x95
Action.c(113):     \x9Ft\xD4;@d\xEB\x99\xDCA\xA0\xC0\xB0\x80\x92\xFB\x08\x88_\xC6\xF5!\xC7^A\xD6\x87\xD4\x8B\xA8
Action.c(113):     5\xD1\xA7&\xE2\xA5\xBC\xA6=js\x10\xCCo`\x9E&\x9Et\x8F\xB4\x10\x1C\x81\x00\x86\xD4]\x06\xD4
Action.c(113):     \xF2\xA1)\x8F\x8D\xDD\x135i\x1D4\xAC\t\xD1\xB1\xEF\x1C8\xF0\x8E>\x8B\x8E\xDD\xBAs\xC76}\x96
Action.c(113):     \xAC\xEA\xDB?k\x8A~\xA2G\xE8\x9D\xBBf\xCEy\x9B\xC7\xB7\x9E\x84\xB5,\x93\xB7\x90r\xF4\xB0\xB2
Action.c(113):     \x119Y\xDB\x9Ax\xEB\xD7b1\xD1\x97\xB3\x1CV\xAF\x9CW\x98\x19\x1D\xD3\xD0\xD3br20\x8D\xD5\xB4
Action.c(113):     \xD8\xD7\x1C[u\xE6\x96\xA3\xD0N\xF3`\xA5\x89V`E\x0F\xAB\x0F\xA9X\x8C\x9D\x88M\x0EO\x1A\x93
Action.c(113):     IAW\xDC\xD5\xE2M#\xDE\xE4*\xCF\xFA:R_\x17wL\xBB\x9E\x8C,\x99\xB4l\x1C\xBD\xE3\x8B\xFB\x86\xAE
Action.c(113):     \xAD\xC8\xAC\\2`\xE6*\xFD\xF6\x9B\xEE\x19z\xF7\x12\xA9\xFB\x86\xD7\xE7M\xBC\xF2\xAD\xCB\x87
Action.c(113):     \xE9_>8\xEB\xB1\xBA\xD2nE\xC1\xFBo\xB8\x89\xA6\xDFv\xCD\xDE\xA1\xC3&\xBE\xB0\xF4\xF0\xABL\x7F
Action.c(113):     \xB3:~\xF9\x0B\xC0Q]a\xCD?\xE2\xDDmU_\x90gc\x96\xC2T\x9D\x89J\xFE\xCA|g\xBC\x92?\xC8f\x8D\xE9
Action.c(113):     uEm*\xF9\xB3\xB1\x92?\xAB\x02+\xF91Y\xDC\x1B\xC0g\x14\xB4\xA9\xE4\xCF\xA8\x91\xD4\xAC\xCD\xB2
Action.c(113):     \xE6\xC3J~oR%\xBF\xD7\xD9\x94\xEE\xF5\xF1\xC7adfex\xB0n\xD7\x97T\x83\x00\xE7X%\xBF7=3\x8BW
Action.c(113):     \xF2\xFB2\xD23\x13\xF5\x05\xD9\x80\xAF\xA3\xCE\xFC\xD2\xEAZ\x06\x13D\x04\xD9i9\x8Dm3\x02\xDA
Action.c(113):     \xD4\xF2\x97u^\xC8\xCF\xD1kr9\xBF\xB2\xEB\x18\xE5\xFC\xD3\xB8\xE8l-\xEA\xBF\xFD\x85\x0E+\xFA
Action.c(113):     \xA5\xF3\rY\x1A\xA7\xFBG\xFF?\xDD\x8F\xA2;\xD7\x05'Dwz\x16\xD7\x11\xC7%\xBCx6\x974q\xBA\x7F
Action.c(113):     \xC2\xE8^\x7F\xE2t\x0F\x9D0\xDD\xC3\xFFm\xBAw\xFB\xDF\xE2\xF7\xB8\xCE;!\xD2\xDFk\xA8\xC2\xE3
Action.c(113):     \x93~\\B7r\xDA\xEFa\xB4\xEFK\xD3;\xA0}-\x8A\xD5^b\x87\x8B\x10\rv7\xD7\xF2|\xD1\xF8\x93?\xDA
Action.c(113):     \xAEGS\xB5\xCDa\xAE\xD2\xFAr\x8B<\x04\xC2\x16C\x86\xE1\x8E\x16\xA9\xDF\x7Fi\x91B}\x01k\xC2
Action.c(113):     "\xD5\x9Ay\x1C\xB2\x12\xBE\x1DI#9\xEDr,\xB5\xEEX\xA5Q\xDD\xF7\xDF_\xB3\x0E\xAC\x9C\x13Z\xBE
Action.c(113):     \x9Av\xC6\xCE\t\xAC\xE3]m,\x1D\xB4u\xF8znb\xEBYK\xEAhj\x07+Z\x83\xF8!\x10\x8CVs\xBC\xD3-\xD0
Action.c(113):     \xF1\xFE\xAA?\xC6\xFE\xAA\x06\x00T\xCB\x01P\xAD\x13\xED\xC1h\x1D\x7FW\xD7\xD1\xB2\x86\xFEK
Action.c(113):     \xCB\xDA\xAD\x16\x945,\xAB\xB9\xB3E\xFD\xB7\xB7\x1F\x87l'\xB4|\x7FaP\xEE\xF8k\xB6\xC9\xC0v
Action.c(113):     \xC6Z)\x16\xB6V\r\xE4\x14\xEA;1\xC9\x07\x82O\xEB\xA94\xAB\xFD\xFCZ-\x06\x93N=\xF6:i\x8D)\xCD
Action.c(113):     j\xA3S\xEB\x03\x87A8\x0Cv\xB4B\xFD\xFFK+\xD4X\r\x1B\xAA\x14[\xF9\xF4q59\xCD\xA1\xDAN\xB7_\xBF
Action.c(113):     \x9E\xF0\xED`\xF5\x7F\xB8\xFD\x8E\x0E\x88\x9D\xD0\x1A\x1E:*Dv\x02\x0B\xFA\xDBQa3\x90\xAB\x7F
Action.c(113):     i\xF9N\xC1Z\xE9n\xA4'9\x95\xFC\x9DD\xFC\xB8\xB2\xE5A\xAD^jV\x0B\xF8\x8E\x03\x9B\x83\xE5\x90
Action.c(113):     \x9F\x1C\x88\xF6\xCE\xF6\xC3\xEA\xAA\x8DA\xAD\xB7\xCC;\xDF\xF5g\xAB\x1Ap479\x02X\x9A\x85\x8B
Action.c(113):     \x1Apj\x8D\xBCd*\x17\x16\xB3\x12S\x85\xD9\xD2f\x02\x90=\rW\x9Be_\xFA\xEB\xF1a\x19\xB9\x98z
Action.c(113):     \xA7\xF6q7\xA5\x17\x97\xF7\xE2\x01\xA9z|\x06WqIe\x156\xFD\xD3\xCC\xBD\xDB\xE6\x93\xB7'1\xAF
Action.c(113):     \xBEi\xDFC\xA6\xAC\xDC\x1BL&\xB9\x0BH^\x1Ao+\xF3\x97\x8F\xDF\xA2E\xF3\xE6=\xB1\xB6Z\x90\xDF
Action.c(113):     _}o\xC4W\xBF\xEB\xCE\r\xFF<\xF2\xC3\xAB;\xAEZ\xD6+\xEF\xA4g\xEE\xB8\xFF\xF5z\xDA\xF5\x83\xC7
Action.c(113):     \x97\xAD\x0B/\x9As\xC7\xDEt\xFD\x93\xB5\x9B\x85\x0F\x04a\xCF\x9Ag\x1E\xFF\x07\xCDy\xEC\xA5
Action.c(113):     a\x8B\x97?:AQ\xEE]5\x7F\xD6]\x8B~x\xE3\\G\xDF]z\xEC\xD4\xDE\x95\xFD\x06\xDE9\xCE~\xE9\x9C'
Action.c(113):     g\xDCr\xE7\xB4>\xF4\x92g\xBF\x92\x0B\x9E\xFDg3\xDA(\x97\xE9\xA7\xB0^F\x1D\xC5\xF3\xE8\x7F/
Action.c(113):     \x9E\x87\xAD\x8F\xD2;*D\x83\xB7\xED\xE3y\x97}\xFB\xE6\xB3\xCDRr\x0F$\xE9\xE7\xC5o}GOM\x8E\xE4
Action.c(113):     \xB1\x86H\xAF4\xB5)N{\xFC%Z\x19\x1B\xD1>\xE7O\xE4=\x85\xE4\xCFYO\xA12|\xAEM\xE7]\x85\xCA;\xEA
Action.c(113):     *Tat\x15Z\x85]\x85\n
Action.c(113):     K\xFE\xC3\xBEB\x1C\x9Fw\xD6]h>\x87\xE5\x9D\xF4\x18\x12\xB4x\xEE\x07\x9F\xD7\x87\xFF\x1F\x98
Action.c(113):     \x17\xC7\xBF\x9DvM\x1A\xCEao'\x13\xA3+\x12y\xB6\xF1\xB9}\xCC\xE6\xD6\xE5\xF8s\xAB\xEChnUm\xE6
Action.c(113):     V\xFA\x9F\xAEY\x1Ccv6\xBDG\x0Ch\xD9\xD9\xF4\xF6\xB4\xE6\xABH\xC6\xFC6\xB2\xF9\x95\x90\n
Action.c(113):     \xB2 i\x86E\x88?\xCA\x82\xD1B\x8E?J\x03\x1D\xCF\xB9K\xF2\x9Ca\xBBFK8\xCC(a~\xE9h\x05\x7FW\xD1
Action.c(113):     J\x0F\xF68\x17\x14\x81\x05\x19\xF8\x04$\xAD\xB4\x04\xEDzo^\n
Action.c(113):     \x8A\xBB\xAC\n
Action.c(113):     \xA3\xB1\xC1\xBFG\x1B\x0E\x00:#\xCD\xF5L\xEFw\xC6\xD0\xD9L\xE3\x0B-o\x13B\xCD\xF2\x1Bm\xE3
Action.c(113):     \x96\xB4\xB3X\xA8\x98\x88\x85\xFA\x8DX\xA8\xBC\x03w\xC7\xE1^\xD8 \t\xE5\xDFB\xB8\xE66y\xFB
Action.c(113):     \x89]\xB3],t\xA1\x11\x0B\x95\xB60\xC6<|2\xBB\xA8\xD0\xF2O\xB8\xE6.yg\xDBX(\xED,\x16*&\xC7B
Action.c(113):     +\xE2\xB1P\xE9[\xCE\x11\x87\xD3\xF9h1\x16\xBA\x02\x06m\x91\x97\xB5\x8F\x85\xD2\xFF\xCDX\xE8
Action.c(113):     \xF9,\x16*\x07o\xBD\xF5\xD0\x1B\xAC\x91T\x90\xC7B'\xB5|'\xF9\xE5\x1F\x80#\xAB\xC9 \xA3\x03
Action.c(113):     |\t\x00\xA9*V\xBC\xC5\x1A\xBCp\x15Q\xE8\x88\x17k\xA1B\xC8\xB6\xF0\x1E\xBA\xE5\x85 \xF4E{\x9A
Action.c(113):     \x8F?\xC1\xB1\xAA\x04\x9FLeR\x1A\x13\x8FrI\xF7\x85CB\xB9\\\x8E\xB5\x84\xE1<\xEA+\xF5\x99\xD2
Action.c(113):     \xDD\x89V;\xE9\xAC[\r+\xE6\x9E\xF4\xC3\x9E\x19\xFB\xEA%z\xDDH}a\x0E=?t\xDB\x19i\xE7\xCF\xEA
Action.c(113):     N\xA5\xDC\xDF\xAE\x1B\xAD\x1F\xDC\xBE]o\t\xEF[\xD7\xF4i\xD5{\x8B_\xDDJ7\xFEL\xADW\r\x93\x9B
Action.c(113):     \xA88\xFC\xCD\xDA\xAD\x15\xFDr\x03E\x03\xBB>P;\xF3*\xFD\xBB\x97\xF6\xFF\xAE\xEF\xA4\x8EW\x9F
Action.c(113):     \xFC\x9D\xFA\xF6M\xB9t\xC6A\x1Esg=\x8B\xE4\xB7\x89\x87\x94\xA3N\x8Cw-b\xF5\x99%m\xFA\xF2\xA4
Action.c(113):     \xC2\x96\xCB*L\xF5\xF1\xD4\xDB\xB8\xE3\xAC\xB5\x93\x11\x866\xCA\x1D\t7\x9A\xD1 -\xDE\xDF(\xE1
Action.c(113):     ;K\xF5)\x85\xFC\xB1>\x14-\xDE\xF2\xC6c\xB49\xEA\xC84j\xDB\xFA\xC8\xDA\xCE\x06:\xAA\x15\x92
Action.c(113):     \xECH6yD\xDE\x17I\xFE\xAC\xA3\xB8#m\x17w\xB4t\x1Cw4\x9E\xCFy\x9C\xE6Hq\xCD\xD6Q\x8B\xA4\x17
Action.c(113):     y\xBC\xB4\xB3FI\xE2\n
Action.c(113):     #N\xCA\xC7\xBB\xFF\xFF|\xBCq\x8D\xD5\xD1x\xE9\x14\x1E\x1F\xEDl\xC0\xC2S\xADqQ>\xE6\x8F:\x8A
Action.c(113):     \x8B\xD2vqQK\xC7qQ\x18s\xC1\t\xD0\xB8U\x13u4\xECMF<\xB4\xD3a\xBF\x91\x14\x07\xE5\xE3~\xDB\x88
Action.c(113):     \x83\x8EM\x1Aw>n\x85\xAEI\x13\x88\x16u\xC9\xC8w\xB0\x84\xF4D4\xD4\xF2\xBF\x11\r\xEDd\xB6\x1D
Action.c(113):     l\x86\x8E'~E\xFB(h\xA7\x14\xD8w\x94O\x80\xD3\xE1\xA5D\xFC\xF3\xDA$J\xE4\xA2
Action.c(113): t=334842ms: 3282-byte response body for "https://www.advantageonlineshopping.com/css/fonts/roboto_thin_macroman/Roboto-Thin-webfont.woff" (RelFrameId=, Internal ID=387)
Action.c(113):     ..\x0C\xE2s\x8AP\xEC\x16\x04\x92\xD6\xB4\xA4\x1D\x1D\xFE\xB3\x08hg\xEB\x1D\xD7\xAE\x1D\xCD
Action.c(113):     z\x1E\x8B|v\xBA\xA9\xBC\xAD\xB5\xCDg\x90\x9F%\xBFt\xAB\xA1W\xBA\x11\xE3\xA1VF\xF9({\xE0\x93
Action.c(113):     \x89?\xF1B\xDA\xAB\x9A\x03X1]\xC5\xABV\x1DI\x0F\x82\xE2\xCF\xB7:C\xFC*\xF6\xCD\x88\x11#\x84
Action.c(113):     \xE7\xEB\xEA\xF4\x93'N\x14m\x13'r~\xBAA\xB2J[\x8D\xF8\xE7\xF9\xC9\xF1O\xDA.\xFEi9*\xFE\xD9
Action.c(113):     5\x0BK\x08,\xAEt#\xF4\t|\xE2\x02\xF5\x99\xD6\xA8\x16\xB9\xA2V_\xAE)\x1E\xF9\xE4\xCF\x9A3"\x9F
Action.c(113):     H5\x16\xF9\xAC\xA1\xA0A|A\xCA{\x86%:\xC1\x96\xF9)R\xAF\xD7M\x81\xF3\xFA\\q\xE9\xB5@\xC2\xEE
Action.c(113):     \xA3\xFD\xE7\xF6\xB9\xEC\xAA\x9BB#\x86*\xF4\xB9\xAEW4l\xFA\xE2\xDB.\x97\xD4m\xFCb\xF8`\x85
Action.c(113):     S37k\xE5?N\xFB~>R4#c\xE5\xCES~y\xE4\x8E\xF7{\x8Ac2s\x80\xA4zvz:\x12x\xFC;\xBDy\xBC\x93\xF5
Action.c(113):     \x93\x02\xCC\xE2\x81Y\x9Fu\xCC\x8ERY\xC7\xE8(\x95\x1D\x8F\xEB\xB9\xD2|\xAC$\xB0\xD3\xAER\\
Action.c(113):     \xC6\xB6\xEB-\xB5\x88\x1B\x0CGu\x98\x92~J\xC4@\xF9\x18\xB7\xFFW\xC6\xC8\xE5j\xFB\xFEWWp\xF0
Action.c(113):     \x7F\xD4 \xC5o\xB9\x14\x8D\x8Fq'\x8C1\xA7\x931\xE6\x1Ec\x8Cy\xADc\xCC8\x01:\xC6\xE5h\xBBa>
Action.c(113):     a\x80\xF8\xA3i\xE9N\xF8\x83\xF98\x97\xC18} -n9\xC6H1\xA70#\x18\xF5r\xA1\x91\x19\x88\xD7y\x19
Action.c(113):     #\x07y\x10\xF5q\xE9\xE0c\xB5\xCEX\xDC\x80\xEF\xB2\xDB\xCC\n
Action.c(113):     !E\x06\xF6)R\\'0'.+\xDAM\xE9\x16\x06\xBE\x8F\x9E\xD0p.\x19\x04\xDE'\n
Action.c(113):     x#\x1D\xE8\xDEA\xA7\xA8\\?\xD2\xF6\xF8\x9D\xA2x\xF0\xF4\xD8\xFD\xA2\\\xBC\x92\xB2\x83\xAEQ
Action.c(113):     \xD2\x86Dl\x9C\xF5I4\xFA\x17\x9FM\x8En\x19\x8D\x08\x98\x1E\xB7K"{\x94\xE0Q\xDD\xA2=\xED\xBB
Action.c(113):     E\xB7\xEF\x8F\x18\xEF\x16\xDD\xAE=\xA2\xE9\xC5\xE4n\xD1\x1D\xF5G\x14\r\x1A.\x03\x1Abe\xCB\xD0
Action.c(113):     \xF6TT}~5;\x18\xCD\xE0\xCC\x90\x13`U.\xBE\xBD\xD1,\xBE\xE6Y\xCC\xE7\x88\xCF\xB7C\xB4\xCE\n
Action.c(113):     Z\xB2\xB0G\x80\xC4"\xFD\xC7\xA7\xBC\xB1\xF0\xC7\xA6}\x0B\xF2@G\xA4\x97\xAB[\xF3Pol\xF9N\x89
Action.c(113):     \xB1g\\\x96b'\x17w\xFC\tg\x89G]\x9A\x04\xE3i[\xF1\\\x96\xA8-\x85\xD9\xA2,\xB8]\x16\x7F\xE6
Action.c(113):     e\xFCI\x97\xF8$\x1Dk \x92\x9A\xC7*\xCC\x9C\x96*P*p\xE0\xB0T\xB1<\xFE\xBC\x0C|\x8E(V7j&\xAB
Action.c(113):     \xCB(\x0Cv9\x99hoM\xA5-\xE4\xD6f\x1AIj\x07y#\xCD\xFBz\xF0\xD2\x8B\xC4\x9E\xF1\xE4\xDA#\xDB
Action.c(113):     F=8\xF0k\xFD\x93\x10i\xD9}\xC6\xCC\x1E=g\x0C\xDCsD\xE8Kk\xA9\x85\x0E\xB0[\x8C\x94[\xAB\x8D
Action.c(113):     \x0E\xA0\x96\x9F\xF4\xB7e\x93|\x81\xA2\xE8{\x7F\xE5\xB1\x1DS\x854\x08\xACo\xF4A>H"eh\t\x14
Action.c(113):     \x04\x11\xF9`\x1B#\x89of\xAD\xD1\xF0A\xA6\x96\xE1|\xD9S\xDC\xB9\xF7\xB1\x0BL\xB2\x8BS\xAB\xE5
Action.c(113):     \xE9\xC0\x17\xC2b\xF6bfA\x1F#x\x8E>\xC7\xDA.\xA0\xEF\xCB\xA4\xAE\x8D\xE8~\xF0\xB84\x13v\xFF
Action.c(113):     \xE9\xE3\x8EZ3s\n
Action.c(113):     N6J\xBAr\xB1{SW\xF8^Nn\xB1\x1F\x8D\xF1\xC6\xDE@\x9E\x90)\xC9\x06Ox\x1B\xD3\xD2\x8D\xAEdI.G
Action.c(113):     F&\xA3kfM\xBC\x9D\x17\x12+\xE1y\xBC\x18\x94\xE0\xA3_\xD5\x05?\x9E\x05f\xFAWT\x91r\xDE\x9Fo
Action.c(113):     \x98\xEA\xD3\xBF\xAA\xAF\xFB\xF2\x11\x8E,\x96\xBC\x97/\x89\xA2\x9C\xF7\xC1\x13\x9B\xBE\x10
Action.c(113):     oV\x84\xAFv\xFC\xFD\xA1\xB7\xB9V\\\xB1`\xDEs`\xBF\x8BV\xA12\xAF{\xDE\x92]\xCC\x86_9g\xFE2\x8E
Action.c(113):     :v-M\xAF\xCD\xEA\x9B[\x9F\xB9t/\xA8\xC9\x1B*\xC1\xB0\xDF\x8D{\x83\xE5g(\xBF\x11+I!nrq\xDB\x0C
Action.c(113):     \r\xACBN\rF\xED|g8agx\xFC\xAAmo4\x85\xEF\x8C\x14\x9E>bv\xB0\xFA\xDFT\xA0\xB2\x9Bo\x92\xB4\xE3
Action.c(113):     =\x07"\x9E\x83\x9D\x9C\xCD\xA1\xFF\xC2\x93\xB0\x93\xB39\xA4\xF3\xE39a\x0B\xA5/\x849\xF2V\xB0
Action.c(113):     \xE9\xAB\x8D\xE7\x0B\xC0\xA1\x87\x95ZP\xD5\xC2\x0Cm\x99\xB7\xC1\xB0\xC6\x9B\xF3\xC5\xEB\x1B
Action.c(113):     \xB9.Y\xC8\x95\x87\xF4E\x1C`Sr\x96tDxM~\rt\xC5\xA9Fw\x05'\xEC\x1F\xCC\x9Af\x1D\xC0\xE5\xD6
Action.c(113):     \xD6\xB8\x0E\xD6\xEE\xCB\x92\xD4q\xDA\x82\x05\xA8"\x93b\n
Action.c(113):     f\x86\x90D\x83\x85\xB6\x88\xF8\xAC\xF6i\xB4J2\xBCM\xEE\xEDA\xDAt\xEE \xFF\x83\xCF\x96\x08o
Action.c(113):     K\x1F\x89&\xF8\xCCwT\xBF\x90\xD6N\x13K\xA4^\xC2\xDB\xF0'\x94L\x13\xDE\x96\xD7\x1F\xF7\xFB\xD3
Action.c(113):     \xE4\x06\xE3\xFB#\xA5+\xC8~\xD0\x03\x9D>#^\xC0\x8A}{\xE2\x19\xF1\xF5\x9E\xA0\xE8\x1D\xD9?\xD0
Action.c(113):     O\xBA\xE2i\x9A\xAA\xFF\xBE\xFC\xF8\xD7\xB1w\xF0\xAC\xF9l\x86qG\xF6\x0B\xF5\x97\xAE\xA0\xF6
Action.c(113):     eO\xEB?\xE3uZ\xCE';\xA8\x1D\xAES\xD3\xFE:\x94U\xEF4\xC9\x12\xC5\xCE\xADv\x86\xA7\xE5\xC4\xA8
Action.c(113):     |\xACK\xDC\xC8\x9AP`\x05u,\x7F\x16.\xC6d-\x8C\x8B\xCEa\xE3\xB2\x91S\xF0\x8A\xD8.\x8B_\x14\xA4
Action.c(113):     d\xFC)`m\xE7\x89\xB0A\xE1\x8Fx3\x9ED\xA7Y\xEC\xCD\tp\x8E\xB3\x0F&hp{\x12\x1D\x0Cj\xC4\xEF;
Action.c(113):     \xEF\xF8\xF7mC\x17\xD6\x1B\x00\xEF\xCB;\\\x98\x0C\xD7\x86#\x89ZAO\x9Cfw&\xD1\xCD\xA0\x1E\xBB
Action.c(113):     o\xCBPz\x1Bu\xB0\xFB\x0E\xEE\xF8\xBEHG\xC7\xD1t\xC4\xBB\x1B\xB7l\xB2YM\xF0\x99bof\x0F\xC5M
Action.c(113):     \xCC\x9D\xD3\xD8\x18Cu80\r\xA8\xBD\x8C:\xE0\xE6?\xF1\xDF\x9Cg\x17\t\x85\xB4Y|\n
Action.c(113):     l<XC\x9B?*\x99\x89M\xAA2^\xE2\xADz\xCCV\xE2\x80\x93\xFC\x85=7\xB4}\xED\xFD\xA2a\x03\x06\\<
Action.c(113):     |\xC0\xC0a\xC2\xA6\xFE\xFD\x87\r?\xB5\x7F\xFF\x0B/d\x18`\x0F\xC8\xB9,r\x87a_\r2jP$s0\x88\x8F
Action.c(113):     \x10\x86\xC5\x0C\x04\x12\x0F\x14N\xF2\xDC\xD5\xB6\xE9Q\x85\xEFZ\x9Dw\xB5\t\xE7]\xD0\x10g\xF8
Action.c(113):     \xB3\xE7\x02Zy\x01\xCD\xBE\xE0\x0E\xF6\x1F\x9B\xDBud\x15}\x9F\xD5\xF5\x17\x12\xAA\x9A\xE2\xC2
Action.c(113):     \xCA.\xB1'\xBB \xAB\xC8$\xEE\xDD4:\x0E]\x97\xE80T\x1Eo,D\xC9h\xB2\x82\xEEm{\x1D\xEC\x0E\xC0
Action.c(113):     /\xD5z\x1D\x9A\xD4\x19`t\x07\x8D\x00\xF8\xF3\x88\x01'o\x03<QE~$\x91r\xC2\x1F\x93\xDATRP\x0E
Action.c(113):     kX\xAC\x18R\xD0\x16D\x1B\x1B\x04\x7F\x93\xC3\xEA\x82\x0FR\x14l\x19Xnu\x00f\xE6\xCD\x82\xB3
Action.c(113):     \xE1\xF6\x12;\xE1\x0B\xE2\x93.Y\x8F\xF4\xAE~\xB5r\xAF&(\x81\x80\x96\x0B\xBC\x98\x96\x01\xB4
Action.c(113):     \xCD\xADdU\xED>\x00\x1AY\x81H%+l\xAF\x94x\xE7\x86j\x1E\xC0\xFD\xF9\xF0\xCB\xB3Y\x00\xD7Y\xA3
Action.c(113):     :j0\xC6e\x93\x0Fb\x9Dq\x8A|p\xDDoW\xBC\xECdA\\\x9B\xB3\xC9nsx@\x1D9\x9BR\x9D\xD8\xD2\x1E\xDE
Action.c(113):     &\x05q\xE1\x1C\x06q5{jM\r]\xE5H\xB1\xD9S\x9DI\xCF`\xE2\x8Ff(\xC6\xC730\xB5\xEDe\x8A87\xDE\x9D
Action.c(113):     \xCE\xCB\x95\xB4\x97i\xEC^t\xC8\xFA\xF5\xEB\xA9\xFCNht\xEF\xFA\x9B\x1A^\xFEL8'\xF6\x02\xFE
Action.c(113):     |\xB9\xB9\xF1\xC6`\xDD\x8D\r\xEF\xE8\x07\x85.\xE1\x8F\x1A\x1A~\xA3\xC5\xCE\xD4\xEEN\x8F\xDE
Action.c(113):     \xF2Q\xF7\x86\x8F\xC2\xE5\xFB\xF4C.Wc\xAA\x93\x16\xFD^\xCEe\xCA0\xF1!\xA9\x92='\xCC\x87\x19
Action.c(113):     \xED\xAC\xF0\xC9\xE2\x00\xEE#\n
Action.c(113):     \xC6K\xE3\x8Ds\x14KU\xC4\x9C\xEA\t\x04\x02,\xF3\x15\x9F\x1D\x96r\x8Cg\x87\xA1\x10\xC05\xF7
Action.c(113):     \x81r\xF2\xB1\x9A'\xB4KR\x1D<;\xD6\xE9c\xCF\xA30dw1\xEA\\W\xD0\x03\xFF\xF0\x81\x88b\xB1hr\r
Action.c(113):     \xA3S\x167\xD0\x92\xB3V)kN\r+\xCB\x82+\x15y\\c#\xB6\xA9\xD5\x0B\x84Ll\xC7\x17\xFB\x9A>E\xF5
Action.c(113):     a4J\xF5\x81\xAC\xDF)\xEC\xA1\x06\xA9\x01uN7W\xA1\x0B\x8F\x0F\xEF\x80\xB9\xF5\x83\rv3{\x9EF
Action.c(113):     6>\x99\x14\x1B\xAE\x80u\xC5l-\xCD\x95\x19L<V\xC3\xEAO<Y#\xE7D\x9E\xAC\x81\xD9\xAAh9d\x1B-7
Action.c(113):     2\xD0\\\xC0\xCE\xEAj\xB6\x0BD\x0E\xEA^\x87\x955\x1A9\xF6\x037`\xD6\xAE~\x1BV,<y\xFAI\xE6~7
Action.c(113):     \x0C\xB9}\x0E{\xE8\x86\xD0\x17\x9F\xBB\xB1xi$;\xAF.7k\xE1=\x8B\xD9s7\xE0\xC7\xF0\xF3\xB7\x9D
Action.c(113):     \xD3\rm\xE7\x94\xF4\xA0\x90L?>T\xDA*575f*)U\xD8\x0F\xE9\x7F27lhA\x8E7\x97\xF6\x0F\x10\xE1s
Action.c(113):     i\xFF\x0C\x91\xC31\xF6p\x03&\xFB`.\xF2A6\x17?\t\x92M|6Zu\xAD\xF1\x8C\x83&Wf\x97n%>6\xA9\x88
Action.c(113):     '\x03\x1F\x99\x84.\\\x87_-\r\xB2\xE2\xDF<`\xC6\xBA\x13\x9D\x14\xB6\xD4\xCB\x82=\r_\xAB\x08
Action.c(113):     D\xAAk\xF0\xB3\xEA*\xF8ZM5\x1E\xD6`g\xB1j\x86\xC9\xB5 \xCC\xBD\x1E\x1B\xED\xC5\xE7\xAE\xD5
Action.c(113):     \xB2\x14\x0B|\x02m\xD0\xA5\x15\x15\xB2\x15\xC6\x07(Y\xE1\xF0x\x8FV)\xFC\xB7\xA8Fw\x1E\x83)
Action.c(113):     \xDA\x13\xF2\x98\\\xD2\x9E\xAE\xAB\xDA\xD35\x02t\r\x06\xDB\x90\xB5\x9B_\xB3\x14\x06\x19\xC7
Action.c(113):     \xA8E\x81\xA6\xC6n\xC04\xD8|\x16\xFBh\x95\xFEw\xA9\x9CW\xD8)\xAF\xFD\xDB\xD4<1\xB6<6\x9F\xFE
Action.c(113):     ?c{\x1A\x94\x00\x00\x00x\xDAc`d``\x00b\xEFSE\xD3\xE3\xF9m\xBE2\xC8s0\x80\xC0\xB9\x85+xa\xF4
Action.c(113):     \xFF\xE4\x7F\x82\xEC\x1A\xEC\x9E@.\x07\x03\x13H\x14\x00?\x8A\x0B)\x00\x00\x00x\xDAc`d`\xE0
Action.c(113):     H\xFA\xBB\x16H2\xFCO\xFE\xDF\xCB\xAE\xC1\x00\x14A\x01\xAF\x01\x85\xFC\x06'\x00\x00x\xDAm\x93
Action.c(113):     _H\x14Q\x18\xC5\xCF\xFD33\x06\xA1\x0F\x85\x14hP\tA\n
Action.c(113):     \x81`f$\xE6\xD2C\x12\x12[\xD6\x86m\xA9\xABa\x85\x96(\x86\xBA\xA4\xADe\xA1\xB4f\xBA,\x82R\x08
Action.c(113):     R[k\x10\x81\x88PO>\xEC\xF6R\xE4>\xE4C$\xBD\x14E\x0F\x05QA\xC4tfVc\x0B\x07~\x9C\xEF\xDE\xCB
Action.c(113):     \xFD\xEE\x9Dsf\xE4g\x1C\xC8\x02 >\xE1\xEF\xE3\xD4"\x8C1\xB9\x0E]\xFA+*u\x03\xFA\x8C\x1Fh\xD7
Action.c(113):     \xCB\xE8\x105\xE8\x92u\x88\xC8\x8B\xC8S'\xB0E\xF7\xA1J\xF4\xA1\x9Ds\xE5b\x0E\x8FT6v\xEA[\xB8
Action.c(113):     \xC9=/I\x90\xB4\x92#\xE4)yH\xAAI\x80\xD4\x89\x16\x8C\x92\x0E\x9D\xCF\xF5K\x18\xA3\xB6\xAB\xCB
Action.c(113):     \x08X\x17\x10\xD2\tl\xD3)$\x8D]\x181\xF6!\xA9\x87I\x84\xE3^\xC4\x8C;H\xCA\\|\xD1gPol\xE4\xFC
Action.c(113):     V$\xCD7\\{@j0\xA0_\xA4\x95\xFB\x16\xD8\xE7\x9CN\xA2\xD48\x86y\xD6\xDB\xAD\n
Action.c(113):     \x94SKH\x01\xE7O\xF3\xCE\xB3\xCAD\x99\x98\xB3\x7F*/N\xAAj\xDB\x96\x9B\xD1\xAC\xCB\xE0w\xEF
Action.c(113):     \x9B\x83\x06j\x8F\xCE\x82O\x0E\xC0\xC3\xBA\x9B\xCC\x88{\x98\x17\xCF\xECF\xF5<][E\x98r\xE6\x89
Action.c(113):     o\xE5={d\x0C3\xEA\x17\xDAd7\xF29\x8E\xA9E\x14\x9A\xD98J-uj\xE2\x93\x11\xFA\x17\xC5,\x15\xC6
Action.c(113):     5L\xBA\xDEG\xE9\xC5q\\\xD7\xBD\xA84\xDE\xD2\xF79\xEC\x15\xC3\xEC\x9D@\xB7\x1A\xC2\x84\xD9\x8F
Action.c(113):     \xA0\xEAGD\r\xE2\xB6\xAE\xE69\xF4\xDE\x1CB\x87*\x84_\xE5`R\x97\xE0\xA0\xDAA/+\x10\x12\xB6\xEB
Action.c(113):     \x7F\\=A\xA3XB\x9C\xFD\xBD\xE25\x0E\xABQ\xEE\x0F\xE1\x8A\xF1\x1Ba\xE3>\xC2f'\xA6\xD4\x08\xCE
Action.c(113):     \xBA\xBE\xAF\x81\xB5\t\xC5N\x16n\x0E\x190\x87\xF5$E6\xC8\\\xFB\xBDQ\x8B\xDA\xD5\x1C\xFEG\xE7
Action.c(113):     !\xE0\xD6\xCC"\x137\x8B\x05\xF6\xBB\x8Bi\xD7\xF750\x138\xE5f\xC1\x1C2\x11Q\xFB\x15\xFD\x1A
Action.c(113):     \xA7.\x918{\x043r\xF8\x97\x1B\xA8Z\xA9c\x998Y8\x999jy\xD1f\x85x&\xEF\xA4\xF20\xAE\x8AqHM\x03
Action.c(113):     V\x15\xB0\xAA\xB2\x95\x19-\x92\xDDi\xF0\x91\xDAIm\xE6\x1A\xB3X\x85yN\x99\x83\xB8*\xF6\xA3\xC9
Action.c(113):     \xA5\x88|#\xDF\xC9;4\xC9 &\xF4\x07\xA4\x9C\xBD\xD2\x8F\x16r\xDE\xE9\xAB\x0B\xF8?,\xA3V\xEF
Action.c(113):     a]\xC8o\x8E\x98\x8F\xE1\x81\xE7\x0F\x88\xE5\xDCb\x00\x00\x00x\xDAc``\xD0A\x82q\x0C\x0B\x18
Action.c(113):     \x9B\x98\x84\x98\xD61\xFB1\x971/b>\xC7\xC2\xC0\xE2\xC4\x92\xC6\xD2\xC2\xB2\x82\xE5\x08\xAB
Action.c(113):     \x10k\x00\xEB:6\x03\xB6\x1A\xB6o\xEC)\xECs8\x948&p\xEC\xE1x\xC7\xC9\xC6\xA9\xC1\xE9\xC0\xB9
Action.c(113):     \x8C+\x8Dk\x0E7\x13w\x02\xF7<\xEE[<\x02<-<{xn\xF1J\xF1F\xF0\xD6\xF1\x1E\xE2\xFD\xC7\x17\xC2
Action.c(113):     7\x83\xEF\x1F\x7F\n
Action.c(113):     \xFF-\x01.\x017\x81<A\x19A?\xC1\x06\xC1u\x827\x04\xBF\x08\xC9\t\xB9\x08\xC5\t5\x08\x9B\x08
Action.c(113):     O\x11\xFE \x12$\xB2E\x94M\xB4J\xF4\x90\xE8\x1B\xB1\x04\xB1Eb{\xC4\xB5\xC4\xF3\xC4\xF7H\xC8
Action.c(113):     HTIl\x904\x92l\x92<!\xF9I\xEA\x88\xD47i#\xE9\x04\xE9=\xD27dLd\xDA\x80p\x8B\xAC\x86\xEC"9-\xB9
Action.c(113):     Ir;\xE4c\xE4'(\xE8)lPx\xA2\xC8\xA3\xA8
Action.c(113): t=334857ms: 1449-byte response body for "https://www.advantageonlineshopping.com/css/fonts/roboto_thin_macroman/Roboto-Thin-webfont.woff" (RelFrameId=, Internal ID=387)
Action.c(113):     \xA5\xF8L\x89C)@i\x8E\xD2\x0F\xE5*\xE5E\xCA\xBFT\xF4T\xFCT\x9ATv\xA92\xA8\x9A\xA9\x9ES+RwP
Action.c(113):     _\xA5\xFEJCK#O\xE3\x8E\xA6\x85\xE6*-!\xAD\x19Z\xF7\xB4U\xB4s\xB4Oi\x7F\xD1\x91\xD3\xF1\xD1
Action.c(113):     \xE9\xD2y\xA5\x1B\xA7\xBBOOA\xAFE\x9FG\xBFE\x7F\x83\x81\x91A\x95\xC1!C\x1E\xC3,\xC3\x15\x86
Action.c(113):     \x9F\x8CR\x8C\x15\x8C\xEF\x98\xCC2m2\x8B0w3\xFFeQc\xF1\xC22\xCC\xF2\x98U\x80U\x95\xD5\x12\xAB
Action.c(113):     K\xD6\x02\xD6-\xD6\xBFl\x82l\xD6\xD8r\xD8\xF6\xD8\xFE\xB33\xB0[e\xF7\xC7\xDE\xCF~\x91\x03\x97
Action.c(113):     C\x80\xC3\x1AG>\xC7\x0E'+\xA7>\xA7\x1DN\xBF\xB0Cg\x0Eg1g\x15g\x1B\xE7\x10\xE7\n
Action.c(113):     \xE79\xCEG\\\x18\\l\\\xEA\\\xD6\xB9\xBCqy\xE3*\xE0j\x06\x84\xEF\xDC\x02\xDCb\xDC\x8E\xB9\xEB
Action.c(113):     \xB8\xDF\xF0h\x00\x00:\x82\x98@\x00\x00\x00\x00\x01\x00\x00\x00\xEC\x00F\x00\x05\x00\x00\x00
Action.c(113):     \x00\x00\x02\x00\x01\x00\x02\x00\x16\x00\x00\x01\x00\x01Q\x00\x00\x00\x00x\xDA]R\xEDN\x13Q
Action.c(113):     \x10=w) \xB1\x185D\x82\x1F\xC9\r?\x08&v)HU41\x1A\x95\xC6\x84@R\x1B\x89\x91\x84l\xCB\x966\xC2
Action.c(113):     \xAE\xB9\xDD\xF2\xF1\xAB\x8F\xE0#\xF8\x12>\x84>\x93\x7F<wv\x16\xBA\xEE\xCD\x9D93sg\xE6\xDC
Action.c(113):     \xB9\x0B`\xD1\xDC\x87\x81\xFF&e :\xC7S\x82r\\\xC1\x83+<C\xFD\x90QS\x99\xA3\xF5\x1A\x8F\x14
Action.c(113):     \x1B\x9E\xFA\xAA8`\xE4P\xF1\xD4\x04\xAEp\x15x\x1A\xBF\xD0U<\x83\xC0,*\x9E\xC5\x1B\xB3\xA4x
Action.c(113):     \x0EU\xF3E\xF1M,\x98Xq\x15+\xE6R\xF1<\x0E\xCCO\xC5\xB7\xD06\x7F\x15\xDFF5\xD8S|\x077\x82\x82
Action.c(113):     \xDB]\xDC\x0B\x8A\xBE\xBF\x89\x8B:\x7FP\x0F~\x8C[i'\xCDR\xDB\xEE\x0F\x12\xDB\x8A\x8FG'\x91
Action.c(113):     \xB3\xFBq\xA7\x97&\xD9\x18\xDBH\x91 \x83\xC5\x11"\xEA\x88\xA8K\xDFw\\\xC2a\x80c\xF4%\xDA\xA4
Action.c(113):     /\xA5u\x82\x98\xD6\x06\xEAX\xA7\x0C1\x96\xFD\x99^\x87!\xCF\xFBj\x96\xB1\x90\xBB.\xA76\xB9_
Action.c(113):     ]\xE5<\x15\x9Cq\xF5\xD8kD\x9D\xB2\xC3@9\xAC\xE2\x8C\xA7Bl1+\x94\xDC\x1A\xD9lI\xE6c\xC6k\xEC
Action.c(113):     o\xF1B\x90\xA3l0\xE2qS\xEB\xE7\xD6\x850\xD8\x14|N\xB9L\xDEM\xBC\xA7\xB6R\xCF\xCB\x1EY\xB7\xD8
Action.c(113):     \xBB\xC3\xED9Xr\x18RF\xC2\xCEQ\x1F\xF1N\xA7\xD4\x0E\xDF\xE8K\x99Q\x9EBX\xB2\xCA\x11?\xC1S\xBC
Action.c(113):     \xE3\xCD\x9C\xD4\xCD(#\x99L\xDE\xD3O+\xA3\xDFOk\x87\xB1.=\t\xED\x98]-\xA7\x92Hw'\\\xFA2\xF1
Action.c(113):     \xB7|\x91\x88\xE7r\xAB\x9C\xF3\x84\x9E\xFF_\xC0\xBFM]\xDE.c\xE6K\xACq\x9D\xCB\n
Action.c(113):     Y\xE7\xBAV\xC8\xF3\x8E\xBC\xD7\xC8|\xB2\xE6\x90\x9E\x1D|\xE4\x1D>`\x17\x9F(kZsrjm}\xBB\xF2
Action.c(113):     $\x0B\xEF>\xEBt8\xB7\xE2\x0F[\x97|\x1F\x1D\xD1\xDA\xA5\xFF\x8C\xDA\xE2\xB9\xC4\x1Ad\xB9\x81
Action.c(113):     g\x94\ry;\xFD_\xFE\x01\x81\x0B\x84Q\x00x\xDAm\xD1GlSA\x10\x80\xE1\x7F\x12\xC7N\x9C\xDE{\xA3
Action.c(113):     w\xDE{\xB6S\xE86\xB1\xE9\xBDw\x02Il\x87\x90\x04\x07\x03\xA1#z\x15\x08\x89\x1B\x88v\x01D\xAF
Action.c(113):     \x02\x01\x07@\xF4&\x8A\x80\x03g\xBA8\x00W0y\xCB\x8D\xB9|\x9A\x9D\x9D\xD1h\x97(\xDA\xE2w=5\xFC
Action.c(113):     /\xBE\x80DI\xB4X$\x86h,\xC4`\xC5F,q\xD8\x89'\x81D\x92H&\x85T\xD2H'\x83L\xB2\xC8&\x87\\\xF2
Action.c(113):     \xC8\xA7\x80B\x8A(\xA6\x84R\xDA\xD1\x9E\x0Et\xA4\x13\x9D\xE9BW\xBA\xD1\x9D\x1E\xF4\xA4\x17
Action.c(113):     \xBD\xD1\xD01p\xE0\xC4E\x19\xE5TPI\x1F\xFA\xD2\x8F\xFE\x0C` \x83p\xE3a0Ux\xF11\x84\xA1\x0C
Action.c(113):     c8#\x18\xC9(F3\x86\xB1\x8Cc<\x13\x98\xC8$&3\x85\xA9Lc:3\x98\xC9,f3\x87\xB9T\x8B\x95#l`#\xD7
Action.c(113):     \xD9\xC7\x076\xB1\x8B\xED\xEC\xE7\x18G\xC5\xC66\xDE\xB1\x9E\xBD\x12+q\xEC\x14;[\xB8\xC5{\x89
Action.c(113):     \xE7\x00\xC7\xF9\xC9\x0F~q\x98\x93\xDC\xE7.\xA7\x98\xC7|vG^\xEB!\xB5\xDC\xE3\x01Oy\xC4c\x9E
Action.c(113):     \xF0\x91:^\xF0\x8C\xE7\x9C\xC6\xCFw\xF6\xF0\x9A\x97\xBC"\xC0g\xBE\xB2\x95z\x82,`!\r4r\x90&
Action.c(113):     \x16\xD1L\x88\x16\xC2,f\tK\xF9\xC42\x96\xD3\xCA\n
Action.c(113):     V\xB1\x92+\x1Cb\r\xABY\xCB\xBA\xC8\x1F|\xE3*g8\xCB5\xDE\xF0V\x12$Q\x92$YR$U\xD2$]2$S\xB2$[
Action.c(113):     r$\x97s\x9C\xE7\x12\x97\xB9\xCD\x05.r\x87\xCD\x9C\x90<npS\xF2\xA5\x80\x1DR(ER,%Rj\xF57\xB4
Action.c(113):     6\x07t[\xB81\xA8iZ\x95\xD2PV\x9A\xBA5\xA5\xAA{T\xDD\xE3P\xBA\x94m\xF7\x8DH\xA3RW\x1AJ\x87\xD2
Action.c(113):     \xA9t)\xCB\x94\xE5\xCA\n
Action.c(113):     \xE5\xBFynS]\xCD\xD5u{]\xD0\x1F\x0E\xD5\xD6T\xB7\x04\xCC#\xC3g\xEA\xF2Y\xBC\xE1P\xD3\xDF\xC4
Action.c(113):     \xAB\xF6\xF0y\xCC="\x1AJ\x87\xD2\xF9\x07g\xEF\xA3?x\xDAE\xCC;\x0E\x82@\x18\x04\xE0}\xC0\xF2
Action.c(113):     ~)\xAD\x8A\x85\xD5^\xC0\x03\x08\r\x8D\xB1b\x13\xCFam\x8C\x16\xC6ha\xE2=\xFE\xB52^N\x7F\x04
Action.c(113):     \xD6n\xBE\xC9d^\xF4s\x02z%5\xB8\xEBFSzS\xBA\x12\xB2\x99C\xAAj\xC87\x18\xF6j\x02Bn\x1B\x02\xBC
Action.c(113):     (\x81\xCB\x15XE\xF9&\xDC\x1A\x13&\x7F\xB6;/\x07\x8B\xD66[\x0Cv\x8A\xF2)f=\\\x843\xED@\xC1\xEB
Action.c(113):     /}l\xBD\x03\x93\x9AW;d\x80\xF4\xFF\x0C\xDB\xC3\x80Ib\x9A\x08\x07\xE1\xC30FFw\xC3\x04\x19_\x0C
Action.c(113):     Sdr6\xCC\x90\xE9\xD1p\x84\xCC\x0C\x15\xE4\xF2\x0BL\xE8L\xA0\x00\x00\x00\x01R{\xF7\x8E\x00\x00
Action.c(113): t=334860ms: Request done "https://www.advantageonlineshopping.com/css/fonts/roboto_thin_macroman/Roboto-Thin-webfont.woff"  	[MsgId: MMSG-26000]
Action.c(113): web_url("home-page.html") highest severity level was "warning", 56011 body bytes, 2201 header bytes  	[MsgId: MMSG-26388]
Action.c(125): Notify: Transaction "Go_To_HomePage" ended with a "Pass" status (Duration: 20,4513 Wasted Time: 0,0044).	[MsgId: MMSG-16871]
Action.c(127): lr_think_time: 5,00 seconds.	[MsgId: MMSG-15948]
Action.c(157): t=335134ms: 735-byte response headers for "https://www.advantageonlineshopping.com/accountservice/ws/AccountLoginRequest" (RelFrameId=1, Internal ID=284)
Action.c(157):     HTTP/2.0 200\r\n
Action.c(157):     Status: 200\r\n
Action.c(157):     server: nginx/1.18.0 (Ubuntu)\r\n
Action.c(157):     date: Sun, 17 Nov 2024 16:23:54 GMT\r\n
Action.c(157):     content-type: text/xml;charset=utf-8\r\n
Action.c(157):     content-length: 790\r\n
Action.c(157):     x-content-type-options: nosniff\r\n
Action.c(157):     x-xss-protection: 1; mode=block\r\n
Action.c(157):     cache-control: no-store\r\n
Action.c(157):     pragma: no-cache\r\n
Action.c(157):     expires: 0\r\n
Action.c(157):     x-frame-options: DENY\r\n
Action.c(157):     access-control-request-method: POST, GET, OPTIONS, DELETE\r\n
Action.c(157):     access-control-allow-methods: POST, GET, OPTIONS, DELETE\r\n
Action.c(157):     access-control-max-age: 3600\r\n
Action.c(157):     access-control-allow-headers: Origin, X-Requested-With, Content-Type, Accept, Key, soapact
Action.c(157):     ion\r\n
Action.c(157):     access-control-allow-origin: *\r\n
Action.c(157):     accept: text/xml, text/html, image/gif, image/jpeg, *; q=.2, */*; q=.2\r\n
Action.c(157):     soapaction: ""\r\n
Action.c(157):     strict-transport-security: max-age=31536000; includeSubDomains; preload\r\n
Action.c(157):     \r\n
Action.c(157): t=335135ms: 790-byte response body for "https://www.advantageonlineshopping.com/accountservice/ws/AccountLoginRequest" (RelFrameId=1, Internal ID=284)
Action.c(157):     <SOAP-ENV:Envelope xmlns:SOAP-ENV="http://schemas.xmlsoap.org/soap/envelope/"><SOAP-ENV:He
Action.c(157):     ader/><SOAP-ENV:Body><ns2:AccountLoginResponse xmlns:ns2="com.advantage.online.store.accou
Action.c(157):     ntservice"><ns2:StatusMessage><ns2:success>true</ns2:success><ns2:userId>744609240</ns2:us
Action.c(157):     erId><ns2:reason>Login Successful</ns2:reason><ns2:token>eyJ0eXAiOiJKV1QiLCJhbGciOiJIUzI1N
Action.c(157):     iJ9.eyJpc3MiOiJ3d3cuYWR2YW50YWdlb25saW5lc2hvcHBpbmcuY29tIiwidXNlcklkIjo3NDQ2MDkyNDAsInN1Yi
Action.c(157):     I6Ikplc3NlMjIiLCJyb2xlIjoiVVNFUiJ9.lTQ6VmXZhnWOz8ZNivbvSTkmnDr3xR7WyxmQsLgyGIw</ns2:token>
Action.c(157):     <ns2:sessionId>1933af01cd1@7E8B11101736^i%744609240</ns2:sessionId><ns2:t_authorization>Sm
Action.c(157):     Vzc2UyMjpQMW5rbWFu</ns2:t_authorization><ns2:accountType>20</ns2:accountType></ns2:StatusM
Action.c(157):     essage></ns2:AccountLoginResponse></SOAP-ENV:Body></SOAP-ENV:Envelope>
Action.c(157): Notify: Saving Parameter "userId_1 = 744609240".	[MsgId: MMSG-13798]
Action.c(157): Notify: Saving Parameter "authorization_1 = SmVzc2UyMjpQMW5rbWFu".	[MsgId: MMSG-13798]
Action.c(157): t=335135ms: Request done "https://www.advantageonlineshopping.com/accountservice/ws/AccountLoginRequest"  	[MsgId: MMSG-26000]
Action.c(157): Registered web_reg_find successful for "Text=Login Successful" (count=1)  	[MsgId: MMSG-26364]
Action.c(157): Notify: Saving Parameter "authorization_count = 1".	[MsgId: MMSG-13798]
Action.c(157): Notify: Saving Parameter "userId_count = 1".	[MsgId: MMSG-13798]
Action.c(157): web_custom_request("AccountLoginRequest") was successful, 790 body bytes, 735 header bytes  	[MsgId: MMSG-26386]
Action.c(169): web_add_auto_header("Authorization") started  	[MsgId: MMSG-26355]
Action.c(169): Notify: Parameter Substitution: parameter "authorization_1" =  "SmVzc2UyMjpQMW5rbWFu"	[MsgId: MMSG-13992]
Action.c(169): Warning -26593: The header being added may cause unpredictable results when applied to all ensuing URLs. It is added anyway  	[MsgId: MWAR-26593]
Action.c(169): "Authorization: Basic SmVzc2UyMjpQMW5rbWFu" header registered for adding to requests from all following Action functions  	[MsgId: MMSG-26505]
Action.c(169): web_add_auto_header("Authorization") highest severity level was "warning"  	[MsgId: MMSG-26391]
Action.c(170): web_url("carts") started  	[MsgId: MMSG-26355]
Action.c(170): Notify: Parameter Substitution: parameter "userId_1" =  "744609240"	[MsgId: MMSG-13992]
Action.c(170): The request to server https://www.advantageonlineshopping.com/order/api/v1/carts/744609240" is done with headers:
Action.c(170):     :method = GET
Action.c(170):     :scheme = https
Action.c(170):     :path = /order/api/v1/carts/744609240
Action.c(170):     :authority = www.advantageonlineshopping.com
Action.c(170):     Authorization = Basic SmVzc2UyMjpQMW5rbWFu
Action.c(170):     Referer = https://www.advantageonlineshopping.com/
Action.c(170):     Sec-Fetch-Dest = empty
Action.c(170):     Sec-Fetch-Mode = cors
Action.c(170):     Sec-Fetch-Site = same-origin
Action.c(170):     User-Agent = Mozilla/5.0 (Windows NT 10.0; Win64; x64; rv:130.0) Gecko/20100101 Firefox/13
Action.c(170):     0.0
Action.c(170):     Accept-Encoding = gzip, deflate
Action.c(170):     Accept-Language = ru-RU,ru;q=0.8,en-US;q=0.5,en;q=0.3
Action.c(170):     Accept = */*
Action.c(170): t=335463ms: 455-byte response headers for "https://www.advantageonlineshopping.com/order/api/v1/carts/744609240" (RelFrameId=1, Internal ID=285)
Action.c(170):     HTTP/2.0 200\r\n
Action.c(170):     Status: 200\r\n
Action.c(170):     server: nginx/1.18.0 (Ubuntu)\r\n
Action.c(170):     date: Sun, 17 Nov 2024 16:23:55 GMT\r\n
Action.c(170):     content-type: application/json\r\n
Action.c(170):     expires: 0\r\n
Action.c(170):     cache-control: no-store\r\n
Action.c(170):     set-cookie: JSESSIONID=C4D68816092631537537177AE5393568; Path=/order; HttpOnly\r\n
Action.c(170):     x-content-type-options: nosniff\r\n
Action.c(170):     x-xss-protection: 1; mode=block\r\n
Action.c(170):     x-frame-options: DENY\r\n
Action.c(170):     vary: accept-encoding\r\n
Action.c(170):     content-encoding: gzip\r\n
Action.c(170):     strict-transport-security: max-age=31536000; includeSubDomains; preload\r\n
Action.c(170):     \r\n
Action.c(170): t=335465ms: 98-byte ENCODED response body received for "https://www.advantageonlineshopping.com/order/api/v1/carts/744609240" (RelFrameId=1, Internal ID=285)
Action.c(170): t=335465ms: 87-byte DECODED response body for "https://www.advantageonlineshopping.com/order/api/v1/carts/744609240" (RelFrameId=1, Internal ID=285)
Action.c(170):     {"userId":744609240,"productsInCart":[],"sessionId":"C4D68816092631537537177AE5393568"}
Action.c(170): t=335465ms: 10-byte ENCODED response body received for "https://www.advantageonlineshopping.com/order/api/v1/carts/744609240" (RelFrameId=1, Internal ID=285)
Action.c(170): t=335465ms: Request done "https://www.advantageonlineshopping.com/order/api/v1/carts/744609240"  	[MsgId: MMSG-26000]
Action.c(170): web_url("carts") was successful, 108 body bytes, 455 header bytes  	[MsgId: MMSG-26386]
Action.c(179): Notify: Transaction "Login" ended with a "Pass" status (Duration: 0,9382 Wasted Time: 0,0004).	[MsgId: MMSG-16871]
Action.c(181): lr_think_time: 5,00 seconds.	[MsgId: MMSG-15948]
Action.c(127): Notify: Transaction "US1_Authorization" ended with a "Stop" status (Duration: 23,7665 Wasted Time: 0,0044).	[MsgId: MMSG-16871]
Action.c(181): Notify: Transaction "US1_Authorization" ended with a "Stop" status (Duration: 26,6676 Think Time: 5,0041 Wasted Time: 0,0044).	[MsgId: MMSG-16870]
Abort was called from an action.	[MsgId: MMSG-10447]
Abort was called from an action.	[MsgId: MMSG-10447]
Ending Vuser...	[MsgId: MMSG-15966]
Ending Vuser...	[MsgId: MMSG-15966]
Starting action vuser_end.	[MsgId: MMSG-15919]
Starting action vuser_end.	[MsgId: MMSG-15919]
Ending action vuser_end.	[MsgId: MMSG-15918]
Ending action vuser_end.	[MsgId: MMSG-15918]
Vuser Terminated.	[MsgId: MMSG-15963]
Vuser Terminated.	[MsgId: MMSG-15963]
Action.c(127): t=338199ms: Closed connection [0] to www.advantageonlineshopping.com:443 after completing 0 request(s)  	[MsgId: MMSG-26000]
Action.c(181): t=338199ms: Closed connection [0] to www.advantageonlineshopping.com:443 after completing 0 request(s)  	[MsgId: MMSG-26000]
Action.c(127): t=338199ms: Closed connection [1] to www.googletagmanager.com:443 after completing 0 request(s)  	[MsgId: MMSG-26000]
Action.c(181): t=338200ms: Closed connection [1] to www.googletagmanager.com:443 after completing 0 request(s)  	[MsgId: MMSG-26000]
HTML-Mode memory management statistics: Reusable=1, NonReusable=0, CsMemBlockSize=4096, checks disabled  	[MsgId: MMSG-26000]
HTML-Mode memory management statistics: Reusable=1, NonReusable=0, CsMemBlockSize=4096, checks disabled  	[MsgId: MMSG-26000]
Vuser 1 (thread 13524), ended OK."	[MsgId: MMSG-10695]
Vuser 0 (thread 10160), ended OK."	[MsgId: MMSG-10695]
