..\\..\\Transactions\\common_lib.h(115):     \xC2\x96\xCB*L\xF5\xF1\xD4\xDB\xB8\xE3\xAC\xB5\x93\x11\x866\xCA\x1D\t7\x9A\xD1 -\xDE\xDF(\xE1
..\\..\\Transactions\\common_lib.h(115):     ;K\xF5)\x85\xFC\xB1>\x14-\xDE\xF2\xC6c\xB49\xEA\xC84j\xDB\xFA\xC8\xDA\xCE\x06:\xAA\x15\x92
..\\..\\Transactions\\common_lib.h(115):     \xECH6yD\xDE\x17I\xFE\xAC\xA3\xB8#m\x17w\xB4t\x1Cw4\x9E\xCFy\x9C\xE6Hq\xCD\xD6Q\x8B\xA4\x17
..\\..\\Transactions\\common_lib.h(115):     y\xBC\xB4\xB3FI\xE2\n
..\\..\\Transactions\\common_lib.h(115):     #N\xCA\xC7\xBB\xFF\xFF|\xBCq\x8D\xD5\xD1x\xE9\x14\x1E\x1F\xEDl\xC0\xC2S\xADqQ>\xE6\x8F:\x8A
..\\..\\Transactions\\common_lib.h(115):     \x8B\xD2vqQK\xC7qQ\x18s\xC1\t\xD0\xB8U\x13u4\xECMF<\xB4\xD3a\xBF\x91\x14\x07\xE5\xE3~\xDB\x88
..\\..\\Transactions\\common_lib.h(115):     \x83\x8EM\x1Aw>n\x85\xAEI\x13\x88\x16u\xC9\xC8w\xB0\x84\xF4D4\xD4\xF2\xBF\x11\r\xEDd\xB6\x1D
..\\..\\Transactions\\common_lib.h(115):     l\x86\x8E'~E\xFB(h\xA7\x14\xD8w\x94O\x80\xD3\xE1\xA5D\xFC\xF3\xDA$J\xE4\xA2
..\\..\\Transactions\\common_lib.h(115): t=2697746ms: 4731-byte response body for "https://www.advantageonlineshopping.com/css/fonts/roboto_thin_macroman/Roboto-Thin-webfont.woff" (RelFrameId=, Internal ID=443)
..\\..\\Transactions\\common_lib.h(115):     ..\x0C\xE2s\x8AP\xEC\x16\x04\x92\xD6\xB4\xA4\x1D\x1D\xFE\xB3\x08hg\xEB\x1D\xD7\xAE\x1D\xCD
..\\..\\Transactions\\common_lib.h(115):     z\x1E\x8B|v\xBA\xA9\xBC\xAD\xB5\xCDg\x90\x9F%\xBFt\xAB\xA1W\xBA\x11\xE3\xA1VF\xF9({\xE0\x93
..\\..\\Transactions\\common_lib.h(115):     \x89?\xF1B\xDA\xAB\x9A\x03X1]\xC5\xABV\x1DI\x0F\x82\xE2\xCF\xB7:C\xFC*\xF6\xCD\x88\x11#\x84
..\\..\\Transactions\\common_lib.h(115):     \xE7\xEB\xEA\xF4\x93'N\x14m\x13'r~\xBAA\xB2J[\x8D\xF8\xE7\xF9\xC9\xF1O\xDA.\xFEi9*\xFE\xD9
..\\..\\Transactions\\common_lib.h(115):     5\x0BK\x08,\xAEt#\xF4\t|\xE2\x02\xF5\x99\xD6\xA8\x16\xB9\xA2V_\xAE)\x1E\xF9\xE4\xCF\x9A3"\x9F
..\\..\\Transactions\\common_lib.h(115):     H5\x16\xF9\xAC\xA1\xA0A|A\xCA{\x86%:\xC1\x96\xF9)R\xAF\xD7M\x81\xF3\xFA\\q\xE9\xB5@\xC2\xEE
..\\..\\Transactions\\common_lib.h(115):     \xA3\xFD\xE7\xF6\xB9\xEC\xAA\x9BB#\x86*\xF4\xB9\xAEW4l\xFA\xE2\xDB.\x97\xD4m\xFCb\xF8`\x85
..\\..\\Transactions\\common_lib.h(115):     S37k\xE5?N\xFB~>R4#c\xE5\xCES~y\xE4\x8E\xF7{\x8Ac2s\x80\xA4zvz:\x12x\xFC;\xBDy\xBC\x93\xF5
..\\..\\Transactions\\common_lib.h(115):     \x93\x02\xCC\xE2\x81Y\x9Fu\xCC\x8ERY\xC7\xE8(\x95\x1D\x8F\xEB\xB9\xD2|\xAC$\xB0\xD3\xAER\\
..\\..\\Transactions\\common_lib.h(115):     \xC6\xB6\xEB-\xB5\x88\x1B\x0CGu\x98\x92~J\xC4@\xF9\x18\xB7\xFFW\xC6\xC8\xE5j\xFB\xFEWWp\xF0
..\\..\\Transactions\\common_lib.h(115):     \x7F\xD4 \xC5o\xB9\x14\x8D\x8Fq'\x8C1\xA7\x931\xE6\x1Ec\x8Cy\xADc\xCC8\x01:\xC6\xE5h\xBBa>
..\\..\\Transactions\\common_lib.h(115):     a\x80\xF8\xA3i\xE9N\xF8\x83\xF98\x97\xC18} -n9\xC6H1\xA70#\x18\xF5r\xA1\x91\x19\x88\xD7y\x19
..\\..\\Transactions\\common_lib.h(115):     #\x07y\x10\xF5q\xE9\xE0c\xB5\xCEX\xDC\x80\xEF\xB2\xDB\xCC\n
..\\..\\Transactions\\common_lib.h(115):     !E\x06\xF6)R\\'0'.+\xDAM\xE9\x16\x06\xBE\x8F\x9E\xD0p.\x19\x04\xDE'\n
..\\..\\Transactions\\common_lib.h(115):     x#\x1D\xE8\xDEA\xA7\xA8\\?\xD2\xF6\xF8\x9D\xA2x\xF0\xF4\xD8\xFD\xA2\\\xBC\x92\xB2\x83\xAEQ
..\\..\\Transactions\\common_lib.h(115):     \xD2\x86Dl\x9C\xF5I4\xFA\x17\x9FM\x8En\x19\x8D\x08\x98\x1E\xB7K"{\x94\xE0Q\xDD\xA2=\xED\xBB
..\\..\\Transactions\\common_lib.h(115):     E\xB7\xEF\x8F\x18\xEF\x16\xDD\xAE=\xA2\xE9\xC5\xE4n\xD1\x1D\xF5G\x14\r\x1A.\x03\x1Abe\xCB\xD0
..\\..\\Transactions\\common_lib.h(115):     \xF6TT}~5;\x18\xCD\xE0\xCC\x90\x13`U.\xBE\xBD\xD1,\xBE\xE6Y\xCC\xE7\x88\xCF\xB7C\xB4\xCE\n
..\\..\\Transactions\\common_lib.h(115):     Z\xB2\xB0G\x80\xC4"\xFD\xC7\xA7\xBC\xB1\xF0\xC7\xA6}\x0B\xF2@G\xA4\x97\xAB[\xF3Pol\xF9N\x89
..\\..\\Transactions\\common_lib.h(115):     \xB1g\\\x96b'\x17w\xFC\tg\x89G]\x9A\x04\xE3i[\xF1\\\x96\xA8-\x85\xD9\xA2,\xB8]\x16\x7F\xE6
..\\..\\Transactions\\common_lib.h(115):     e\xFCI\x97\xF8$\x1Dk \x92\x9A\xC7*\xCC\x9C\x96*P*p\xE0\xB0T\xB1<\xFE\xBC\x0C|\x8E(V7j&\xAB
..\\..\\Transactions\\common_lib.h(115):     \xCB(\x0Cv9\x99hoM\xA5-\xE4\xD6f\x1AIj\x07y#\xCD\xFBz\xF0\xD2\x8B\xC4\x9E\xF1\xE4\xDA#\xDB
..\\..\\Transactions\\common_lib.h(115):     F=8\xF0k\xFD\x93\x10i\xD9}\xC6\xCC\x1E=g\x0C\xDCsD\xE8Kk\xA9\x85\x0E\xB0[\x8C\x94[\xAB\x8D
..\\..\\Transactions\\common_lib.h(115):     \x0E\xA0\x96\x9F\xF4\xB7e\x93|\x81\xA2\xE8{\x7F\xE5\xB1\x1DS\x854\x08\xACo\xF4A>H"eh\t\x14
..\\..\\Transactions\\common_lib.h(115):     \x04\x11\xF9`\x1B#\x89of\xAD\xD1\xF0A\xA6\x96\xE1|\xD9S\xDC\xB9\xF7\xB1\x0BL\xB2\x8BS\xAB\xE5
..\\..\\Transactions\\common_lib.h(115):     \xE9\xC0\x17\xC2b\xF6bfA\x1F#x\x8E>\xC7\xDA.\xA0\xEF\xCB\xA4\xAE\x8D\xE8~\xF0\xB84\x13v\xFF
..\\..\\Transactions\\common_lib.h(115):     \xE9\xE3\x8EZ3s\n
..\\..\\Transactions\\common_lib.h(115):     N6J\xBAr\xB1{SW\xF8^Nn\xB1\x1F\x8D\xF1\xC6\xDE@\x9E\x90)\xC9\x06Ox\x1B\xD3\xD2\x8D\xAEdI.G
..\\..\\Transactions\\common_lib.h(115):     F&\xA3kfM\xBC\x9D\x17\x12+\xE1y\xBC\x18\x94\xE0\xA3_\xD5\x05?\x9E\x05f\xFAWT\x91r\xDE\x9Fo
..\\..\\Transactions\\common_lib.h(115):     \x98\xEA\xD3\xBF\xAA\xAF\xFB\xF2\x11\x8E,\x96\xBC\x97/\x89\xA2\x9C\xF7\xC1\x13\x9B\xBE\x10
..\\..\\Transactions\\common_lib.h(115):     oV\x84\xAFv\xFC\xFD\xA1\xB7\xB9V\\\xB1`\xDEs`\xBF\x8BV\xA12\xAF{\xDE\x92]\xCC\x86_9g\xFE2\x8E
..\\..\\Transactions\\common_lib.h(115):     :v-M\xAF\xCD\xEA\x9B[\x9F\xB9t/\xA8\xC9\x1B*\xC1\xB0\xDF\x8D{\x83\xE5g(\xBF\x11+I!nrq\xDB\x0C
..\\..\\Transactions\\common_lib.h(115):     \r\xACBN\rF\xED|g8agx\xFC\xAAmo4\x85\xEF\x8C\x14\x9E>bv\xB0\xFA\xDFT\xA0\xB2\x9Bo\x92\xB4\xE3
..\\..\\Transactions\\common_lib.h(115):     =\x07"\x9E\x83\x9D\x9C\xCD\xA1\xFF\xC2\x93\xB0\x93\xB39\xA4\xF3\xE39a\x0B\xA5/\x849\xF2V\xB0
..\\..\\Transactions\\common_lib.h(115):     \xE9\xAB\x8D\xE7\x0B\xC0\xA1\x87\x95ZP\xD5\xC2\x0Cm\x99\xB7\xC1\xB0\xC6\x9B\xF3\xC5\xEB\x1B
..\\..\\Transactions\\common_lib.h(115):     \xB9.Y\xC8\x95\x87\xF4E\x1C`Sr\x96tDxM~\rt\xC5\xA9Fw\x05'\xEC\x1F\xCC\x9Af\x1D\xC0\xE5\xD6
..\\..\\Transactions\\common_lib.h(115):     \xD6\xB8\x0E\xD6\xEE\xCB\x92\xD4q\xDA\x82\x05\xA8"\x93b\n
..\\..\\Transactions\\common_lib.h(115):     f\x86\x90D\x83\x85\xB6\x88\xF8\xAC\xF6i\xB4J2\xBCM\xEE\xEDA\xDAt\xEE \xFF\x83\xCF\x96\x08o
..\\..\\Transactions\\common_lib.h(115):     K\x1F\x89&\xF8\xCCwT\xBF\x90\xD6N\x13K\xA4^\xC2\xDB\xF0'\x94L\x13\xDE\x96\xD7\x1F\xF7\xFB\xD3
..\\..\\Transactions\\common_lib.h(115):     \xE4\x06\xE3\xFB#\xA5+\xC8~\xD0\x03\x9D>#^\xC0\x8A}{\xE2\x19\xF1\xF5\x9E\xA0\xE8\x1D\xD9?\xD0
..\\..\\Transactions\\common_lib.h(115):     O\xBA\xE2i\x9A\xAA\xFF\xBE\xFC\xF8\xD7\xB1w\xF0\xAC\xF9l\x86qG\xF6\x0B\xF5\x97\xAE\xA0\xF6
..\\..\\Transactions\\common_lib.h(115):     eO\xEB?\xE3uZ\xCE';\xA8\x1D\xAES\xD3\xFE:\x94U\xEF4\xC9\x12\xC5\xCE\xADv\x86\xA7\xE5\xC4\xA8
..\\..\\Transactions\\common_lib.h(115):     |\xACK\xDC\xC8\x9AP`\x05u,\x7F\x16.\xC6d-\x8C\x8B\xCEa\xE3\xB2\x91S\xF0\x8A\xD8.\x8B_\x14\xA4
..\\..\\Transactions\\common_lib.h(115):     d\xFC)`m\xE7\x89\xB0A\xE1\x8Fx3\x9ED\xA7Y\xEC\xCD\tp\x8E\xB3\x0F&hp{\x12\x1D\x0Cj\xC4\xEF;
..\\..\\Transactions\\common_lib.h(115):     \xEF\xF8\xF7mC\x17\xD6\x1B\x00\xEF\xCB;\\\x98\x0C\xD7\x86#\x89ZAO\x9Cfw&\xD1\xCD\xA0\x1E\xBB
..\\..\\Transactions\\common_lib.h(115):     o\xCBPz\x1Bu\xB0\xFB\x0E\xEE\xF8\xBEHG\xC7\xD1t\xC4\xBB\x1B\xB7l\xB2YM\xF0\x99bof\x0F\xC5M
..\\..\\Transactions\\common_lib.h(115):     \xCC\x9D\xD3\xD8\x18Cu80\r\xA8\xBD\x8C:\xE0\xE6?\xF1\xDF\x9Cg\x17\t\x85\xB4Y|\n
..\\..\\Transactions\\common_lib.h(115):     l<XC\x9B?*\x99\x89M\xAA2^\xE2\xADz\xCCV\xE2\x80\x93\xFC\x85=7\xB4}\xED\xFD\xA2a\x03\x06\\<
..\\..\\Transactions\\common_lib.h(115):     |\xC0\xC0a\xC2\xA6\xFE\xFD\x87\r?\xB5\x7F\xFF\x0B/d\x18`\x0F\xC8\xB9,r\x87a_\r2jP$s0\x88\x8F
..\\..\\Transactions\\common_lib.h(115):     \x10\x86\xC5\x0C\x04\x12\x0F\x14N\xF2\xDC\xD5\xB6\xE9Q\x85\xEFZ\x9Dw\xB5\t\xE7]\xD0\x10g\xF8
..\\..\\Transactions\\common_lib.h(115):     \xB3\xE7\x02Zy\x01\xCD\xBE\xE0\x0E\xF6\x1F\x9B\xDBud\x15}\x9F\xD5\xF5\x17\x12\xAA\x9A\xE2\xC2
..\\..\\Transactions\\common_lib.h(115):     \xCA.\xB1'\xBB \xAB\xC8$\xEE\xDD4:\x0E]\x97\xE80T\x1Eo,D\xC9h\xB2\x82\xEEm{\x1D\xEC\x0E\xC0
..\\..\\Transactions\\common_lib.h(115):     /\xD5z\x1D\x9A\xD4\x19`t\x07\x8D\x00\xF8\xF3\x88\x01'o\x03<QE~$\x91r\xC2\x1F\x93\xDATRP\x0E
..\\..\\Transactions\\common_lib.h(115):     kX\xAC\x18R\xD0\x16D\x1B\x1B\x04\x7F\x93\xC3\xEA\x82\x0FR\x14l\x19Xnu\x00f\xE6\xCD\x82\xB3
..\\..\\Transactions\\common_lib.h(115):     \xE1\xF6\x12;\xE1\x0B\xE2\x93.Y\x8F\xF4\xAE~\xB5r\xAF&(\x81\x80\x96\x0B\xBC\x98\x96\x01\xB4
..\\..\\Transactions\\common_lib.h(115):     \xCD\xADdU\xED>\x00\x1AY\x81H%+l\xAF\x94x\xE7\x86j\x1E\xC0\xFD\xF9\xF0\xCB\xB3Y\x00\xD7Y\xA3
..\\..\\Transactions\\common_lib.h(115):     :j0\xC6e\x93\x0Fb\x9Dq\x8A|p\xDDoW\xBC\xECdA\\\x9B\xB3\xC9nsx@\x1D9\x9BR\x9D\xD8\xD2\x1E\xDE
..\\..\\Transactions\\common_lib.h(115):     &\x05q\xE1\x1C\x06q5{jM\r]\xE5H\xB1\xD9S\x9DI\xCF`\xE2\x8Ff(\xC6\xC730\xB5\xEDe\x8A87\xDE\x9D
..\\..\\Transactions\\common_lib.h(115):     \xCE\xCB\x95\xB4\x97i\xEC^t\xC8\xFA\xF5\xEB\xA9\xFCNht\xEF\xFA\x9B\x1A^\xFEL8'\xF6\x02\xFE
..\\..\\Transactions\\common_lib.h(115):     |\xB9\xB9\xF1\xC6`\xDD\x8D\r\xEF\xE8\x07\x85.\xE1\x8F\x1A\x1A~\xA3\xC5\xCE\xD4\xEEN\x8F\xDE
..\\..\\Transactions\\common_lib.h(115):     \xF2Q\xF7\x86\x8F\xC2\xE5\xFB\xF4C.Wc\xAA\x93\x16\xFD^\xCEe\xCA0\xF1!\xA9\x92='\xCC\x87\x19
..\\..\\Transactions\\common_lib.h(115):     \xED\xAC\xF0\xC9\xE2\x00\xEE#\n
..\\..\\Transactions\\common_lib.h(115):     \xC6K\xE3\x8Ds\x14KU\xC4\x9C\xEA\t\x04\x02,\xF3\x15\x9F\x1D\x96r\x8Cg\x87\xA1\x10\xC05\xF7
..\\..\\Transactions\\common_lib.h(115):     \x81r\xF2\xB1\x9A'\xB4KR\x1D<;\xD6\xE9c\xCF\xA30dw1\xEA\\W\xD0\x03\xFF\xF0\x81\x88b\xB1hr\r
..\\..\\Transactions\\common_lib.h(115):     \xA3S\x167\xD0\x92\xB3V)kN\r+\xCB\x82+\x15y\\c#\xB6\xA9\xD5\x0B\x84Ll\xC7\x17\xFB\x9A>E\xF5
..\\..\\Transactions\\common_lib.h(115):     a4J\xF5\x81\xAC\xDF)\xEC\xA1\x06\xA9\x01uN7W\xA1\x0B\x8F\x0F\xEF\x80\xB9\xF5\x83\rv3{\x9EF
..\\..\\Transactions\\common_lib.h(115):     6>\x99\x14\x1B\xAE\x80u\xC5l-\xCD\x95\x19L<V\xC3\xEAO<Y#\xE7D\x9E\xAC\x81\xD9\xAAh9d\x1B-7
..\\..\\Transactions\\common_lib.h(115):     2\xD0\\\xC0\xCE\xEAj\xB6\x0BD\x0E\xEA^\x87\x955\x1A9\xF6\x037`\xD6\xAE~\x1BV,<y\xFAI\xE6~7
..\\..\\Transactions\\common_lib.h(115):     \x0C\xB9}\x0E{\xE8\x86\xD0\x17\x9F\xBB\xB1xi$;\xAF.7k\xE1=\x8B\xD9s7\xE0\xC7\xF0\xF3\xB7\x9D
..\\..\\Transactions\\common_lib.h(115):     \xD3\rm\xE7\x94\xF4\xA0\x90L?>T\xDA*575f*)U\xD8\x0F\xE9\x7F27lhA\x8E7\x97\xF6\x0F\x10\xE1s
..\\..\\Transactions\\common_lib.h(115):     i\xFF\x0C\x91\xC31\xF6p\x03&\xFB`.\xF2A6\x17?\t\x92M|6Zu\xAD\xF1\x8C\x83&Wf\x97n%>6\xA9\x88
..\\..\\Transactions\\common_lib.h(115):     '\x03\x1F\x99\x84.\\\x87_-\r\xB2\xE2\xDF<`\xC6\xBA\x13\x9D\x14\xB6\xD4\xCB\x82=\r_\xAB\x08
..\\..\\Transactions\\common_lib.h(115):     D\xAAk\xF0\xB3\xEA*\xF8ZM5\x1E\xD6`g\xB1j\x86\xC9\xB5 \xCC\xBD\x1E\x1B\xED\xC5\xE7\xAE\xD5
..\\..\\Transactions\\common_lib.h(115):     \xB2\x14\x0B|\x02m\xD0\xA5\x15\x15\xB2\x15\xC6\x07(Y\xE1\xF0x\x8FV)\xFC\xB7\xA8Fw\x1E\x83)
..\\..\\Transactions\\common_lib.h(115):     \xDA\x13\xF2\x98\\\xD2\x9E\xAE\xAB\xDA\xD35\x02t\r\x06\xDB\x90\xB5\x9B_\xB3\x14\x06\x19\xC7
..\\..\\Transactions\\common_lib.h(115):     \xA8E\x81\xA6\xC6n\xC04\xD8|\x16\xFBh\x95\xFEw\xA9\x9CW\xD8)\xAF\xFD\xDB\xD4<1\xB6<6\x9F\xFE
..\\..\\Transactions\\common_lib.h(115):     ?c{\x1A\x94\x00\x00\x00x\xDAc`d``\x00b\xEFSE\xD3\xE3\xF9m\xBE2\xC8s0\x80\xC0\xB9\x85+xa\xF4
..\\..\\Transactions\\common_lib.h(115):     \xFF\xE4\x7F\x82\xEC\x1A\xEC\x9E@.\x07\x03\x13H\x14\x00?\x8A\x0B)\x00\x00\x00x\xDAc`d`\xE0
..\\..\\Transactions\\common_lib.h(115):     H\xFA\xBB\x16H2\xFCO\xFE\xDF\xCB\xAE\xC1\x00\x14A\x01\xAF\x01\x85\xFC\x06'\x00\x00x\xDAm\x93
..\\..\\Transactions\\common_lib.h(115):     _H\x14Q\x18\xC5\xCF\xFD33\x06\xA1\x0F\x85\x14hP\tA\n
..\\..\\Transactions\\common_lib.h(115):     \x81`f$\xE6\xD2C\x12\x12[\xD6\x86m\xA9\xABa\x85\x96(\x86\xBA\xA4\xADe\xA1\xB4f\xBA,\x82R\x08
..\\..\\Transactions\\common_lib.h(115):     R[k\x10\x81\x88PO>\xEC\xF6R\xE4>\xE4C$\xBD\x14E\x0F\x05QA\xC4tfVc\x0B\x07~\x9C\xEF\xDE\xCB
..\\..\\Transactions\\common_lib.h(115):     \xFD\xEE\x9Dsf\xE4g\x1C\xC8\x02 >\xE1\xEF\xE3\xD4"\x8C1\xB9\x0E]\xFA+*u\x03\xFA\x8C\x1Fh\xD7
..\\..\\Transactions\\common_lib.h(115):     \xCB\xE8\x105\xE8\x92u\x88\xC8\x8B\xC8S'\xB0E\xF7\xA1J\xF4\xA1\x9Ds\xE5b\x0E\x8FT6v\xEA[\xB8
..\\..\\Transactions\\common_lib.h(115):     \xC9=/I\x90\xB4\x92#\xE4)yH\xAAI\x80\xD4\x89\x16\x8C\x92\x0E\x9D\xCF\xF5K\x18\xA3\xB6\xAB\xCB
..\\..\\Transactions\\common_lib.h(115):     \x08X\x17\x10\xD2\tl\xD3)$\x8D]\x181\xF6!\xA9\x87I\x84\xE3^\xC4\x8C;H\xCA\\|\xD1gPol\xE4\xFC
..\\..\\Transactions\\common_lib.h(115):     V$\xCD7\\{@j0\xA0_\xA4\x95\xFB\x16\xD8\xE7\x9CN\xA2\xD48\x86y\xD6\xDB\xAD\n
..\\..\\Transactions\\common_lib.h(115):     \x94SKH\x01\xE7O\xF3\xCE\xB3\xCAD\x99\x98\xB3\x7F*/N\xAAj\xDB\x96\x9B\xD1\xAC\xCB\xE0w\xEF
..\\..\\Transactions\\common_lib.h(115):     \x9B\x83\x06j\x8F\xCE\x82O\x0E\xC0\xC3\xBA\x9B\xCC\x88{\x98\x17\xCF\xECF\xF5<][E\x98r\xE6\x89
..\\..\\Transactions\\common_lib.h(115):     o\xE5={d\x0C3\xEA\x17\xDAd7\xF29\x8E\xA9E\x14\x9A\xD98J-uj\xE2\x93\x11\xFA\x17\xC5,\x15\xC6
..\\..\\Transactions\\common_lib.h(115):     5L\xBA\xDEG\xE9\xC5q\\\xD7\xBD\xA84\xDE\xD2\xF79\xEC\x15\xC3\xEC\x9D@\xB7\x1A\xC2\x84\xD9\x8F
..\\..\\Transactions\\common_lib.h(115):     \xA0\xEAGD\r\xE2\xB6\xAE\xE69\xF4\xDE\x1CB\x87*\x84_\xE5`R\x97\xE0\xA0\xDAA/+\x10\x12\xB6\xEB
..\\..\\Transactions\\common_lib.h(115):     \x7F\\=A\xA3XB\x9C\xFD\xBD\xE25\x0E\xABQ\xEE\x0F\xE1\x8A\xF1\x1Ba\xE3>\xC2f'\xA6\xD4\x08\xCE
..\\..\\Transactions\\common_lib.h(115):     \xBA\xBE\xAF\x81\xB5\t\xC5N\x16n\x0E\x190\x87\xF5$E6\xC8\\\xFB\xBDQ\x8B\xDA\xD5\x1C\xFEG\xE7
..\\..\\Transactions\\common_lib.h(115):     !\xE0\xD6\xCC"\x137\x8B\x05\xF6\xBB\x8Bi\xD7\xF750\x138\xE5f\xC1\x1C2\x11Q\xFB\x15\xFD\x1A
..\\..\\Transactions\\common_lib.h(115):     \xA7.\x918{\x043r\xF8\x97\x1B\xA8Z\xA9c\x998Y8\x999jy\xD1f\x85x&\xEF\xA4\xF20\xAE\x8AqHM\x03
..\\..\\Transactions\\common_lib.h(115):     V\x15\xB0\xAA\xB2\x95\x19-\x92\xDDi\xF0\x91\xDAIm\xE6\x1A\xB3X\x85yN\x99\x83\xB8*\xF6\xA3\xC9
..\\..\\Transactions\\common_lib.h(115):     \xA5\x88|#\xDF\xC9;4\xC9 &\xF4\x07\xA4\x9C\xBD\xD2\x8F\x16r\xDE\xE9\xAB\x0B\xF8?,\xA3V\xEF
..\\..\\Transactions\\common_lib.h(115):     a]\xC8o\x8E\x98\x8F\xE1\x81\xE7\x0F\x88\xE5\xDCb\x00\x00\x00x\xDAc``\xD0A\x82q\x0C\x0B\x18
..\\..\\Transactions\\common_lib.h(115):     \x9B\x98\x84\x98\xD61\xFB1\x971/b>\xC7\xC2\xC0\xE2\xC4\x92\xC6\xD2\xC2\xB2\x82\xE5\x08\xAB
..\\..\\Transactions\\common_lib.h(115):     \x10k\x00\xEB:6\x03\xB6\x1A\xB6o\xEC)\xECs8\x948&p\xEC\xE1x\xC7\xC9\xC6\xA9\xC1\xE9\xC0\xB9
..\\..\\Transactions\\common_lib.h(115):     \x8C+\x8Dk\x0E7\x13w\x02\xF7<\xEE[<\x02<-<{xn\xF1J\xF1F\xF0\xD6\xF1\x1E\xE2\xFD\xC7\x17\xC2
..\\..\\Transactions\\common_lib.h(115):     7\x83\xEF\x1F\x7F\n
..\\..\\Transactions\\common_lib.h(115):     \xFF-\x01.\x017\x81<A\x19A?\xC1\x06\xC1u\x827\x04\xBF\x08\xC9\t\xB9\x08\xC5\t5\x08\x9B\x08
..\\..\\Transactions\\common_lib.h(115):     O\x11\xFE \x12$\xB2E\x94M\xB4J\xF4\x90\xE8\x1B\xB1\x04\xB1Eb{\xC4\xB5\xC4\xF3\xC4\xF7H\xC8
..\\..\\Transactions\\common_lib.h(115):     HTIl\x904\x92l\x92<!\xF9I\xEA\x88\xD47i#\xE9\x04\xE9=\xD27dLd\xDA\x80p\x8B\xAC\x86\xEC"9-\xB9
..\\..\\Transactions\\common_lib.h(115):     Ir;\xE4c\xE4'(\xE8)lPx\xA2\xC8\xA3\xA8\xA5\xF8L\x89C)@i\x8E\xD2\x0F\xE5*\xE5E\xCA\xBFT\xF4
..\\..\\Transactions\\common_lib.h(115):     T\xFCT\x9ATv\xA92\xA8\x9A\xA9\x9ES+RwP_\xA5\xFEJCK#O\xE3\x8E\xA6\x85\xE6*-!\xAD\x19Z\xF7\xB4
..\\..\\Transactions\\common_lib.h(115):     U\xB4s\xB4Oi\x7F\xD1\x91\xD3\xF1\xD1\xE9\xD2y\xA5\x1B\xA7\xBBOOA\xAFE\x9FG\xBFE\x7F\x83\x81
..\\..\\Transactions\\common_lib.h(115):     \x91A\x95\xC1!C\x1E\xC3,\xC3\x15\x86\x9F\x8CR\x8C\x15\x8C\xEF\x98\xCC2m2\x8B0w3\xFFeQc\xF1
..\\..\\Transactions\\common_lib.h(115):     \xC22\xCC\xF2\x98U\x80U\x95\xD5\x12\xABK\xD6\x02\xD6-\xD6\xBFl\x82l\xD6\xD8r\xD8\xF6\xD8\xFE
..\\..\\Transactions\\common_lib.h(115):     \xB33\xB0[e\xF7\xC7\xDE\xCF~\x91\x03\x97C\x80\xC3\x1AG>\xC7\x0E'+\xA7>\xA7\x1DN\xBF\xB0Cg\x0E
..\\..\\Transactions\\common_lib.h(115):     g1g\x15g\x1B\xE7\x10\xE7\n
..\\..\\Transactions\\common_lib.h(115):     \xE79\xCEG\\\x18\\l\\\xEA\\\xD6\xB9\xBCqy\xE3*\xE0j\x06\x84\xEF\xDC\x02\xDCb\xDC\x8E\xB9\xEB
..\\..\\Transactions\\common_lib.h(115):     \xB8\xDF\xF0h\x00\x00:\x82\x98@\x00\x00\x00\x00\x01\x00\x00\x00\xEC\x00F\x00\x05\x00\x00\x00
..\\..\\Transactions\\common_lib.h(115):     \x00\x00\x02\x00\x01\x00\x02\x00\x16\x00\x00\x01\x00\x01Q\x00\x00\x00\x00x\xDA]R\xEDN\x13Q
..\\..\\Transactions\\common_lib.h(115):     \x10=w) \xB1\x185D\x82\x1F\xC9\r?\x08&v)HU41\x1A\x95\xC6\x84@R\x1B\x89\x91\x84l\xCB\x966\xC2
..\\..\\Transactions\\common_lib.h(115):     \xAE\xB9\xDD\xF2\xF1\xAB\x8F\xE0#\xF8\x12>\x84>\x93\x7F<wv\x16\xBA\xEE\xCD\x9D93sg\xE6\xDC
..\\..\\Transactions\\common_lib.h(115):     \xB9\x0B`\xD1\xDC\x87\x81\xFF&e :\xC7S\x82r\\\xC1\x83+<C\xFD\x90QS\x99\xA3\xF5\x1A\x8F\x14
..\\..\\Transactions\\common_lib.h(115):     \x1B\x9E\xFA\xAA8`\xE4P\xF1\xD4\x04\xAEp\x15x\x1A\xBF\xD0U<\x83\xC0,*\x9E\xC5\x1B\xB3\xA4x
..\\..\\Transactions\\common_lib.h(115):     \x0EU\xF3E\xF1M,\x98Xq\x15+\xE6R\xF1<\x0E\xCCO\xC5\xB7\xD06\x7F\x15\xDFF5\xD8S|\x077\x82\x82
..\\..\\Transactions\\common_lib.h(115):     \xDB]\xDC\x0B\x8A\xBE\xBF\x89\x8B:\x7FP\x0F~\x8C[i'\xCDR\xDB\xEE\x0F\x12\xDB\x8A\x8FG'\x91
..\\..\\Transactions\\common_lib.h(115):     \xB3\xFBq\xA7\x97&\xD9\x18\xDBH\x91 \x83\xC5\x11"\xEA\x88\xA8K\xDFw\\\xC2a\x80c\xF4%\xDA\xA4
..\\..\\Transactions\\common_lib.h(115):     /\xA5u\x82\x98\xD6\x06\xEAX\xA7\x0C1\x96\xFD\x99^\x87!\xCF\xFBj\x96\xB1\x90\xBB.\xA76\xB9_
..\\..\\Transactions\\common_lib.h(115):     ]\xE5<\x15\x9Cq\xF5\xD8kD\x9D\xB2\xC3@9\xAC\xE2\x8C\xA7Bl1+\x94\xDC\x1A\xD9lI\xE6c\xC6k\xEC
..\\..\\Transactions\\common_lib.h(115):     o\xF1B\x90\xA3l0\xE2qS\xEB\xE7\xD6\x850\xD8\x14|N\xB9L\xDEM\xBC\xA7\xB6R\xCF\xCB\x1EY\xB7\xD8
..\\..\\Transactions\\common_lib.h(115):     \xBB\xC3\xED9Xr\x18RF\xC2\xCEQ\x1F\xF1N\xA7\xD4\x0E\xDF\xE8K\x99Q\x9EBX\xB2\xCA\x11?\xC1S\xBC
..\\..\\Transactions\\common_lib.h(115):     \xE3\xCD\x9C\xD4\xCD(#\x99L\xDE\xD3O+\xA3\xDFOk\x87\xB1.=\t\xED\x98]-\xA7\x92Hw'\\\xFA2\xF1
..\\..\\Transactions\\common_lib.h(115):     \xB7|\x91\x88\xE7r\xAB\x9C\xF3\x84\x9E\xFF_\xC0\xBFM]\xDE.c\xE6K\xACq\x9D\xCB\n
..\\..\\Transactions\\common_lib.h(115):     Y\xE7\xBAV\xC8\xF3\x8E\xBC\xD7\xC8|\xB2\xE6\x90\x9E\x1D|\xE4\x1D>`\x17\x9F(kZsrjm}\xBB\xF2
..\\..\\Transactions\\common_lib.h(115):     $\x0B\xEF>\xEBt8\xB7\xE2\x0F[\x97|\x1F\x1D\xD1\xDA\xA5\xFF\x8C\xDA\xE2\xB9\xC4\x1Ad\xB9\x81
..\\..\\Transactions\\common_lib.h(115):     g\x94\ry;\xFD_\xFE\x01\x81\x0B\x84Q\x00x\xDAm\xD1GlSA\x10\x80\xE1\x7F\x12\xC7N\x9C\xDE{\xA3
..\\..\\Transactions\\common_lib.h(115):     w\xDE{\xB6S\xE86\xB1\xE9\xBDw\x02Il\x87\x90\x04\x07\x03\xA1#z\x15\x08\x89\x1B\x88v\x01D\xAF
..\\..\\Transactions\\common_lib.h(115):     \x02\x01\x07@\xF4&\x8A\x80\x03g\xBA8\x00W0y\xCB\x8D\xB9|\x9A\x9D\x9D\xD1h\x97(\xDA\xE2w=5\xFC
..\\..\\Transactions\\common_lib.h(115):     /\xBE\x80DI\xB4X$\x86h,\xC4`\xC5F,q\xD8\x89'\x81D\x92H&\x85T\xD2H'\x83L\xB2\xC8&\x87\\\xF2
..\\..\\Transactions\\common_lib.h(115):     \xC8\xA7\x80B\x8A(\xA6\x84R\xDA\xD1\x9E\x0Et\xA4\x13\x9D\xE9BW\xBA\xD1\x9D\x1E\xF4\xA4\x17
..\\..\\Transactions\\common_lib.h(115):     \xBD\xD1\xD01p\xE0\xC4E\x19\xE5TPI\x1F\xFA\xD2\x8F\xFE\x0C` \x83p\xE3a0Ux\xF11\x84\xA1\x0C
..\\..\\Transactions\\common_lib.h(115):     c8#\x18\xC9(F3\x86\xB1\x8Cc<\x13\x98\xC8$&3\x85\xA9Lc:3\x98\xC9,f3\x87\xB9T\x8B\x95#l`#\xD7
..\\..\\Transactions\\common_lib.h(115):     \xD9\xC7\x076\xB1\x8B\xED\xEC\xE7\x18G\xC5\xC66\xDE\xB1\x9E\xBD\x12+q\xEC\x14;[\xB8\xC5{\x89
..\\..\\Transactions\\common_lib.h(115):     \xE7\x00\xC7\xF9\xC9\x0F~q\x98\x93\xDC\xE7.\xA7\x98\xC7|vG^\xEB!\xB5\xDC\xE3\x01Oy\xC4c\x9E
..\\..\\Transactions\\common_lib.h(115):     \xF0\x91:^\xF0\x8C\xE7\x9C\xC6\xCFw\xF6\xF0\x9A\x97\xBC"\xC0g\xBE\xB2\x95z\x82,`!\r4r\x90&
..\\..\\Transactions\\common_lib.h(115):     \x16\xD1L\x88\x16\xC2,f\tK\xF9\xC42\x96\xD3\xCA\n
..\\..\\Transactions\\common_lib.h(115):     V\xB1\x92+\x1Cb\r\xABY\xCB\xBA\xC8\x1F|\xE3*g8\xCB5\xDE\xF0V\x12$Q\x92$YR$U\xD2$]2$S\xB2$[
..\\..\\Transactions\\common_lib.h(115):     r$\x97s\x9C\xE7\x12\x97\xB9\xCD\x05.r\x87\xCD\x9C\x90<npS\xF2\xA5\x80\x1DR(ER,%Rj\xF57\xB4
..\\..\\Transactions\\common_lib.h(115):     6\x07t[\xB81\xA8iZ\x95\xD2PV\x9A\xBA5\xA5\xAA{T\xDD\xE3P\xBA\x94m\xF7\x8DH\xA3RW\x1AJ\x87\xD2
..\\..\\Transactions\\common_lib.h(115):     \xA9t)\xCB\x94\xE5\xCA\n
..\\..\\Transactions\\common_lib.h(115):     \xE5\xBFynS]\xCD\xD5u{]\xD0\x1F\x0E\xD5\xD6T\xB7\x04\xCC#\xC3g\xEA\xF2Y\xBC\xE1P\xD3\xDF\xC4
..\\..\\Transactions\\common_lib.h(115):     \xAB\xF6\xF0y\xCC="\x1AJ\x87\xD2\xF9\x07g\xEF\xA3?x\xDAE\xCC;\x0E\x82@\x18\x04\xE0}\xC0\xF2
..\\..\\Transactions\\common_lib.h(115):     ~)\xAD\x8A\x85\xD5^\xC0\x03\x08\r\x8D\xB1b\x13\xCFam\x8C\x16\xC6ha\xE2=\xFE\xB52^N\x7F\x04
..\\..\\Transactions\\common_lib.h(115):     \xD6n\xBE\xC9d^\xF4s\x02z%5\xB8\xEBFSzS\xBA\x12\xB2\x99C\xAAj\xC87\x18\xF6j\x02Bn\x1B\x02\xBC
..\\..\\Transactions\\common_lib.h(115):     (\x81\xCB\x15XE\xF9&\xDC\x1A\x13&\x7F\xB6;/\x07\x8B\xD66[\x0Cv\x8A\xF2)f=\\\x843\xED@\xC1\xEB
..\\..\\Transactions\\common_lib.h(115):     /}l\xBD\x03\x93\x9AW;d\x80\xF4\xFF\x0C\xDB\xC3\x80Ib\x9A\x08\x07\xE1\xC30FFw\xC3\x04\x19_\x0C
..\\..\\Transactions\\common_lib.h(115):     Sdr6\xCC\x90\xE9\xD1p\x84\xCC\x0C\x15\xE4\xF2\x0BL\xE8L\xA0\x00\x00\x00\x01R{\xF7\x8E\x00\x00
..\\..\\Transactions\\common_lib.h(115): t=2697756ms: Request done "https://www.advantageonlineshopping.com/css/fonts/roboto_thin_macroman/Roboto-Thin-webfont.woff"  	[MsgId: MMSG-26000]
..\\..\\Transactions\\common_lib.h(115): t=2697756ms: 386-byte response headers for "https://www.advantageonlineshopping.com/css/images/chat_logo.png" (RelFrameId=, Internal ID=440)
..\\..\\Transactions\\common_lib.h(115):     HTTP/2.0 200\r\n
..\\..\\Transactions\\common_lib.h(115):     Status: 200\r\n
..\\..\\Transactions\\common_lib.h(115):     server: nginx/1.18.0 (Ubuntu)\r\n
..\\..\\Transactions\\common_lib.h(115):     date: Mon, 18 Nov 2024 01:51:19 GMT\r\n
..\\..\\Transactions\\common_lib.h(115):     content-type: image/png\r\n
..\\..\\Transactions\\common_lib.h(115):     content-length: 3003\r\n
..\\..\\Transactions\\common_lib.h(115):     accept-ranges: bytes\r\n
..\\..\\Transactions\\common_lib.h(115):     etag: W/"3003-1723632370000"\r\n
..\\..\\Transactions\\common_lib.h(115):     last-modified: Wed, 14 Aug 2024 10:46:10 GMT\r\n
..\\..\\Transactions\\common_lib.h(115):     cache-control: max-age=864000\r\n
..\\..\\Transactions\\common_lib.h(115):     expires: Thu, 28 Nov 2024 01:51:19 GMT\r\n
..\\..\\Transactions\\common_lib.h(115):     strict-transport-security: max-age=31536000; includeSubDomains; preload\r\n
..\\..\\Transactions\\common_lib.h(115):     \r\n
..\\..\\Transactions\\common_lib.h(115): t=2697757ms: 3003-byte response body for "https://www.advantageonlineshopping.com/css/images/chat_logo.png" (RelFrameId=, Internal ID=440)
..\\..\\Transactions\\common_lib.h(115): t=2697757ms: Request done "https://www.advantageonlineshopping.com/css/images/chat_logo.png"  	[MsgId: MMSG-26000]
..\\..\\Transactions\\common_lib.h(115): web_url("home-page.html") highest severity level was "warning", 56011 body bytes, 2201 header bytes  	[MsgId: MMSG-26388]
..\\..\\Transactions\\common_lib.h(126): Notify: Parameter Substitution: parameter "categoryId_count" =  "5"	[MsgId: MMSG-13992]
..\\..\\Transactions\\common_lib.h(126): Notify: Parameter Substitution: parameter "categoryId_5" =  "5"	[MsgId: MMSG-13992]
..\\..\\Transactions\\common_lib.h(126): Notify: Saving Parameter "randomCategory = 5".	[MsgId: MMSG-13798]
..\\..\\Transactions\\common_lib.h(128): Notify: Transaction "Go_To_HomePage" ended with a "Pass" status (Duration: 10,8126 Wasted Time: 0,0039).	[MsgId: MMSG-16871]
..\\..\\Transactions\\common_lib.h(129): lr_think_time: 5,00 seconds.	[MsgId: MMSG-15948]
..\\..\\Transactions\\common_lib.h(129): Notify: Transaction "US5_RegistrtionRandomUser" ended with a "Stop" status (Duration: 10,8129 Wasted Time: 0,0039).	[MsgId: MMSG-16871]
Abort was called from an action.	[MsgId: MMSG-10447]
Ending Vuser...	[MsgId: MMSG-15966]
Starting action vuser_end.	[MsgId: MMSG-15919]
Ending action vuser_end.	[MsgId: MMSG-15918]
Vuser Terminated.	[MsgId: MMSG-15963]
..\\..\\Transactions\\common_lib.h(129): t=2697759ms: Closed connection [0] to www.advantageonlineshopping.com:443 after completing 0 request(s)  	[MsgId: MMSG-26000]
..\\..\\Transactions\\common_lib.h(129): t=2697760ms: Closed connection [1] to www.googletagmanager.com:443 after completing 0 request(s)  	[MsgId: MMSG-26000]
HTML-Mode memory management statistics: Reusable=1, NonReusable=0, CsMemBlockSize=4096, checks disabled  	[MsgId: MMSG-26000]
Vuser 4 (thread 2988), ended OK."	[MsgId: MMSG-10695]
